JobID:         12923835
JobName:       submit.sh
Partition:     beartooth-hugemem
Nodes:         1
NodeList:      b523
Tasks per Node:1
CPUs per Node: 1
CPUs per Task: 
CPUs on Node:  1
WorkingDir:    /pfs/tc1/home/agaru/cvf-analysis/cvf-python
Loading Modules...
Running the script...
{'A': {'D'}, 'B': {'E', 'D'}, 'C': {'E', 'D'}, 'D': {'B', 'E', 'C', 'A'}, 'E': {'B', 'C', 'D'}}
Degree of all nodes (starting from 0):
{'A': 4, 'B': 4, 'C': 4, 'D': 4, 'E': 4}
No. of Configurations: 3125
Invariants and Count of Invariants:
720
Unranked states for Program transitions: 2405
Took 0.36539435386657715 (seconds).
Done!
