JobID:         12923845
JobName:       submit.sh
Partition:     beartooth-hugemem
Nodes:         1
NodeList:      b523
Tasks per Node:1
CPUs per Node: 1
CPUs per Task: 
CPUs on Node:  1
WorkingDir:    /pfs/tc1/home/agaru/cvf-analysis/cvf-python
Loading Modules...
Running the script...
{'A': {'E', 'D', 'G'}, 'B': {'E', 'F', 'D'}, 'C': {'D'}, 'D': {'A', 'F', 'B', 'H', 'G', 'C', 'E'}, 'E': {'A', 'F', 'B', 'H', 'G', 'D'}, 'F': {'E', 'D', 'B'}, 'G': {'E', 'A', 'D', 'H'}, 'H': {'E', 'D', 'G'}}
Degree of all nodes (starting from 0):
{'A': 7, 'B': 7, 'C': 7, 'D': 7, 'E': 7, 'F': 7, 'G': 7, 'H': 7}
No. of Configurations: 16777216
Invariants and Count of Invariants:
1764000
Unranked states for Program transitions: 15013216
Took 6315.991169929504 (seconds).
Done!
