JobID:         12927859
JobName:       submit.sh
Partition:     beartooth-hugemem
Nodes:         1
NodeList:      b523
Tasks per Node:1
CPUs per Node: 1
CPUs per Task: 
CPUs on Node:  1
WorkingDir:    /pfs/tc1/home/agaru/cvf-analysis/cvf-python
Loading Modules...
Running the script...
{'A': {'E', 'K', 'I', 'J', 'G', 'D', 'H', 'F'}, 'B': {'D'}, 'C': {'D', 'E'}, 'D': {'B', 'L', 'C', 'E', 'K', 'J', 'H', 'F', 'A'}, 'E': {'C', 'K', 'I', 'J', 'G', 'D', 'H', 'F', 'A'}, 'F': {'G', 'D', 'E', 'A'}, 'G': {'E', 'A', 'F'}, 'H': {'D', 'E', 'A', 'I'}, 'I': {'H', 'E', 'A'}, 'J': {'L', 'D', 'E', 'A'}, 'K': {'D', 'E', 'A'}, 'L': {'D', 'J'}}
Degree of all nodes (starting from 0):
{'A': 9, 'B': 9, 'C': 9, 'D': 9, 'E': 9, 'F': 9, 'G': 9, 'H': 9, 'I': 9, 'J': 9, 'K': 9, 'L': 9}
Traceback (most recent call last):
  File "/pfs/tc1/home/agaru/cvf-analysis/cvf-python/coloring/graph_coloring_cvf.py", line 52, in <module>
    configurations.add(tuple(cc))
MemoryError
Done!
