+ cd simulations
+ PROGRAM=dijkstra_token_ring
+ GRAPH=implicit_graph_n10
+ NO_SIMS=100000
+ FAULT_INTERVAL=2
+ LIMIT_STEPS=1000
+ SIMULATION_TYPES=("controlled_at_node_amit_v2")
+ for simType in "${SIMULATION_TYPES[@]}"
+ python simulate.py --program dijkstra_token_ring --sched 0 --no-sim 100000 --fault-interval 2 --graph-names implicit_graph_n10 --fault-prob 1.0 --simulation-type controlled_at_node_amit_v2 --controlled-at-node 0 --limit-steps 1000
Note: NumExpr detected 48 cores but "NUMEXPR_MAX_THREADS" not set, so enforcing safe limit of 16.
NumExpr defaulting to 16 threads.
Locating Graph: "implicit_graph_n10".
Analysis graph: implicit_graph_n10 | program: dijkstra_token_ring | Simulation Type: controlled_at_node_amit_v2, Args: [0] | No. of Simulations: 100000 | Scheduler: 0 | Mutual Exclusion: False | Fault Interval: 2
Total configs: 59,049.
Simulation environment: No. of Simulations: 100000 | Scheduler: CENTRAL | ME: False
Time taken: 75.6243s, Running simulation round: 50000
Time taken: 75.7055s, Running simulation round: 100000

Saving result at results/dijkstra_token_ring/implicit_graph_n10__0__controlled_at_node_amit_v2_args_0__100000__False__2__limits_1000.csv
+ python simulate.py --program dijkstra_token_ring --sched 0 --no-sim 100000 --fault-interval 2 --graph-names implicit_graph_n10 --fault-prob 1.0 --simulation-type controlled_at_node_amit_v2 --controlled-at-node 1 --limit-steps 1000
Note: NumExpr detected 48 cores but "NUMEXPR_MAX_THREADS" not set, so enforcing safe limit of 16.
NumExpr defaulting to 16 threads.
Locating Graph: "implicit_graph_n10".
Analysis graph: implicit_graph_n10 | program: dijkstra_token_ring | Simulation Type: controlled_at_node_amit_v2, Args: [1] | No. of Simulations: 100000 | Scheduler: 0 | Mutual Exclusion: False | Fault Interval: 2
Total configs: 59,049.
Simulation environment: No. of Simulations: 100000 | Scheduler: CENTRAL | ME: False
Time taken: 90.0115s, Running simulation round: 50000
Time taken: 89.9342s, Running simulation round: 100000

Saving result at results/dijkstra_token_ring/implicit_graph_n10__0__controlled_at_node_amit_v2_args_1__100000__False__2__limits_1000.csv
+ python simulate.py --program dijkstra_token_ring --sched 0 --no-sim 100000 --fault-interval 2 --graph-names implicit_graph_n10 --fault-prob 1.0 --simulation-type controlled_at_node_amit_v2 --controlled-at-node 9 --limit-steps 1000
Note: NumExpr detected 48 cores but "NUMEXPR_MAX_THREADS" not set, so enforcing safe limit of 16.
NumExpr defaulting to 16 threads.
Locating Graph: "implicit_graph_n10".
Analysis graph: implicit_graph_n10 | program: dijkstra_token_ring | Simulation Type: controlled_at_node_amit_v2, Args: [9] | No. of Simulations: 100000 | Scheduler: 0 | Mutual Exclusion: False | Fault Interval: 2
Total configs: 59,049.
Simulation environment: No. of Simulations: 100000 | Scheduler: CENTRAL | ME: False
Time taken: 62.8133s, Running simulation round: 50000
Time taken: 62.6031s, Running simulation round: 100000

Saving result at results/dijkstra_token_ring/implicit_graph_n10__0__controlled_at_node_amit_v2_args_9__100000__False__2__limits_1000.csv
