Timestamp: 1750176506.521397 | Program: maximal_matching | Training with Graphs: graph_random_regular_graph_n7_d4 | Batch size: 256 | Epochs: 15 | Hidden size: 32 | Num layers: 2.


Train dataset size: 9,800,000, Subset size: 200,000 | Test dataset size: 200,000


Model SimpleLSTM(
  (lstm): GRU(3, 32, num_layers=2, batch_first=True)
  (norm): LayerNorm((32,), eps=1e-05, elementwise_affine=True)
  (h2o): Linear(in_features=32, out_features=1, bias=True)
)
Total parameters: 9,985


Training set | Epoch 1 | MSE Loss: 22.2115 | Time taken: 241.0813s
Training set | Epoch 2 | MSE Loss: 3.8797 | Time taken: 241.0664s
Training set | Epoch 3 | MSE Loss: 2.0628 | Time taken: 243.591s
Training set | Epoch 4 | MSE Loss: 2.0109 | Time taken: 241.0204s
Training set | Epoch 5 | MSE Loss: 1.5153 | Time taken: 240.6725s
Training set | Epoch 6 | MSE Loss: 1.0038 | Time taken: 240.7058s
Training set | Epoch 7 | MSE Loss: 0.7867 | Time taken: 240.4471s
Training set | Epoch 8 | MSE Loss: 0.7188 | Time taken: 240.5723s
Training set | Epoch 9 | MSE Loss: 2.4711 | Time taken: 241.1334s
Training set | Epoch 10 | MSE Loss: 0.7041 | Time taken: 242.599s
Training set | Epoch 11 | MSE Loss: 0.861 | Time taken: 242.9298s
Training set | Epoch 12 | MSE Loss: 0.5299 | Time taken: 242.4902s
Training set | Epoch 13 | MSE Loss: 0.511 | Time taken: 242.604s
Training set | Epoch 14 | MSE Loss: 0.4958 | Time taken: 241.6735s
Training set | Epoch 15 | MSE Loss: 2.0889 | Time taken: 240.5636s


End Training | Total training time taken 3623.1612s


Saving model trained_models/lstm_trained_at_2025_06_17_11_09.pt


Testing model...
Test set | MSE loss: 0.7359 | Total matched: 94,929 out of 200,000 (Accuracy: 47.46%)
