+ cd simulations
+ python simulate.py --program graph_coloring --sched 0 --no-sim 500000 --fault-interval 1 --graph-names graph_7 --fault-prob 1.0 --simulation-type controlled_at_node_duong --controlled-at-node 0
Note: NumExpr detected 48 cores but "NUMEXPR_MAX_THREADS" not set, so enforcing safe limit of 16.
NumExpr defaulting to 16 threads.
Locating Graph: "graph_7".
Analysis graph: graph_7 | program: graph_coloring | Simulation Type: controlled_at_node_duong, Args: [0] | No. of Simulations: 500000 | Scheduler: 0 | Mutual Exclusion: False | Fault Interval: 1
Total configs: 11,520.
Simulation environment: No. of Simulations: 500000 | Scheduler: CENTRAL | ME: False
Time taken: 7.356s, Running simulation round: 50000
Time taken: 7.3633s, Running simulation round: 100000
Time taken: 7.3391s, Running simulation round: 150000
Time taken: 7.3433s, Running simulation round: 200000
Time taken: 7.3132s, Running simulation round: 250000
Time taken: 7.3243s, Running simulation round: 300000
Time taken: 7.3148s, Running simulation round: 350000
Time taken: 7.3127s, Running simulation round: 400000
Time taken: 7.3345s, Running simulation round: 450000
Time taken: 7.3158s, Running simulation round: 500000

Saving result at results/coloring/graph_7__0__controlled_at_node_duong_args_0__500000__False__1.csv
+ python simulate.py --program graph_coloring --sched 0 --no-sim 500000 --fault-interval 1 --graph-names graph_7 --fault-prob 1.0 --simulation-type controlled_at_node_duong --controlled-at-node 2
Note: NumExpr detected 48 cores but "NUMEXPR_MAX_THREADS" not set, so enforcing safe limit of 16.
NumExpr defaulting to 16 threads.
Locating Graph: "graph_7".
Analysis graph: graph_7 | program: graph_coloring | Simulation Type: controlled_at_node_duong, Args: [2] | No. of Simulations: 500000 | Scheduler: 0 | Mutual Exclusion: False | Fault Interval: 1
Total configs: 11,520.
Simulation environment: No. of Simulations: 500000 | Scheduler: CENTRAL | ME: False
Time taken: 7.2772s, Running simulation round: 50000
Time taken: 7.262s, Running simulation round: 100000
Time taken: 7.2697s, Running simulation round: 150000
Time taken: 7.3062s, Running simulation round: 200000
Time taken: 7.2926s, Running simulation round: 250000
Time taken: 7.3065s, Running simulation round: 300000
Time taken: 7.3165s, Running simulation round: 350000
Time taken: 7.3092s, Running simulation round: 400000
Time taken: 7.324s, Running simulation round: 450000
Time taken: 7.2797s, Running simulation round: 500000

Saving result at results/coloring/graph_7__0__controlled_at_node_duong_args_2__500000__False__1.csv
+ python simulate.py --program graph_coloring --sched 0 --no-sim 500000 --fault-interval 1 --graph-names graph_7 --fault-prob 1.0 --simulation-type controlled_at_node_duong --controlled-at-node 5
Note: NumExpr detected 48 cores but "NUMEXPR_MAX_THREADS" not set, so enforcing safe limit of 16.
NumExpr defaulting to 16 threads.
Locating Graph: "graph_7".
Analysis graph: graph_7 | program: graph_coloring | Simulation Type: controlled_at_node_duong, Args: [5] | No. of Simulations: 500000 | Scheduler: 0 | Mutual Exclusion: False | Fault Interval: 1
Total configs: 11,520.
Simulation environment: No. of Simulations: 500000 | Scheduler: CENTRAL | ME: False
Time taken: 7.3268s, Running simulation round: 50000
Time taken: 7.2999s, Running simulation round: 100000
Time taken: 7.3047s, Running simulation round: 150000
Time taken: 7.3684s, Running simulation round: 200000
Time taken: 7.3676s, Running simulation round: 250000
Time taken: 7.3713s, Running simulation round: 300000
Time taken: 7.3638s, Running simulation round: 350000
Time taken: 7.349s, Running simulation round: 400000
Time taken: 7.4194s, Running simulation round: 450000
Time taken: 7.4002s, Running simulation round: 500000

Saving result at results/coloring/graph_7__0__controlled_at_node_duong_args_5__500000__False__1.csv
