+ cd simulations
+ python simulate.py --program maximal_matching --no-sim 10000 --fault-interval 2 --graph-names graph_10 --fault-prob 1.0 --simulation-type controlled_at_node_amit_v2 --controlled-at-nodes 0 1 --node-sel-strategy random --limit-steps 100
Locating Graph: "graph_10".
Analysis graph: graph_10 | program: maximal_matching | Simulation Type: controlled_at_node_amit_v2, Args: {'controlled_at_nodes': [0, 1], 'node_sel_strategy': 'random'} | No. of Simulations: 10000 | Scheduler: 0 | Mutual Exclusion: False | Fault Interval: 2
Total configs: 65,536,000.
Simulation environment: No. of Simulations: 10000 | Scheduler: CENTRAL | ME: False

Saving result at results/maximal_matching/graph_10__controlled_at_node_amit_v2__ARGS_controlled_at_nodes-0_1--node_sel_strategy-random__N10000__FI2__limits_100.csv
+ python simulate.py --program maximal_matching --no-sim 10000 --fault-interval 2 --graph-names graph_10 --fault-prob 1.0 --simulation-type controlled_at_node_amit_v2 --controlled-at-nodes 0 1 --node-sel-strategy round-robin --limit-steps 100
Locating Graph: "graph_10".
Analysis graph: graph_10 | program: maximal_matching | Simulation Type: controlled_at_node_amit_v2, Args: {'controlled_at_nodes': [0, 1], 'node_sel_strategy': 'round-robin'} | No. of Simulations: 10000 | Scheduler: 0 | Mutual Exclusion: False | Fault Interval: 2
Total configs: 65,536,000.
Simulation environment: No. of Simulations: 10000 | Scheduler: CENTRAL | ME: False

Saving result at results/maximal_matching/graph_10__controlled_at_node_amit_v2__ARGS_controlled_at_nodes-0_1--node_sel_strategy-round-robin__N10000__FI2__limits_100.csv
+ python simulate.py --program maximal_matching --no-sim 100000 --fault-interval 2 --graph-names graph_10 --fault-prob 1.0 --simulation-type controlled_at_node_amit_v2 --controlled-at-nodes 0 1 --node-sel-strategy reduced-wt --limit-steps 100
Locating Graph: "graph_10".
Analysis graph: graph_10 | program: maximal_matching | Simulation Type: controlled_at_node_amit_v2, Args: {'controlled_at_nodes': [0, 1], 'node_sel_strategy': 'reduced-wt'} | No. of Simulations: 100000 | Scheduler: 0 | Mutual Exclusion: False | Fault Interval: 2
Total configs: 65,536,000.
Simulation environment: No. of Simulations: 100000 | Scheduler: CENTRAL | ME: False
Time taken: 292.0575s, Running simulation round: 50000
Time taken: 292.7851s, Running simulation round: 100000

Saving result at results/maximal_matching/graph_10__controlled_at_node_amit_v2__ARGS_controlled_at_nodes-0_1--node_sel_strategy-reduced-wt__N100000__FI2__limits_100.csv
+ python simulate.py --program maximal_matching --no-sim 10000 --fault-interval 2 --graph-names graph_10 --fault-prob 1.0 --simulation-type controlled_at_node_amit_v2 --controlled-at-nodes 0 4 --node-sel-strategy random --limit-steps 100
Locating Graph: "graph_10".
Analysis graph: graph_10 | program: maximal_matching | Simulation Type: controlled_at_node_amit_v2, Args: {'controlled_at_nodes': [0, 4], 'node_sel_strategy': 'random'} | No. of Simulations: 10000 | Scheduler: 0 | Mutual Exclusion: False | Fault Interval: 2
Total configs: 65,536,000.
Simulation environment: No. of Simulations: 10000 | Scheduler: CENTRAL | ME: False

Saving result at results/maximal_matching/graph_10__controlled_at_node_amit_v2__ARGS_controlled_at_nodes-0_4--node_sel_strategy-random__N10000__FI2__limits_100.csv
+ python simulate.py --program maximal_matching --no-sim 10000 --fault-interval 2 --graph-names graph_10 --fault-prob 1.0 --simulation-type controlled_at_node_amit_v2 --controlled-at-nodes 0 4 --node-sel-strategy round-robin --limit-steps 100
Locating Graph: "graph_10".
Analysis graph: graph_10 | program: maximal_matching | Simulation Type: controlled_at_node_amit_v2, Args: {'controlled_at_nodes': [0, 4], 'node_sel_strategy': 'round-robin'} | No. of Simulations: 10000 | Scheduler: 0 | Mutual Exclusion: False | Fault Interval: 2
Total configs: 65,536,000.
Simulation environment: No. of Simulations: 10000 | Scheduler: CENTRAL | ME: False

Saving result at results/maximal_matching/graph_10__controlled_at_node_amit_v2__ARGS_controlled_at_nodes-0_4--node_sel_strategy-round-robin__N10000__FI2__limits_100.csv
+ python simulate.py --program maximal_matching --no-sim 10000 --fault-interval 2 --graph-names graph_10 --fault-prob 1.0 --simulation-type controlled_at_node_amit_v2 --controlled-at-nodes 0 4 --node-sel-strategy reduced-wt --limit-steps 100
Locating Graph: "graph_10".
Analysis graph: graph_10 | program: maximal_matching | Simulation Type: controlled_at_node_amit_v2, Args: {'controlled_at_nodes': [0, 4], 'node_sel_strategy': 'reduced-wt'} | No. of Simulations: 10000 | Scheduler: 0 | Mutual Exclusion: False | Fault Interval: 2
Total configs: 65,536,000.
Simulation environment: No. of Simulations: 10000 | Scheduler: CENTRAL | ME: False

Saving result at results/maximal_matching/graph_10__controlled_at_node_amit_v2__ARGS_controlled_at_nodes-0_4--node_sel_strategy-reduced-wt__N10000__FI2__limits_100.csv
+ python simulate.py --program maximal_matching --no-sim 10000 --fault-interval 2 --graph-names graph_10 --fault-prob 1.0 --simulation-type controlled_at_node_amit_v2 --controlled-at-nodes 0 4 7 --node-sel-strategy random --limit-steps 100
Locating Graph: "graph_10".
Analysis graph: graph_10 | program: maximal_matching | Simulation Type: controlled_at_node_amit_v2, Args: {'controlled_at_nodes': [0, 4, 7], 'node_sel_strategy': 'random'} | No. of Simulations: 10000 | Scheduler: 0 | Mutual Exclusion: False | Fault Interval: 2
Total configs: 65,536,000.
Simulation environment: No. of Simulations: 10000 | Scheduler: CENTRAL | ME: False

Saving result at results/maximal_matching/graph_10__controlled_at_node_amit_v2__ARGS_controlled_at_nodes-0_4_7--node_sel_strategy-random__N10000__FI2__limits_100.csv
+ python simulate.py --program maximal_matching --no-sim 10000 --fault-interval 2 --graph-names graph_10 --fault-prob 1.0 --simulation-type controlled_at_node_amit_v2 --controlled-at-nodes 0 4 7 --node-sel-strategy round-robin --limit-steps 100
Locating Graph: "graph_10".
Analysis graph: graph_10 | program: maximal_matching | Simulation Type: controlled_at_node_amit_v2, Args: {'controlled_at_nodes': [0, 4, 7], 'node_sel_strategy': 'round-robin'} | No. of Simulations: 10000 | Scheduler: 0 | Mutual Exclusion: False | Fault Interval: 2
Total configs: 65,536,000.
Simulation environment: No. of Simulations: 10000 | Scheduler: CENTRAL | ME: False

Saving result at results/maximal_matching/graph_10__controlled_at_node_amit_v2__ARGS_controlled_at_nodes-0_4_7--node_sel_strategy-round-robin__N10000__FI2__limits_100.csv
+ python simulate.py --program maximal_matching --no-sim 10000 --fault-interval 2 --graph-names graph_10 --fault-prob 1.0 --simulation-type controlled_at_node_amit_v2 --controlled-at-nodes 0 4 7 --node-sel-strategy reduced-wt --limit-steps 100
Locating Graph: "graph_10".
Analysis graph: graph_10 | program: maximal_matching | Simulation Type: controlled_at_node_amit_v2, Args: {'controlled_at_nodes': [0, 4, 7], 'node_sel_strategy': 'reduced-wt'} | No. of Simulations: 10000 | Scheduler: 0 | Mutual Exclusion: False | Fault Interval: 2
Total configs: 65,536,000.
Simulation environment: No. of Simulations: 10000 | Scheduler: CENTRAL | ME: False

Saving result at results/maximal_matching/graph_10__controlled_at_node_amit_v2__ARGS_controlled_at_nodes-0_4_7--node_sel_strategy-reduced-wt__N10000__FI2__limits_100.csv
