+ cd simulations
+ python simulate.py --program graph_coloring --sched 0 --no-sim 500000 --fault-interval 1 --graph-names graph_7 --fault-prob 1.0 --simulation-type controlled_at_node_duong --controlled-at-node 4
Note: NumExpr detected 48 cores but "NUMEXPR_MAX_THREADS" not set, so enforcing safe limit of 16.
NumExpr defaulting to 16 threads.
Locating Graph: "graph_7".
Analysis graph: graph_7 | program: graph_coloring | Simulation Type: controlled_at_node_duong, Args: [4] | No. of Simulations: 500000 | Scheduler: 0 | Mutual Exclusion: False | Fault Interval: 1
Total configs: 11,520.
Simulation environment: No. of Simulations: 500000 | Scheduler: CENTRAL | ME: False
Time taken: 7.265s, Running simulation round: 50000
Time taken: 7.2721s, Running simulation round: 100000
Time taken: 7.2657s, Running simulation round: 150000
Time taken: 7.2459s, Running simulation round: 200000
Time taken: 7.2222s, Running simulation round: 250000
Time taken: 7.2199s, Running simulation round: 300000
Time taken: 7.2178s, Running simulation round: 350000
Time taken: 7.2291s, Running simulation round: 400000
Time taken: 7.2482s, Running simulation round: 450000
Time taken: 7.2097s, Running simulation round: 500000

Saving result at results/coloring/graph_7__0__controlled_at_node_duong_args_4__500000__False__1.csv
+ python simulate.py --program graph_coloring --sched 0 --no-sim 500000 --fault-interval 1 --graph-names graph_7 --fault-prob 1.0 --simulation-type controlled_at_node_duong --controlled-at-node 9
Note: NumExpr detected 48 cores but "NUMEXPR_MAX_THREADS" not set, so enforcing safe limit of 16.
NumExpr defaulting to 16 threads.
Locating Graph: "graph_7".
Analysis graph: graph_7 | program: graph_coloring | Simulation Type: controlled_at_node_duong, Args: [9] | No. of Simulations: 500000 | Scheduler: 0 | Mutual Exclusion: False | Fault Interval: 1
Total configs: 11,520.
Simulation environment: No. of Simulations: 500000 | Scheduler: CENTRAL | ME: False
Time taken: 7.3288s, Running simulation round: 50000
Time taken: 7.2866s, Running simulation round: 100000
Time taken: 7.2875s, Running simulation round: 150000
Time taken: 7.3858s, Running simulation round: 200000
Time taken: 7.3512s, Running simulation round: 250000
Time taken: 7.3727s, Running simulation round: 300000
Time taken: 7.3843s, Running simulation round: 350000
Time taken: 7.3728s, Running simulation round: 400000
Time taken: 7.3772s, Running simulation round: 450000
Time taken: 7.3813s, Running simulation round: 500000

Saving result at results/coloring/graph_7__0__controlled_at_node_duong_args_9__500000__False__1.csv
