+ cd simulations
+ python simulate.py --program graph_coloring --sched 0 --no-sim 10000 --fault-interval 2 --graph-names graph_7 --fault-prob 1.0 --simulation-type controlled_at_node_amit_v2 --controlled-at-nodes-w-wt 0=0.3333 4=0.3333 9=0.3333
Locating Graph: "graph_7".
Analysis graph: graph_7 | program: graph_coloring | Simulation Type: controlled_at_node_amit_v2, Args: {'controlled_at_nodes_w_wt': {0: 0.3333, 4: 0.3333, 9: 0.3333}} | No. of Simulations: 10000 | Scheduler: 0 | Mutual Exclusion: False | Fault Interval: 2
Total configs: 11,520.
Simulation environment: No. of Simulations: 10000 | Scheduler: CENTRAL | ME: False
Traceback (most recent call last):
  File "/home/agaru/research/cvf-python-gnn/simulations/simulate.py", line 186, in <module>
    main(
    ~~~~^
        args.program,
        ^^^^^^^^^^^^^
    ...<10 lines>...
        simulation_type_kwargs,
        ^^^^^^^^^^^^^^^^^^^^^^^
    )
    ^
  File "/home/agaru/research/cvf-python-gnn/simulations/simulate.py", line 97, in main
    simulation.store_raw_result(result, simulation_type_kwargs)
    ~~~~~~~~~~~~~~~~~~~~~~~~~~~^^^^^^^^^^^^^^^^^^^^^^^^^^^^^^^^
  File "/home/agaru/research/cvf-python-gnn/simulations/simulation.py", line 473, in store_raw_result
    "_".join(
    ~~~~~~~~^
        f"{k}={v.replace('.', '-')}"
        ^^^^^^^^^^^^^^^^^^^^^^^^^^^^
        for k, v in simulation_type_kwargs["controlled_at_nodes_w_wt"].items()
        ^^^^^^^^^^^^^^^^^^^^^^^^^^^^^^^^^^^^^^^^^^^^^^^^^^^^^^^^^^^^^^^^^^^^^^
    )
    ^
  File "/home/agaru/research/cvf-python-gnn/simulations/simulation.py", line 474, in <genexpr>
    f"{k}={v.replace('.', '-')}"
           ^^^^^^^^^
AttributeError: 'float' object has no attribute 'replace'
