Locating Graph: "implicit_graph_n8".
Analysis graph: implicit_graph_n8 | program: dijkstra_token_ring | Simulation Type: random, Args: [] | No. of Simulations: 500000 | Scheduler: 0 | Mutual Exclusion: False | Fault Interval: 1
Total configs: 6,561.
Simulation environment: No. of Simulations: 500000 | Scheduler: CENTRAL | ME: False
Time taken: 5.6208s, Running simulation round: 50000
Time taken: 5.5978s, Running simulation round: 100000
Time taken: 5.5556s, Running simulation round: 150000
Time taken: 5.5659s, Running simulation round: 200000
Time taken: 5.5095s, Running simulation round: 250000
Time taken: 5.4984s, Running simulation round: 300000
Time taken: 5.5141s, Running simulation round: 350000
Time taken: 5.5306s, Running simulation round: 400000
Time taken: 5.5664s, Running simulation round: 450000
Time taken: 5.5213s, Running simulation round: 500000

Saving result at results/dijkstra/implicit_graph_n8__0__random_args___500000__False__1.csv
Locating Graph: "implicit_graph_n8".
Analysis graph: implicit_graph_n8 | program: dijkstra_token_ring | Simulation Type: controlled_at_node, Args: [0] | No. of Simulations: 500000 | Scheduler: 0 | Mutual Exclusion: False | Fault Interval: 1
Total configs: 6,561.
Simulation environment: No. of Simulations: 500000 | Scheduler: CENTRAL | ME: False
Time taken: 4.1303s, Running simulation round: 50000
Time taken: 4.0932s, Running simulation round: 100000
Time taken: 4.1005s, Running simulation round: 150000
Time taken: 4.1213s, Running simulation round: 200000
Time taken: 4.11s, Running simulation round: 250000
Time taken: 4.1009s, Running simulation round: 300000
Time taken: 4.1137s, Running simulation round: 350000
Time taken: 4.1143s, Running simulation round: 400000
Time taken: 4.1544s, Running simulation round: 450000
Time taken: 4.123s, Running simulation round: 500000

Saving result at results/dijkstra/implicit_graph_n8__0__controlled_at_node_args_0__500000__False__1.csv
Locating Graph: "implicit_graph_n8".
Analysis graph: implicit_graph_n8 | program: dijkstra_token_ring | Simulation Type: controlled_at_node, Args: [2] | No. of Simulations: 500000 | Scheduler: 0 | Mutual Exclusion: False | Fault Interval: 1
Total configs: 6,561.
Simulation environment: No. of Simulations: 500000 | Scheduler: CENTRAL | ME: False
Time taken: 4.132s, Running simulation round: 50000
Time taken: 4.1358s, Running simulation round: 100000
Time taken: 4.1565s, Running simulation round: 150000
Time taken: 4.1216s, Running simulation round: 200000
Time taken: 4.0702s, Running simulation round: 250000
Time taken: 4.077s, Running simulation round: 300000
Time taken: 4.0566s, Running simulation round: 350000
Time taken: 4.0566s, Running simulation round: 400000
Time taken: 4.0882s, Running simulation round: 450000
Time taken: 4.042s, Running simulation round: 500000

Saving result at results/dijkstra/implicit_graph_n8__0__controlled_at_node_args_2__500000__False__1.csv
Locating Graph: "implicit_graph_n8".
Analysis graph: implicit_graph_n8 | program: dijkstra_token_ring | Simulation Type: controlled_at_node, Args: [7] | No. of Simulations: 500000 | Scheduler: 0 | Mutual Exclusion: False | Fault Interval: 1
Total configs: 6,561.
Simulation environment: No. of Simulations: 500000 | Scheduler: CENTRAL | ME: False
Time taken: 4.1298s, Running simulation round: 50000
Time taken: 4.1145s, Running simulation round: 100000
Time taken: 4.1492s, Running simulation round: 150000
Time taken: 4.1718s, Running simulation round: 200000
Time taken: 4.1445s, Running simulation round: 250000
Time taken: 4.1489s, Running simulation round: 300000
Time taken: 4.1526s, Running simulation round: 350000
Time taken: 4.1495s, Running simulation round: 400000
Time taken: 4.176s, Running simulation round: 450000
Time taken: 4.1336s, Running simulation round: 500000

Saving result at results/dijkstra/implicit_graph_n8__0__controlled_at_node_args_7__500000__False__1.csv
Locating Graph: "implicit_graph_n8".
Analysis graph: implicit_graph_n8 | program: dijkstra_token_ring | Simulation Type: controlled_at_node_duong, Args: [0] | No. of Simulations: 500000 | Scheduler: 0 | Mutual Exclusion: False | Fault Interval: 1
Total configs: 6,561.
Simulation environment: No. of Simulations: 500000 | Scheduler: CENTRAL | ME: False
Time taken: 7.8857s, Running simulation round: 50000
Time taken: 7.8612s, Running simulation round: 100000
Time taken: 7.8867s, Running simulation round: 150000
Time taken: 7.9214s, Running simulation round: 200000
Time taken: 7.9144s, Running simulation round: 250000
Time taken: 7.9088s, Running simulation round: 300000
Time taken: 7.9112s, Running simulation round: 350000
Time taken: 7.9144s, Running simulation round: 400000
Time taken: 7.9413s, Running simulation round: 450000
Time taken: 7.9012s, Running simulation round: 500000

Saving result at results/dijkstra/implicit_graph_n8__0__controlled_at_node_duong_args_0__500000__False__1.csv
Locating Graph: "implicit_graph_n8".
Analysis graph: implicit_graph_n8 | program: dijkstra_token_ring | Simulation Type: controlled_at_node_duong, Args: [2] | No. of Simulations: 500000 | Scheduler: 0 | Mutual Exclusion: False | Fault Interval: 1
Total configs: 6,561.
Simulation environment: No. of Simulations: 500000 | Scheduler: CENTRAL | ME: False
Time taken: 7.8187s, Running simulation round: 50000
Time taken: 7.796s, Running simulation round: 100000
Time taken: 7.8166s, Running simulation round: 150000
Time taken: 7.8925s, Running simulation round: 200000
Time taken: 7.9251s, Running simulation round: 250000
Time taken: 7.9214s, Running simulation round: 300000
Time taken: 7.9188s, Running simulation round: 350000
Time taken: 7.9054s, Running simulation round: 400000
Time taken: 7.8888s, Running simulation round: 450000
Time taken: 7.8317s, Running simulation round: 500000

Saving result at results/dijkstra/implicit_graph_n8__0__controlled_at_node_duong_args_2__500000__False__1.csv
Locating Graph: "implicit_graph_n8".
Analysis graph: implicit_graph_n8 | program: dijkstra_token_ring | Simulation Type: controlled_at_node_duong, Args: [7] | No. of Simulations: 500000 | Scheduler: 0 | Mutual Exclusion: False | Fault Interval: 1
Total configs: 6,561.
Simulation environment: No. of Simulations: 500000 | Scheduler: CENTRAL | ME: False
Time taken: 7.7914s, Running simulation round: 50000
Time taken: 7.7873s, Running simulation round: 100000
Time taken: 7.7932s, Running simulation round: 150000
Time taken: 7.8002s, Running simulation round: 200000
Time taken: 7.7974s, Running simulation round: 250000
Time taken: 7.7874s, Running simulation round: 300000
Time taken: 7.7433s, Running simulation round: 350000
Time taken: 7.7507s, Running simulation round: 400000
Time taken: 7.7942s, Running simulation round: 450000
Time taken: 7.7971s, Running simulation round: 500000

Saving result at results/dijkstra/implicit_graph_n8__0__controlled_at_node_duong_args_7__500000__False__1.csv
