Timestamp: 1750097600.480906 | Program: maximal_matching | Training with Graphs: star_graph_n7, graph_powerlaw_cluster_graph_n7, graph_random_regular_graph_n7_d4 | Batch size: 256 | Epochs: 10 | Hidden size: 32 | Num layers: 2.


Train dataset size: 13,243,077, Subset size: 200,000 | Test dataset size: 270,267


Model SimpleLSTM(
  (lstm): GRU(3, 32, num_layers=2, batch_first=True)
  (norm): LayerNorm((32,), eps=1e-05, elementwise_affine=True)
  (h2o): Linear(in_features=32, out_features=1, bias=True)
)
Total parameters: 9,985


Training set | Epoch 1 | MSE Loss: 21.3909 | Time taken: 632.1345s
Training set | Epoch 2 | MSE Loss: 8.5518 | Time taken: 631.604s
Training set | Epoch 3 | MSE Loss: 7.9093 | Time taken: 630.8319s
Training set | Epoch 4 | MSE Loss: 7.8033 | Time taken: 627.6418s
Training set | Epoch 5 | MSE Loss: 5.328 | Time taken: 627.431s
Training set | Epoch 6 | MSE Loss: 4.1141 | Time taken: 627.3859s
Training set | Epoch 7 | MSE Loss: 5.1801 | Time taken: 626.8194s
Training set | Epoch 8 | MSE Loss: 3.9099 | Time taken: 626.6502s
Training set | Epoch 9 | MSE Loss: 3.8474 | Time taken: 622.661s
Training set | Epoch 10 | MSE Loss: 3.7566 | Time taken: 622.1818s


End Training | Total training time taken 6275.363s


Saving model trained_models/lstm_trained_at_2025_06_16_13_59.pt


Testing model...
Test set | MSE loss: 3.6808 | Total matched: 69,047 out of 270,267 (Accuracy: 25.55%)
