+ cd simulations
+ python simulate.py --program graph_coloring --sched 0 --no-sim 500000 --fault-interval 1 --graph-names star_graph_0_n7 --fault-prob 1.0 --simulation-type random
Note: NumExpr detected 48 cores but "NUMEXPR_MAX_THREADS" not set, so enforcing safe limit of 16.
NumExpr defaulting to 16 threads.
Locating Graph: "star_graph_0_n7".
Analysis graph: star_graph_0_n7 | program: graph_coloring | Simulation Type: random, Args: [] | No. of Simulations: 500000 | Scheduler: 0 | Mutual Exclusion: False | Fault Interval: 1
Total configs: 448.
Simulation environment: No. of Simulations: 500000 | Scheduler: CENTRAL | ME: False
Time taken: 3.8415s, Running simulation round: 50000
Time taken: 3.8264s, Running simulation round: 100000
Time taken: 3.8254s, Running simulation round: 150000
Time taken: 3.8533s, Running simulation round: 200000
Time taken: 3.8165s, Running simulation round: 250000
Time taken: 3.8254s, Running simulation round: 300000
Time taken: 3.8334s, Running simulation round: 350000
Time taken: 3.8315s, Running simulation round: 400000
Time taken: 3.8191s, Running simulation round: 450000
Time taken: 3.765s, Running simulation round: 500000

Saving result at results/coloring/star_graph_0_n7__0__random_args___500000__False__1.csv
+ python simulate.py --program graph_coloring --sched 0 --no-sim 500000 --fault-interval 1 --graph-names star_graph_0_n7 --fault-prob 1.0 --simulation-type controlled_at_node_duong --controlled-at-node 0
Note: NumExpr detected 48 cores but "NUMEXPR_MAX_THREADS" not set, so enforcing safe limit of 16.
NumExpr defaulting to 16 threads.
Locating Graph: "star_graph_0_n7".
Analysis graph: star_graph_0_n7 | program: graph_coloring | Simulation Type: controlled_at_node_duong, Args: [0] | No. of Simulations: 500000 | Scheduler: 0 | Mutual Exclusion: False | Fault Interval: 1
Total configs: 448.
Simulation environment: No. of Simulations: 500000 | Scheduler: CENTRAL | ME: False
Time taken: 6.2505s, Running simulation round: 50000
Time taken: 6.2392s, Running simulation round: 100000
Time taken: 6.2572s, Running simulation round: 150000
Time taken: 6.2519s, Running simulation round: 200000
Time taken: 6.2221s, Running simulation round: 250000
Time taken: 6.2106s, Running simulation round: 300000
Time taken: 6.2169s, Running simulation round: 350000
Time taken: 6.2245s, Running simulation round: 400000
Time taken: 6.2639s, Running simulation round: 450000
Time taken: 6.231s, Running simulation round: 500000

Saving result at results/coloring/star_graph_0_n7__0__controlled_at_node_duong_args_0__500000__False__1.csv
+ python simulate.py --program graph_coloring --sched 0 --no-sim 500000 --fault-interval 1 --graph-names star_graph_0_n7 --fault-prob 1.0 --simulation-type controlled_at_node_duong --controlled-at-node 2
Note: NumExpr detected 48 cores but "NUMEXPR_MAX_THREADS" not set, so enforcing safe limit of 16.
NumExpr defaulting to 16 threads.
Locating Graph: "star_graph_0_n7".
Analysis graph: star_graph_0_n7 | program: graph_coloring | Simulation Type: controlled_at_node_duong, Args: [2] | No. of Simulations: 500000 | Scheduler: 0 | Mutual Exclusion: False | Fault Interval: 1
Total configs: 448.
Simulation environment: No. of Simulations: 500000 | Scheduler: CENTRAL | ME: False
Time taken: 6.0804s, Running simulation round: 50000
Time taken: 6.059s, Running simulation round: 100000
Time taken: 6.0681s, Running simulation round: 150000
Time taken: 6.0045s, Running simulation round: 200000
Time taken: 5.9599s, Running simulation round: 250000
Time taken: 5.9608s, Running simulation round: 300000
Time taken: 5.9534s, Running simulation round: 350000
Time taken: 5.9448s, Running simulation round: 400000
Time taken: 5.9851s, Running simulation round: 450000
Time taken: 5.953s, Running simulation round: 500000

Saving result at results/coloring/star_graph_0_n7__0__controlled_at_node_duong_args_2__500000__False__1.csv
+ python simulate.py --program graph_coloring --sched 0 --no-sim 500000 --fault-interval 1 --graph-names star_graph_0_n7 --fault-prob 1.0 --simulation-type controlled_at_node_duong --controlled-at-node 5
Note: NumExpr detected 48 cores but "NUMEXPR_MAX_THREADS" not set, so enforcing safe limit of 16.
NumExpr defaulting to 16 threads.
Locating Graph: "star_graph_0_n7".
Analysis graph: star_graph_0_n7 | program: graph_coloring | Simulation Type: controlled_at_node_duong, Args: [5] | No. of Simulations: 500000 | Scheduler: 0 | Mutual Exclusion: False | Fault Interval: 1
Total configs: 448.
Simulation environment: No. of Simulations: 500000 | Scheduler: CENTRAL | ME: False
Time taken: 6.1624s, Running simulation round: 50000
Time taken: 6.1238s, Running simulation round: 100000
Time taken: 6.1301s, Running simulation round: 150000
Time taken: 6.1475s, Running simulation round: 200000
Time taken: 6.1194s, Running simulation round: 250000
Time taken: 6.1053s, Running simulation round: 300000
Time taken: 6.1118s, Running simulation round: 350000
Time taken: 6.1065s, Running simulation round: 400000
Time taken: 6.15s, Running simulation round: 450000
Time taken: 6.1387s, Running simulation round: 500000

Saving result at results/coloring/star_graph_0_n7__0__controlled_at_node_duong_args_5__500000__False__1.csv
