+ cd simulations
+ PROGRAM=maximal_matching
+ GRAPH=graph_7
+ NO_SIMS=10000
+ LIMIT_STEPS=100
+ FAULT_INTERVALS=(2 3 4 5)
+ SIMULATION_TYPE=controlled_at_node_amit_v2
+ for FI in "${FAULT_INTERVALS[@]}"
+ python simulate.py --program maximal_matching --sched 0 --no-sim 10000 --fault-interval 2 --graph-names graph_7 --fault-prob 1.0 --simulation-type controlled_at_node_amit_v2 --controlled-at-node 0 --limit-steps 100
Note: NumExpr detected 48 cores but "NUMEXPR_MAX_THREADS" not set, so enforcing safe limit of 16.
NumExpr defaulting to 16 threads.
Locating Graph: "graph_7".
Analysis graph: graph_7 | program: maximal_matching | Simulation Type: controlled_at_node_amit_v2, Args: [0] | No. of Simulations: 10000 | Scheduler: 0 | Mutual Exclusion: False | Fault Interval: 2
Total configs: 11,796,480.
Simulation environment: No. of Simulations: 10000 | Scheduler: CENTRAL | ME: False

Saving result at results/maximal_matching/graph_7__0__controlled_at_node_amit_v2_args_0__10000__False__2__limits_100.csv
+ python simulate.py --program maximal_matching --sched 0 --no-sim 10000 --fault-interval 2 --graph-names graph_7 --fault-prob 1.0 --simulation-type controlled_at_node_amit_v2 --controlled-at-node 4 --limit-steps 100
Note: NumExpr detected 48 cores but "NUMEXPR_MAX_THREADS" not set, so enforcing safe limit of 16.
NumExpr defaulting to 16 threads.
Locating Graph: "graph_7".
Analysis graph: graph_7 | program: maximal_matching | Simulation Type: controlled_at_node_amit_v2, Args: [4] | No. of Simulations: 10000 | Scheduler: 0 | Mutual Exclusion: False | Fault Interval: 2
Total configs: 11,796,480.
Simulation environment: No. of Simulations: 10000 | Scheduler: CENTRAL | ME: False

Saving result at results/maximal_matching/graph_7__0__controlled_at_node_amit_v2_args_4__10000__False__2__limits_100.csv
+ python simulate.py --program maximal_matching --sched 0 --no-sim 10000 --fault-interval 2 --graph-names graph_7 --fault-prob 1.0 --simulation-type controlled_at_node_amit_v2 --controlled-at-node 9 --limit-steps 100
Note: NumExpr detected 48 cores but "NUMEXPR_MAX_THREADS" not set, so enforcing safe limit of 16.
NumExpr defaulting to 16 threads.
Locating Graph: "graph_7".
Analysis graph: graph_7 | program: maximal_matching | Simulation Type: controlled_at_node_amit_v2, Args: [9] | No. of Simulations: 10000 | Scheduler: 0 | Mutual Exclusion: False | Fault Interval: 2
Total configs: 11,796,480.
Simulation environment: No. of Simulations: 10000 | Scheduler: CENTRAL | ME: False

Saving result at results/maximal_matching/graph_7__0__controlled_at_node_amit_v2_args_9__10000__False__2__limits_100.csv
+ for FI in "${FAULT_INTERVALS[@]}"
+ python simulate.py --program maximal_matching --sched 0 --no-sim 10000 --fault-interval 3 --graph-names graph_7 --fault-prob 1.0 --simulation-type controlled_at_node_amit_v2 --controlled-at-node 0 --limit-steps 100
Note: NumExpr detected 48 cores but "NUMEXPR_MAX_THREADS" not set, so enforcing safe limit of 16.
NumExpr defaulting to 16 threads.
Locating Graph: "graph_7".
Analysis graph: graph_7 | program: maximal_matching | Simulation Type: controlled_at_node_amit_v2, Args: [0] | No. of Simulations: 10000 | Scheduler: 0 | Mutual Exclusion: False | Fault Interval: 3
Total configs: 11,796,480.
Simulation environment: No. of Simulations: 10000 | Scheduler: CENTRAL | ME: False

Saving result at results/maximal_matching/graph_7__0__controlled_at_node_amit_v2_args_0__10000__False__3__limits_100.csv
+ python simulate.py --program maximal_matching --sched 0 --no-sim 10000 --fault-interval 3 --graph-names graph_7 --fault-prob 1.0 --simulation-type controlled_at_node_amit_v2 --controlled-at-node 4 --limit-steps 100
Note: NumExpr detected 48 cores but "NUMEXPR_MAX_THREADS" not set, so enforcing safe limit of 16.
NumExpr defaulting to 16 threads.
Locating Graph: "graph_7".
Analysis graph: graph_7 | program: maximal_matching | Simulation Type: controlled_at_node_amit_v2, Args: [4] | No. of Simulations: 10000 | Scheduler: 0 | Mutual Exclusion: False | Fault Interval: 3
Total configs: 11,796,480.
Simulation environment: No. of Simulations: 10000 | Scheduler: CENTRAL | ME: False

Saving result at results/maximal_matching/graph_7__0__controlled_at_node_amit_v2_args_4__10000__False__3__limits_100.csv
+ python simulate.py --program maximal_matching --sched 0 --no-sim 10000 --fault-interval 3 --graph-names graph_7 --fault-prob 1.0 --simulation-type controlled_at_node_amit_v2 --controlled-at-node 9 --limit-steps 100
Note: NumExpr detected 48 cores but "NUMEXPR_MAX_THREADS" not set, so enforcing safe limit of 16.
NumExpr defaulting to 16 threads.
Locating Graph: "graph_7".
Analysis graph: graph_7 | program: maximal_matching | Simulation Type: controlled_at_node_amit_v2, Args: [9] | No. of Simulations: 10000 | Scheduler: 0 | Mutual Exclusion: False | Fault Interval: 3
Total configs: 11,796,480.
Simulation environment: No. of Simulations: 10000 | Scheduler: CENTRAL | ME: False

Saving result at results/maximal_matching/graph_7__0__controlled_at_node_amit_v2_args_9__10000__False__3__limits_100.csv
+ for FI in "${FAULT_INTERVALS[@]}"
+ python simulate.py --program maximal_matching --sched 0 --no-sim 10000 --fault-interval 4 --graph-names graph_7 --fault-prob 1.0 --simulation-type controlled_at_node_amit_v2 --controlled-at-node 0 --limit-steps 100
Note: NumExpr detected 48 cores but "NUMEXPR_MAX_THREADS" not set, so enforcing safe limit of 16.
NumExpr defaulting to 16 threads.
Locating Graph: "graph_7".
Analysis graph: graph_7 | program: maximal_matching | Simulation Type: controlled_at_node_amit_v2, Args: [0] | No. of Simulations: 10000 | Scheduler: 0 | Mutual Exclusion: False | Fault Interval: 4
Total configs: 11,796,480.
Simulation environment: No. of Simulations: 10000 | Scheduler: CENTRAL | ME: False

Saving result at results/maximal_matching/graph_7__0__controlled_at_node_amit_v2_args_0__10000__False__4__limits_100.csv
+ python simulate.py --program maximal_matching --sched 0 --no-sim 10000 --fault-interval 4 --graph-names graph_7 --fault-prob 1.0 --simulation-type controlled_at_node_amit_v2 --controlled-at-node 4 --limit-steps 100
Note: NumExpr detected 48 cores but "NUMEXPR_MAX_THREADS" not set, so enforcing safe limit of 16.
NumExpr defaulting to 16 threads.
Locating Graph: "graph_7".
Analysis graph: graph_7 | program: maximal_matching | Simulation Type: controlled_at_node_amit_v2, Args: [4] | No. of Simulations: 10000 | Scheduler: 0 | Mutual Exclusion: False | Fault Interval: 4
Total configs: 11,796,480.
Simulation environment: No. of Simulations: 10000 | Scheduler: CENTRAL | ME: False

Saving result at results/maximal_matching/graph_7__0__controlled_at_node_amit_v2_args_4__10000__False__4__limits_100.csv
+ python simulate.py --program maximal_matching --sched 0 --no-sim 10000 --fault-interval 4 --graph-names graph_7 --fault-prob 1.0 --simulation-type controlled_at_node_amit_v2 --controlled-at-node 9 --limit-steps 100
Note: NumExpr detected 48 cores but "NUMEXPR_MAX_THREADS" not set, so enforcing safe limit of 16.
NumExpr defaulting to 16 threads.
Locating Graph: "graph_7".
Analysis graph: graph_7 | program: maximal_matching | Simulation Type: controlled_at_node_amit_v2, Args: [9] | No. of Simulations: 10000 | Scheduler: 0 | Mutual Exclusion: False | Fault Interval: 4
Total configs: 11,796,480.
Simulation environment: No. of Simulations: 10000 | Scheduler: CENTRAL | ME: False

Saving result at results/maximal_matching/graph_7__0__controlled_at_node_amit_v2_args_9__10000__False__4__limits_100.csv
+ for FI in "${FAULT_INTERVALS[@]}"
+ python simulate.py --program maximal_matching --sched 0 --no-sim 10000 --fault-interval 5 --graph-names graph_7 --fault-prob 1.0 --simulation-type controlled_at_node_amit_v2 --controlled-at-node 0 --limit-steps 100
Note: NumExpr detected 48 cores but "NUMEXPR_MAX_THREADS" not set, so enforcing safe limit of 16.
NumExpr defaulting to 16 threads.
Locating Graph: "graph_7".
Analysis graph: graph_7 | program: maximal_matching | Simulation Type: controlled_at_node_amit_v2, Args: [0] | No. of Simulations: 10000 | Scheduler: 0 | Mutual Exclusion: False | Fault Interval: 5
Total configs: 11,796,480.
Simulation environment: No. of Simulations: 10000 | Scheduler: CENTRAL | ME: False

Saving result at results/maximal_matching/graph_7__0__controlled_at_node_amit_v2_args_0__10000__False__5__limits_100.csv
+ python simulate.py --program maximal_matching --sched 0 --no-sim 10000 --fault-interval 5 --graph-names graph_7 --fault-prob 1.0 --simulation-type controlled_at_node_amit_v2 --controlled-at-node 4 --limit-steps 100
Note: NumExpr detected 48 cores but "NUMEXPR_MAX_THREADS" not set, so enforcing safe limit of 16.
NumExpr defaulting to 16 threads.
Locating Graph: "graph_7".
Analysis graph: graph_7 | program: maximal_matching | Simulation Type: controlled_at_node_amit_v2, Args: [4] | No. of Simulations: 10000 | Scheduler: 0 | Mutual Exclusion: False | Fault Interval: 5
Total configs: 11,796,480.
Simulation environment: No. of Simulations: 10000 | Scheduler: CENTRAL | ME: False

Saving result at results/maximal_matching/graph_7__0__controlled_at_node_amit_v2_args_4__10000__False__5__limits_100.csv
+ python simulate.py --program maximal_matching --sched 0 --no-sim 10000 --fault-interval 5 --graph-names graph_7 --fault-prob 1.0 --simulation-type controlled_at_node_amit_v2 --controlled-at-node 9 --limit-steps 100
Note: NumExpr detected 48 cores but "NUMEXPR_MAX_THREADS" not set, so enforcing safe limit of 16.
NumExpr defaulting to 16 threads.
Locating Graph: "graph_7".
Analysis graph: graph_7 | program: maximal_matching | Simulation Type: controlled_at_node_amit_v2, Args: [9] | No. of Simulations: 10000 | Scheduler: 0 | Mutual Exclusion: False | Fault Interval: 5
Total configs: 11,796,480.
Simulation environment: No. of Simulations: 10000 | Scheduler: CENTRAL | ME: False

Saving result at results/maximal_matching/graph_7__0__controlled_at_node_amit_v2_args_9__10000__False__5__limits_100.csv
+ GRAPH=graph_10
+ for FI in "${FAULT_INTERVALS[@]}"
+ python simulate.py --program maximal_matching --sched 0 --no-sim 10000 --fault-interval 2 --graph-names graph_10 --fault-prob 1.0 --simulation-type controlled_at_node_amit_v2 --controlled-at-node 0 --limit-steps 100
Note: NumExpr detected 48 cores but "NUMEXPR_MAX_THREADS" not set, so enforcing safe limit of 16.
NumExpr defaulting to 16 threads.
Locating Graph: "graph_10".
Analysis graph: graph_10 | program: maximal_matching | Simulation Type: controlled_at_node_amit_v2, Args: [0] | No. of Simulations: 10000 | Scheduler: 0 | Mutual Exclusion: False | Fault Interval: 2
Total configs: 65,536,000.
Simulation environment: No. of Simulations: 10000 | Scheduler: CENTRAL | ME: False

Saving result at results/maximal_matching/graph_10__0__controlled_at_node_amit_v2_args_0__10000__False__2__limits_100.csv
+ python simulate.py --program maximal_matching --sched 0 --no-sim 10000 --fault-interval 2 --graph-names graph_10 --fault-prob 1.0 --simulation-type controlled_at_node_amit_v2 --controlled-at-node 4 --limit-steps 100
Note: NumExpr detected 48 cores but "NUMEXPR_MAX_THREADS" not set, so enforcing safe limit of 16.
NumExpr defaulting to 16 threads.
Locating Graph: "graph_10".
Analysis graph: graph_10 | program: maximal_matching | Simulation Type: controlled_at_node_amit_v2, Args: [4] | No. of Simulations: 10000 | Scheduler: 0 | Mutual Exclusion: False | Fault Interval: 2
Total configs: 65,536,000.
Simulation environment: No. of Simulations: 10000 | Scheduler: CENTRAL | ME: False

Saving result at results/maximal_matching/graph_10__0__controlled_at_node_amit_v2_args_4__10000__False__2__limits_100.csv
+ python simulate.py --program maximal_matching --sched 0 --no-sim 10000 --fault-interval 2 --graph-names graph_10 --fault-prob 1.0 --simulation-type controlled_at_node_amit_v2 --controlled-at-node 9 --limit-steps 100
Note: NumExpr detected 48 cores but "NUMEXPR_MAX_THREADS" not set, so enforcing safe limit of 16.
NumExpr defaulting to 16 threads.
Locating Graph: "graph_10".
Analysis graph: graph_10 | program: maximal_matching | Simulation Type: controlled_at_node_amit_v2, Args: [9] | No. of Simulations: 10000 | Scheduler: 0 | Mutual Exclusion: False | Fault Interval: 2
Total configs: 65,536,000.
Simulation environment: No. of Simulations: 10000 | Scheduler: CENTRAL | ME: False

Saving result at results/maximal_matching/graph_10__0__controlled_at_node_amit_v2_args_9__10000__False__2__limits_100.csv
+ for FI in "${FAULT_INTERVALS[@]}"
+ python simulate.py --program maximal_matching --sched 0 --no-sim 10000 --fault-interval 3 --graph-names graph_10 --fault-prob 1.0 --simulation-type controlled_at_node_amit_v2 --controlled-at-node 0 --limit-steps 100
Note: NumExpr detected 48 cores but "NUMEXPR_MAX_THREADS" not set, so enforcing safe limit of 16.
NumExpr defaulting to 16 threads.
Locating Graph: "graph_10".
Analysis graph: graph_10 | program: maximal_matching | Simulation Type: controlled_at_node_amit_v2, Args: [0] | No. of Simulations: 10000 | Scheduler: 0 | Mutual Exclusion: False | Fault Interval: 3
Total configs: 65,536,000.
Simulation environment: No. of Simulations: 10000 | Scheduler: CENTRAL | ME: False

Saving result at results/maximal_matching/graph_10__0__controlled_at_node_amit_v2_args_0__10000__False__3__limits_100.csv
+ python simulate.py --program maximal_matching --sched 0 --no-sim 10000 --fault-interval 3 --graph-names graph_10 --fault-prob 1.0 --simulation-type controlled_at_node_amit_v2 --controlled-at-node 4 --limit-steps 100
Note: NumExpr detected 48 cores but "NUMEXPR_MAX_THREADS" not set, so enforcing safe limit of 16.
NumExpr defaulting to 16 threads.
Locating Graph: "graph_10".
Analysis graph: graph_10 | program: maximal_matching | Simulation Type: controlled_at_node_amit_v2, Args: [4] | No. of Simulations: 10000 | Scheduler: 0 | Mutual Exclusion: False | Fault Interval: 3
Total configs: 65,536,000.
Simulation environment: No. of Simulations: 10000 | Scheduler: CENTRAL | ME: False

Saving result at results/maximal_matching/graph_10__0__controlled_at_node_amit_v2_args_4__10000__False__3__limits_100.csv
+ python simulate.py --program maximal_matching --sched 0 --no-sim 10000 --fault-interval 3 --graph-names graph_10 --fault-prob 1.0 --simulation-type controlled_at_node_amit_v2 --controlled-at-node 9 --limit-steps 100
Note: NumExpr detected 48 cores but "NUMEXPR_MAX_THREADS" not set, so enforcing safe limit of 16.
NumExpr defaulting to 16 threads.
Locating Graph: "graph_10".
Analysis graph: graph_10 | program: maximal_matching | Simulation Type: controlled_at_node_amit_v2, Args: [9] | No. of Simulations: 10000 | Scheduler: 0 | Mutual Exclusion: False | Fault Interval: 3
Total configs: 65,536,000.
Simulation environment: No. of Simulations: 10000 | Scheduler: CENTRAL | ME: False

Saving result at results/maximal_matching/graph_10__0__controlled_at_node_amit_v2_args_9__10000__False__3__limits_100.csv
+ for FI in "${FAULT_INTERVALS[@]}"
+ python simulate.py --program maximal_matching --sched 0 --no-sim 10000 --fault-interval 4 --graph-names graph_10 --fault-prob 1.0 --simulation-type controlled_at_node_amit_v2 --controlled-at-node 0 --limit-steps 100
Note: NumExpr detected 48 cores but "NUMEXPR_MAX_THREADS" not set, so enforcing safe limit of 16.
NumExpr defaulting to 16 threads.
Locating Graph: "graph_10".
Analysis graph: graph_10 | program: maximal_matching | Simulation Type: controlled_at_node_amit_v2, Args: [0] | No. of Simulations: 10000 | Scheduler: 0 | Mutual Exclusion: False | Fault Interval: 4
Total configs: 65,536,000.
Simulation environment: No. of Simulations: 10000 | Scheduler: CENTRAL | ME: False

Saving result at results/maximal_matching/graph_10__0__controlled_at_node_amit_v2_args_0__10000__False__4__limits_100.csv
+ python simulate.py --program maximal_matching --sched 0 --no-sim 10000 --fault-interval 4 --graph-names graph_10 --fault-prob 1.0 --simulation-type controlled_at_node_amit_v2 --controlled-at-node 4 --limit-steps 100
Note: NumExpr detected 48 cores but "NUMEXPR_MAX_THREADS" not set, so enforcing safe limit of 16.
NumExpr defaulting to 16 threads.
Locating Graph: "graph_10".
Analysis graph: graph_10 | program: maximal_matching | Simulation Type: controlled_at_node_amit_v2, Args: [4] | No. of Simulations: 10000 | Scheduler: 0 | Mutual Exclusion: False | Fault Interval: 4
Total configs: 65,536,000.
Simulation environment: No. of Simulations: 10000 | Scheduler: CENTRAL | ME: False

Saving result at results/maximal_matching/graph_10__0__controlled_at_node_amit_v2_args_4__10000__False__4__limits_100.csv
+ python simulate.py --program maximal_matching --sched 0 --no-sim 10000 --fault-interval 4 --graph-names graph_10 --fault-prob 1.0 --simulation-type controlled_at_node_amit_v2 --controlled-at-node 9 --limit-steps 100
Note: NumExpr detected 48 cores but "NUMEXPR_MAX_THREADS" not set, so enforcing safe limit of 16.
NumExpr defaulting to 16 threads.
Locating Graph: "graph_10".
Analysis graph: graph_10 | program: maximal_matching | Simulation Type: controlled_at_node_amit_v2, Args: [9] | No. of Simulations: 10000 | Scheduler: 0 | Mutual Exclusion: False | Fault Interval: 4
Total configs: 65,536,000.
Simulation environment: No. of Simulations: 10000 | Scheduler: CENTRAL | ME: False

Saving result at results/maximal_matching/graph_10__0__controlled_at_node_amit_v2_args_9__10000__False__4__limits_100.csv
+ for FI in "${FAULT_INTERVALS[@]}"
+ python simulate.py --program maximal_matching --sched 0 --no-sim 10000 --fault-interval 5 --graph-names graph_10 --fault-prob 1.0 --simulation-type controlled_at_node_amit_v2 --controlled-at-node 0 --limit-steps 100
Note: NumExpr detected 48 cores but "NUMEXPR_MAX_THREADS" not set, so enforcing safe limit of 16.
NumExpr defaulting to 16 threads.
Locating Graph: "graph_10".
Analysis graph: graph_10 | program: maximal_matching | Simulation Type: controlled_at_node_amit_v2, Args: [0] | No. of Simulations: 10000 | Scheduler: 0 | Mutual Exclusion: False | Fault Interval: 5
Total configs: 65,536,000.
Simulation environment: No. of Simulations: 10000 | Scheduler: CENTRAL | ME: False

Saving result at results/maximal_matching/graph_10__0__controlled_at_node_amit_v2_args_0__10000__False__5__limits_100.csv
+ python simulate.py --program maximal_matching --sched 0 --no-sim 10000 --fault-interval 5 --graph-names graph_10 --fault-prob 1.0 --simulation-type controlled_at_node_amit_v2 --controlled-at-node 4 --limit-steps 100
Note: NumExpr detected 48 cores but "NUMEXPR_MAX_THREADS" not set, so enforcing safe limit of 16.
NumExpr defaulting to 16 threads.
Locating Graph: "graph_10".
Analysis graph: graph_10 | program: maximal_matching | Simulation Type: controlled_at_node_amit_v2, Args: [4] | No. of Simulations: 10000 | Scheduler: 0 | Mutual Exclusion: False | Fault Interval: 5
Total configs: 65,536,000.
Simulation environment: No. of Simulations: 10000 | Scheduler: CENTRAL | ME: False

Saving result at results/maximal_matching/graph_10__0__controlled_at_node_amit_v2_args_4__10000__False__5__limits_100.csv
+ python simulate.py --program maximal_matching --sched 0 --no-sim 10000 --fault-interval 5 --graph-names graph_10 --fault-prob 1.0 --simulation-type controlled_at_node_amit_v2 --controlled-at-node 9 --limit-steps 100
Note: NumExpr detected 48 cores but "NUMEXPR_MAX_THREADS" not set, so enforcing safe limit of 16.
NumExpr defaulting to 16 threads.
Locating Graph: "graph_10".
Analysis graph: graph_10 | program: maximal_matching | Simulation Type: controlled_at_node_amit_v2, Args: [9] | No. of Simulations: 10000 | Scheduler: 0 | Mutual Exclusion: False | Fault Interval: 5
Total configs: 65,536,000.
Simulation environment: No. of Simulations: 10000 | Scheduler: CENTRAL | ME: False

Saving result at results/maximal_matching/graph_10__0__controlled_at_node_amit_v2_args_9__10000__False__5__limits_100.csv
