+ cd simulations
+ python simulate.py --program graph_coloring --sched 0 --no-sim 500000 --fault-interval 1 --graph-names graph_7 --fault-prob 1.0 --simulation-type random
Note: NumExpr detected 48 cores but "NUMEXPR_MAX_THREADS" not set, so enforcing safe limit of 16.
NumExpr defaulting to 16 threads.
Locating Graph: "graph_7".
Analysis graph: graph_7 | program: graph_coloring | Simulation Type: random, Args: [] | No. of Simulations: 500000 | Scheduler: 0 | Mutual Exclusion: False | Fault Interval: 1
Total configs: 11,520.
Simulation environment: No. of Simulations: 500000 | Scheduler: CENTRAL | ME: False
Time taken: 4.9617s, Running simulation round: 50000
Time taken: 4.9521s, Running simulation round: 100000
Time taken: 4.949s, Running simulation round: 150000
Time taken: 4.8602s, Running simulation round: 200000
Time taken: 4.8237s, Running simulation round: 250000
Time taken: 4.8044s, Running simulation round: 300000
Time taken: 4.8023s, Running simulation round: 350000
Time taken: 4.8032s, Running simulation round: 400000
Time taken: 4.8323s, Running simulation round: 450000
Time taken: 4.8261s, Running simulation round: 500000

Saving result at results/coloring/graph_7__0__random_args___500000__False__1.csv
utils_path /home/agaru/research/cvf-python-gnn/utils
