+ cd simulations
+ python simulate.py --program graph_coloring --sched 0 --no-sim 100000 --fault-interval 1 --graph-names graph_7 --fault-prob 1.0 --simulation-type random
Locating Graph: "graph_7".
Analysis graph: graph_7 | program: graph_coloring | Simulation Type: random, Args: [] | No. of Simulations: 100000 | Scheduler: 0 | Mutual Exclusion: False | Fault Interval: 1
Total configs: 11,520.
Simulation environment: No. of Simulations: 100000 | Scheduler: CENTRAL | ME: False
Time taken: 46.6794s, Running simulation round: 50000
Time taken: 46.7124s, Running simulation round: 100000

Saving result at results/coloring/graph_7__0__random_args___100000__False__1.csv
+ python simulate.py --program graph_coloring --sched 0 --no-sim 100000 --fault-interval 1 --graph-names graph_7 --fault-prob 1.0 --simulation-type controlled_at_node_duong --controlled-at-node 0
Locating Graph: "graph_7".
Analysis graph: graph_7 | program: graph_coloring | Simulation Type: controlled_at_node_duong, Args: [0] | No. of Simulations: 100000 | Scheduler: 0 | Mutual Exclusion: False | Fault Interval: 1
Total configs: 11,520.
Simulation environment: No. of Simulations: 100000 | Scheduler: CENTRAL | ME: False
Time taken: 153.7804s, Running simulation round: 50000
Time taken: 153.0376s, Running simulation round: 100000

Saving result at results/coloring/graph_7__0__controlled_at_node_duong_args_0__100000__False__1.csv
+ python simulate.py --program graph_coloring --sched 0 --no-sim 100000 --fault-interval 1 --graph-names graph_7 --fault-prob 1.0 --simulation-type controlled_at_node_duong --controlled-at-node 4
Locating Graph: "graph_7".
Analysis graph: graph_7 | program: graph_coloring | Simulation Type: controlled_at_node_duong, Args: [4] | No. of Simulations: 100000 | Scheduler: 0 | Mutual Exclusion: False | Fault Interval: 1
Total configs: 11,520.
Simulation environment: No. of Simulations: 100000 | Scheduler: CENTRAL | ME: False
