Timestamp: 1750189013.744909 | Program: maximal_matching | Training with Graphs: star_graph_n6 | Batch size: 256 | Epochs: 25 | Hidden size: 32 | Num layers: 2.


Train dataset size: 12,042, Subset size: 200,000 | Test dataset size: 246


/home/agaru/.conda/envs/cvf/lib/python3.13/site-packages/torch/cuda/__init__.py:789: UserWarning: Can't initialize NVML
  warnings.warn("Can't initialize NVML")
Model SimpleLSTM(
  (lstm): GRU(3, 32, num_layers=2, batch_first=True)
  (norm): LayerNorm((32,), eps=1e-05, elementwise_affine=True)
  (h2o): Linear(in_features=32, out_features=1, bias=True)
)
Total parameters: 9,985


Training set | Epoch 1 | MSE Loss: 35.5328 | Time taken: 13.9325s
Training set | Epoch 2 | MSE Loss: 4.8322 | Time taken: 14.1766s
Training set | Epoch 3 | MSE Loss: 4.8748 | Time taken: 14.3839s
Training set | Epoch 4 | MSE Loss: 3.0822 | Time taken: 15.1346s
Training set | Epoch 5 | MSE Loss: 2.4943 | Time taken: 15.1629s
Training set | Epoch 6 | MSE Loss: 2.3307 | Time taken: 15.1492s
Training set | Epoch 7 | MSE Loss: 2.2252 | Time taken: 15.1415s
Training set | Epoch 8 | MSE Loss: 2.1609 | Time taken: 15.2252s
Training set | Epoch 9 | MSE Loss: 2.0986 | Time taken: 15.1719s
Training set | Epoch 10 | MSE Loss: 2.0448 | Time taken: 15.1475s
Training set | Epoch 11 | MSE Loss: 2.0026 | Time taken: 15.1543s
Training set | Epoch 12 | MSE Loss: 1.948 | Time taken: 15.1749s
Training set | Epoch 13 | MSE Loss: 1.9079 | Time taken: 15.1518s
Training set | Epoch 14 | MSE Loss: 1.858 | Time taken: 15.1566s
Training set | Epoch 15 | MSE Loss: 1.8132 | Time taken: 15.1365s
Training set | Epoch 16 | MSE Loss: 1.7611 | Time taken: 15.245s
Training set | Epoch 17 | MSE Loss: 1.688 | Time taken: 15.1416s
Training set | Epoch 18 | MSE Loss: 1.5828 | Time taken: 15.1469s
Training set | Epoch 19 | MSE Loss: 1.4893 | Time taken: 15.176s
Training set | Epoch 20 | MSE Loss: 1.3855 | Time taken: 15.1593s
Training set | Epoch 21 | MSE Loss: 1.2685 | Time taken: 15.1692s
Training set | Epoch 22 | MSE Loss: 1.0981 | Time taken: 15.1483s
Training set | Epoch 23 | MSE Loss: 1.0648 | Time taken: 15.1595s
Training set | Epoch 24 | MSE Loss: 0.735 | Time taken: 15.2459s
Training set | Epoch 25 | MSE Loss: 0.7176 | Time taken: 15.157s


End Training | Total training time taken 376.1518s


Saving model trained_models/lstm_trained_at_2025_06_17_13_43.pt


Testing model...
Test set | MSE loss: 0.7512 | Total matched: 121 out of 246 (Accuracy: 49.19%)

