Timestamp: 1750189029.479325 | Program: maximal_matching | Training with Graphs: graph_random_regular_graph_n6_d3 | Batch size: 256 | Epochs: 25 | Hidden size: 32 | Num layers: 2.


Train dataset size: 256,901, Subset size: 200,000 | Test dataset size: 5,243


/home/agaru/.conda/envs/cvf/lib/python3.13/site-packages/torch/cuda/__init__.py:789: UserWarning: Can't initialize NVML
  warnings.warn("Can't initialize NVML")
Model SimpleLSTM(
  (lstm): GRU(3, 32, num_layers=2, batch_first=True)
  (norm): LayerNorm((32,), eps=1e-05, elementwise_affine=True)
  (h2o): Linear(in_features=32, out_features=1, bias=True)
)
Total parameters: 9,985


Training set | Epoch 1 | MSE Loss: 18.8597 | Time taken: 258.4164s
Training set | Epoch 2 | MSE Loss: 2.1677 | Time taken: 250.517s
Training set | Epoch 3 | MSE Loss: 1.1648 | Time taken: 243.5368s
Training set | Epoch 4 | MSE Loss: 0.8608 | Time taken: 242.3932s
Training set | Epoch 5 | MSE Loss: 0.7267 | Time taken: 241.986s
Training set | Epoch 6 | MSE Loss: 0.6008 | Time taken: 244.8078s
Training set | Epoch 7 | MSE Loss: 0.5292 | Time taken: 247.8494s
Training set | Epoch 8 | MSE Loss: 0.4647 | Time taken: 238.311s
Training set | Epoch 9 | MSE Loss: 0.4288 | Time taken: 232.6257s
Training set | Epoch 10 | MSE Loss: 0.3793 | Time taken: 233.0171s
Training set | Epoch 11 | MSE Loss: 0.3476 | Time taken: 232.9327s
Training set | Epoch 12 | MSE Loss: 0.3714 | Time taken: 232.8592s
Training set | Epoch 13 | MSE Loss: 0.311 | Time taken: 232.8879s
Training set | Epoch 14 | MSE Loss: 0.3225 | Time taken: 232.8755s
Training set | Epoch 15 | MSE Loss: 0.3046 | Time taken: 232.6419s
Training set | Epoch 16 | MSE Loss: 0.2688 | Time taken: 232.5648s
Training set | Epoch 17 | MSE Loss: 0.285 | Time taken: 232.6026s
Training set | Epoch 18 | MSE Loss: 0.399 | Time taken: 232.7035s
Training set | Epoch 19 | MSE Loss: 0.2257 | Time taken: 232.7163s
Training set | Epoch 20 | MSE Loss: 0.239 | Time taken: 232.5753s
Training set | Epoch 21 | MSE Loss: 0.246 | Time taken: 232.6564s
Training set | Epoch 22 | MSE Loss: 0.2439 | Time taken: 232.5047s
Training set | Epoch 23 | MSE Loss: 0.2337 | Time taken: 232.5883s
Training set | Epoch 24 | MSE Loss: 0.4526 | Time taken: 232.5222s
Training set | Epoch 25 | MSE Loss: 0.2089 | Time taken: 202.0981s


End Training | Total training time taken 5893.2037s


Saving model trained_models/lstm_trained_at_2025_06_17_15_15.pt


Testing model...
Test set | MSE loss: 0.2133 | Total matched: 3,961 out of 5,243 (Accuracy: 75.55%)
