Locating Graph: "star_graph_n7".
Analysis graph: star_graph_n7 | program: maximal_matching | Simulation Type: random, Args: [] | No. of Simulations: 500000 | Scheduler: 0 | Mutual Exclusion: False | Fault Interval: 1
Total configs: 57,344.
Simulation environment: No. of Simulations: 500000 | Scheduler: CENTRAL | ME: False
Time taken: 21.5543s, Running simulation round: 50000
Time taken: 21.509s, Running simulation round: 100000
Time taken: 21.507s, Running simulation round: 150000
Time taken: 21.4109s, Running simulation round: 200000
Time taken: 21.3701s, Running simulation round: 250000
Time taken: 21.4179s, Running simulation round: 300000
Time taken: 21.3433s, Running simulation round: 350000
Time taken: 21.4236s, Running simulation round: 400000
Time taken: 21.4026s, Running simulation round: 450000
Time taken: 21.2158s, Running simulation round: 500000

Saving result at results/maximal_matching/star_graph_n7__0__random_args___500000__False__1.csv
Locating Graph: "star_graph_n7".
Analysis graph: star_graph_n7 | program: maximal_matching | Simulation Type: controlled_at_node, Args: [0] | No. of Simulations: 500000 | Scheduler: 0 | Mutual Exclusion: False | Fault Interval: 1
Total configs: 57,344.
Simulation environment: No. of Simulations: 500000 | Scheduler: CENTRAL | ME: False
Time taken: 20.7637s, Running simulation round: 50000
Time taken: 20.696s, Running simulation round: 100000
Time taken: 20.6046s, Running simulation round: 150000
Time taken: 20.667s, Running simulation round: 200000
Time taken: 20.5397s, Running simulation round: 250000
Time taken: 20.5864s, Running simulation round: 300000
Time taken: 20.573s, Running simulation round: 350000
Time taken: 20.5958s, Running simulation round: 400000
Time taken: 20.5755s, Running simulation round: 450000
Time taken: 20.4305s, Running simulation round: 500000

Saving result at results/maximal_matching/star_graph_n7__0__controlled_at_node_args_0__500000__False__1.csv
Locating Graph: "star_graph_n7".
Analysis graph: star_graph_n7 | program: maximal_matching | Simulation Type: controlled_at_node, Args: [3] | No. of Simulations: 500000 | Scheduler: 0 | Mutual Exclusion: False | Fault Interval: 1
Total configs: 57,344.
Simulation environment: No. of Simulations: 500000 | Scheduler: CENTRAL | ME: False
Time taken: 19.7081s, Running simulation round: 50000
Time taken: 19.5835s, Running simulation round: 100000
Time taken: 19.576s, Running simulation round: 150000
Time taken: 19.7095s, Running simulation round: 200000
Time taken: 19.7063s, Running simulation round: 250000
Time taken: 19.563s, Running simulation round: 300000
Time taken: 19.5777s, Running simulation round: 350000
Time taken: 19.5999s, Running simulation round: 400000
Time taken: 19.4873s, Running simulation round: 450000
Time taken: 19.4827s, Running simulation round: 500000

Saving result at results/maximal_matching/star_graph_n7__0__controlled_at_node_args_3__500000__False__1.csv
Locating Graph: "star_graph_n7".
Analysis graph: star_graph_n7 | program: maximal_matching | Simulation Type: controlled_at_node, Args: [6] | No. of Simulations: 500000 | Scheduler: 0 | Mutual Exclusion: False | Fault Interval: 1
Total configs: 57,344.
Simulation environment: No. of Simulations: 500000 | Scheduler: CENTRAL | ME: False
Time taken: 19.7941s, Running simulation round: 50000
Time taken: 19.8107s, Running simulation round: 100000
Time taken: 19.676s, Running simulation round: 150000
Time taken: 19.7694s, Running simulation round: 200000
Time taken: 19.5009s, Running simulation round: 250000
Time taken: 19.5092s, Running simulation round: 300000
Time taken: 19.5339s, Running simulation round: 350000
Time taken: 19.5792s, Running simulation round: 400000
Time taken: 19.583s, Running simulation round: 450000
Time taken: 19.4549s, Running simulation round: 500000

Saving result at results/maximal_matching/star_graph_n7__0__controlled_at_node_args_6__500000__False__1.csv
Locating Graph: "star_graph_n7".
Analysis graph: star_graph_n7 | program: maximal_matching | Simulation Type: controlled_at_node_duong, Args: [0] | No. of Simulations: 500000 | Scheduler: 0 | Mutual Exclusion: False | Fault Interval: 1
Total configs: 57,344.
Simulation environment: No. of Simulations: 500000 | Scheduler: CENTRAL | ME: False
Time taken: 23.6501s, Running simulation round: 50000
Time taken: 23.6512s, Running simulation round: 100000
Time taken: 23.6272s, Running simulation round: 150000
Time taken: 23.648s, Running simulation round: 200000
Time taken: 23.6891s, Running simulation round: 250000
Time taken: 23.7469s, Running simulation round: 300000
Time taken: 23.7877s, Running simulation round: 350000
Time taken: 23.7339s, Running simulation round: 400000
Time taken: 23.6305s, Running simulation round: 450000
Time taken: 23.5133s, Running simulation round: 500000

Saving result at results/maximal_matching/star_graph_n7__0__controlled_at_node_duong_args_0__500000__False__1.csv
Locating Graph: "star_graph_n7".
Analysis graph: star_graph_n7 | program: maximal_matching | Simulation Type: controlled_at_node_duong, Args: [3] | No. of Simulations: 500000 | Scheduler: 0 | Mutual Exclusion: False | Fault Interval: 1
Total configs: 57,344.
Simulation environment: No. of Simulations: 500000 | Scheduler: CENTRAL | ME: False
Time taken: 23.4668s, Running simulation round: 50000
Time taken: 23.4522s, Running simulation round: 100000
Time taken: 23.4796s, Running simulation round: 150000
Time taken: 23.5671s, Running simulation round: 200000
Time taken: 23.7219s, Running simulation round: 250000
Time taken: 23.7326s, Running simulation round: 300000
Time taken: 23.7116s, Running simulation round: 350000
Time taken: 23.7627s, Running simulation round: 400000
Time taken: 23.636s, Running simulation round: 450000
Time taken: 23.412s, Running simulation round: 500000

Saving result at results/maximal_matching/star_graph_n7__0__controlled_at_node_duong_args_3__500000__False__1.csv
Locating Graph: "star_graph_n7".
Analysis graph: star_graph_n7 | program: maximal_matching | Simulation Type: controlled_at_node_duong, Args: [6] | No. of Simulations: 500000 | Scheduler: 0 | Mutual Exclusion: False | Fault Interval: 1
Total configs: 57,344.
Simulation environment: No. of Simulations: 500000 | Scheduler: CENTRAL | ME: False
Time taken: 23.621s, Running simulation round: 50000
Time taken: 23.7007s, Running simulation round: 100000
Time taken: 23.7211s, Running simulation round: 150000
Time taken: 23.6953s, Running simulation round: 200000
Time taken: 23.6009s, Running simulation round: 250000
Time taken: 23.6108s, Running simulation round: 300000
Time taken: 23.664s, Running simulation round: 350000
Time taken: 23.6733s, Running simulation round: 400000
Time taken: 23.5879s, Running simulation round: 450000
Time taken: 23.4992s, Running simulation round: 500000

Saving result at results/maximal_matching/star_graph_n7__0__controlled_at_node_duong_args_6__500000__False__1.csv
