+ cd simulations
+ python simulate.py --program graph_coloring --no-sim 100000 --fault-interval 2 --graph-names graph_7 --fault-prob 1.0 --simulation-type controlled_at_node_amit_v2 --controlled-at-nodes 0 5 --node-sel-strategy random --limit-steps 100
Locating Graph: "graph_7".
Analysis graph: graph_7 | program: graph_coloring | Simulation Type: controlled_at_node_amit_v2, Args: {'controlled_at_nodes': [0, 5], 'node_sel_strategy': 'random'} | No. of Simulations: 100000 | Scheduler: 0 | Mutual Exclusion: False | Fault Interval: 2
Total configs: 11,520.
Simulation environment: No. of Simulations: 100000 | Scheduler: CENTRAL | ME: False
Time taken: 7.7979s, Running simulation round: 50000
Time taken: 7.6841s, Running simulation round: 100000

Saving result at results/graph_coloring/graph_7__controlled_at_node_amit_v2__ARGS_controlled_at_nodes-0_5--node_sel_strategy-random__N100000__FI2__limits_100.csv
+ python simulate.py --program graph_coloring --no-sim 100000 --fault-interval 2 --graph-names graph_7 --fault-prob 1.0 --simulation-type controlled_at_node_amit_v2 --controlled-at-nodes 0 5 --node-sel-strategy round-robin --limit-steps 100
Locating Graph: "graph_7".
Analysis graph: graph_7 | program: graph_coloring | Simulation Type: controlled_at_node_amit_v2, Args: {'controlled_at_nodes': [0, 5], 'node_sel_strategy': 'round-robin'} | No. of Simulations: 100000 | Scheduler: 0 | Mutual Exclusion: False | Fault Interval: 2
Total configs: 11,520.
Simulation environment: No. of Simulations: 100000 | Scheduler: CENTRAL | ME: False
Time taken: 7.2439s, Running simulation round: 50000
Time taken: 7.3546s, Running simulation round: 100000

Saving result at results/graph_coloring/graph_7__controlled_at_node_amit_v2__ARGS_controlled_at_nodes-0_5--node_sel_strategy-round-robin__N100000__FI2__limits_100.csv
+ python simulate.py --program graph_coloring --no-sim 100000 --fault-interval 2 --graph-names graph_7 --fault-prob 1.0 --simulation-type controlled_at_node_amit_v2 --controlled-at-nodes 0 5 --node-sel-strategy reduced-wt --limit-steps 100
Locating Graph: "graph_7".
Analysis graph: graph_7 | program: graph_coloring | Simulation Type: controlled_at_node_amit_v2, Args: {'controlled_at_nodes': [0, 5], 'node_sel_strategy': 'reduced-wt'} | No. of Simulations: 100000 | Scheduler: 0 | Mutual Exclusion: False | Fault Interval: 2
Total configs: 11,520.
Simulation environment: No. of Simulations: 100000 | Scheduler: CENTRAL | ME: False
Time taken: 7.8532s, Running simulation round: 50000
Time taken: 7.861s, Running simulation round: 100000

Saving result at results/graph_coloring/graph_7__controlled_at_node_amit_v2__ARGS_controlled_at_nodes-0_5--node_sel_strategy-reduced-wt__N100000__FI2__limits_100.csv
