+ cd simulations
+ PROGRAM=graph_coloring
+ GRAPH=graph_10
+ NO_SIMS=100000
+ FAULT_INTERVAL=2
+ LIMIT_STEPS=100
+ SIMULATION_TYPES=("controlled_at_node_amit_v2")
+ for simType in "${SIMULATION_TYPES[@]}"
+ python simulate.py --program graph_coloring --sched 0 --no-sim 100000 --fault-interval 2 --graph-names graph_10 --fault-prob 1.0 --simulation-type controlled_at_node_amit_v2 --controlled-at-node 0 --limit-steps 100
Note: NumExpr detected 48 cores but "NUMEXPR_MAX_THREADS" not set, so enforcing safe limit of 16.
NumExpr defaulting to 16 threads.
Locating Graph: "graph_10".
Analysis graph: graph_10 | program: graph_coloring | Simulation Type: controlled_at_node_amit_v2, Args: [0] | No. of Simulations: 100000 | Scheduler: 0 | Mutual Exclusion: False | Fault Interval: 2
Total configs: 32,000.
Simulation environment: No. of Simulations: 100000 | Scheduler: CENTRAL | ME: False
Time taken: 8.32s, Running simulation round: 50000
Time taken: 8.2402s, Running simulation round: 100000

Saving result at results/graph_coloring/graph_10__0__controlled_at_node_amit_v2_args_0__100000__False__2__limits_100.csv
+ python simulate.py --program graph_coloring --sched 0 --no-sim 100000 --fault-interval 2 --graph-names graph_10 --fault-prob 1.0 --simulation-type controlled_at_node_amit_v2 --controlled-at-node 4 --limit-steps 100
Note: NumExpr detected 48 cores but "NUMEXPR_MAX_THREADS" not set, so enforcing safe limit of 16.
NumExpr defaulting to 16 threads.
Locating Graph: "graph_10".
Analysis graph: graph_10 | program: graph_coloring | Simulation Type: controlled_at_node_amit_v2, Args: [4] | No. of Simulations: 100000 | Scheduler: 0 | Mutual Exclusion: False | Fault Interval: 2
Total configs: 32,000.
Simulation environment: No. of Simulations: 100000 | Scheduler: CENTRAL | ME: False
Time taken: 9.055s, Running simulation round: 50000
Time taken: 8.995s, Running simulation round: 100000

Saving result at results/graph_coloring/graph_10__0__controlled_at_node_amit_v2_args_4__100000__False__2__limits_100.csv
+ python simulate.py --program graph_coloring --sched 0 --no-sim 100000 --fault-interval 2 --graph-names graph_10 --fault-prob 1.0 --simulation-type controlled_at_node_amit_v2 --controlled-at-node 9 --limit-steps 100
Note: NumExpr detected 48 cores but "NUMEXPR_MAX_THREADS" not set, so enforcing safe limit of 16.
NumExpr defaulting to 16 threads.
Locating Graph: "graph_10".
Analysis graph: graph_10 | program: graph_coloring | Simulation Type: controlled_at_node_amit_v2, Args: [9] | No. of Simulations: 100000 | Scheduler: 0 | Mutual Exclusion: False | Fault Interval: 2
Total configs: 32,000.
Simulation environment: No. of Simulations: 100000 | Scheduler: CENTRAL | ME: False
Time taken: 8.0069s, Running simulation round: 50000
Time taken: 7.939s, Running simulation round: 100000

Saving result at results/graph_coloring/graph_10__0__controlled_at_node_amit_v2_args_9__100000__False__2__limits_100.csv
