+ cd simulations
+ PROGRAM=dijkstra_token_ring
+ GRAPH=implicit_graph_n10
+ NO_SIMS=10000
+ LIMIT_STEPS=100
+ FAULT_INTERVALS=(2 3)
+ SIMULATION_TYPE=controlled_at_node_amit_v2
+ for FI in "${FAULT_INTERVALS[@]}"
+ python simulate.py --program dijkstra_token_ring --no-sim 10000 --fault-interval 2 --graph-names implicit_graph_n10 --fault-prob 1.0 --simulation-type controlled_at_node_amit_v2 --controlled-at-nodes 0 9 --node-sel-strategy random --limit-steps 100
Locating Graph: "implicit_graph_n10".
Analysis graph: implicit_graph_n10 | program: dijkstra_token_ring | Simulation Type: controlled_at_node_amit_v2, Args: {'controlled_at_nodes': [0, 9], 'node_sel_strategy': 'random'} | No. of Simulations: 10000 | Scheduler: 0 | Mutual Exclusion: False | Fault Interval: 2
Total configs: 59,049.
Simulation environment: No. of Simulations: 10000 | Scheduler: CENTRAL | ME: False

Saving result at results/dijkstra_token_ring/implicit_graph_n10__controlled_at_node_amit_v2__ARGS_controlled_at_nodes-0_9--node_sel_strategy-random__N10000__FI2__limits_100.csv
+ python simulate.py --program dijkstra_token_ring --no-sim 10000 --fault-interval 2 --graph-names implicit_graph_n10 --fault-prob 1.0 --simulation-type controlled_at_node_amit_v2 --controlled-at-nodes 0 9 --node-sel-strategy round-robin --limit-steps 100
Locating Graph: "implicit_graph_n10".
Analysis graph: implicit_graph_n10 | program: dijkstra_token_ring | Simulation Type: controlled_at_node_amit_v2, Args: {'controlled_at_nodes': [0, 9], 'node_sel_strategy': 'round-robin'} | No. of Simulations: 10000 | Scheduler: 0 | Mutual Exclusion: False | Fault Interval: 2
Total configs: 59,049.
Simulation environment: No. of Simulations: 10000 | Scheduler: CENTRAL | ME: False

Saving result at results/dijkstra_token_ring/implicit_graph_n10__controlled_at_node_amit_v2__ARGS_controlled_at_nodes-0_9--node_sel_strategy-round-robin__N10000__FI2__limits_100.csv
+ python simulate.py --program dijkstra_token_ring --no-sim 10000 --fault-interval 2 --graph-names implicit_graph_n10 --fault-prob 1.0 --simulation-type controlled_at_node_amit_v2 --controlled-at-nodes 0 9 --node-sel-strategy reduced-wt --limit-steps 100
Locating Graph: "implicit_graph_n10".
Analysis graph: implicit_graph_n10 | program: dijkstra_token_ring | Simulation Type: controlled_at_node_amit_v2, Args: {'controlled_at_nodes': [0, 9], 'node_sel_strategy': 'reduced-wt'} | No. of Simulations: 10000 | Scheduler: 0 | Mutual Exclusion: False | Fault Interval: 2
Total configs: 59,049.
Simulation environment: No. of Simulations: 10000 | Scheduler: CENTRAL | ME: False

Saving result at results/dijkstra_token_ring/implicit_graph_n10__controlled_at_node_amit_v2__ARGS_controlled_at_nodes-0_9--node_sel_strategy-reduced-wt__N10000__FI2__limits_100.csv
+ for FI in "${FAULT_INTERVALS[@]}"
+ python simulate.py --program dijkstra_token_ring --no-sim 10000 --fault-interval 3 --graph-names implicit_graph_n10 --fault-prob 1.0 --simulation-type controlled_at_node_amit_v2 --controlled-at-nodes 0 9 --node-sel-strategy random --limit-steps 100
Locating Graph: "implicit_graph_n10".
Analysis graph: implicit_graph_n10 | program: dijkstra_token_ring | Simulation Type: controlled_at_node_amit_v2, Args: {'controlled_at_nodes': [0, 9], 'node_sel_strategy': 'random'} | No. of Simulations: 10000 | Scheduler: 0 | Mutual Exclusion: False | Fault Interval: 3
Total configs: 59,049.
Simulation environment: No. of Simulations: 10000 | Scheduler: CENTRAL | ME: False

Saving result at results/dijkstra_token_ring/implicit_graph_n10__controlled_at_node_amit_v2__ARGS_controlled_at_nodes-0_9--node_sel_strategy-random__N10000__FI3__limits_100.csv
+ python simulate.py --program dijkstra_token_ring --no-sim 10000 --fault-interval 3 --graph-names implicit_graph_n10 --fault-prob 1.0 --simulation-type controlled_at_node_amit_v2 --controlled-at-nodes 0 9 --node-sel-strategy round-robin --limit-steps 100
Locating Graph: "implicit_graph_n10".
Analysis graph: implicit_graph_n10 | program: dijkstra_token_ring | Simulation Type: controlled_at_node_amit_v2, Args: {'controlled_at_nodes': [0, 9], 'node_sel_strategy': 'round-robin'} | No. of Simulations: 10000 | Scheduler: 0 | Mutual Exclusion: False | Fault Interval: 3
Total configs: 59,049.
Simulation environment: No. of Simulations: 10000 | Scheduler: CENTRAL | ME: False

Saving result at results/dijkstra_token_ring/implicit_graph_n10__controlled_at_node_amit_v2__ARGS_controlled_at_nodes-0_9--node_sel_strategy-round-robin__N10000__FI3__limits_100.csv
+ python simulate.py --program dijkstra_token_ring --no-sim 10000 --fault-interval 3 --graph-names implicit_graph_n10 --fault-prob 1.0 --simulation-type controlled_at_node_amit_v2 --controlled-at-nodes 0 9 --node-sel-strategy reduced-wt --limit-steps 100
Locating Graph: "implicit_graph_n10".
Analysis graph: implicit_graph_n10 | program: dijkstra_token_ring | Simulation Type: controlled_at_node_amit_v2, Args: {'controlled_at_nodes': [0, 9], 'node_sel_strategy': 'reduced-wt'} | No. of Simulations: 10000 | Scheduler: 0 | Mutual Exclusion: False | Fault Interval: 3
Total configs: 59,049.
Simulation environment: No. of Simulations: 10000 | Scheduler: CENTRAL | ME: False

Saving result at results/dijkstra_token_ring/implicit_graph_n10__controlled_at_node_amit_v2__ARGS_controlled_at_nodes-0_9--node_sel_strategy-reduced-wt__N10000__FI3__limits_100.csv
