Locating Graph: "graph_powerlaw_cluster_graph_n7".
Analysis graph: graph_powerlaw_cluster_graph_n7 | program: maximal_matching | Simulation Type: controlled_at_node_duong, Args: [4] | No. of Simulations: 500000 | Scheduler: 0 | Mutual Exclusion: False | Fault Interval: 1
Total configs: 3,456,000.
Simulation environment: No. of Simulations: 500000 | Scheduler: CENTRAL | ME: False
Time taken: 57.3735s, Running simulation round: 50000
Time taken: 57.2201s, Running simulation round: 100000
Time taken: 57.144s, Running simulation round: 150000
Time taken: 57.2413s, Running simulation round: 200000
Time taken: 57.2738s, Running simulation round: 250000
Time taken: 57.925s, Running simulation round: 300000
Time taken: 57.969s, Running simulation round: 350000
Time taken: 57.8801s, Running simulation round: 400000
Time taken: 57.6272s, Running simulation round: 450000
Time taken: 57.0863s, Running simulation round: 500000

Saving result at results/maximal_matching/graph_powerlaw_cluster_graph_n7__0__controlled_at_node_duong_args_4__500000__False__1.csv
Locating Graph: "graph_powerlaw_cluster_graph_n7".
Analysis graph: graph_powerlaw_cluster_graph_n7 | program: maximal_matching | Simulation Type: controlled_at_node_duong, Args: [5] | No. of Simulations: 500000 | Scheduler: 0 | Mutual Exclusion: False | Fault Interval: 1
Total configs: 3,456,000.
Simulation environment: No. of Simulations: 500000 | Scheduler: CENTRAL | ME: False
Time taken: 56.7256s, Running simulation round: 50000
Time taken: 57.0961s, Running simulation round: 100000
Time taken: 57.0554s, Running simulation round: 150000
Time taken: 56.8472s, Running simulation round: 200000
Time taken: 56.6275s, Running simulation round: 250000
Time taken: 56.6228s, Running simulation round: 300000
Time taken: 56.7043s, Running simulation round: 350000
Time taken: 56.7011s, Running simulation round: 400000
Time taken: 56.418s, Running simulation round: 450000
Time taken: 55.9297s, Running simulation round: 500000

Saving result at results/maximal_matching/graph_powerlaw_cluster_graph_n7__0__controlled_at_node_duong_args_5__500000__False__1.csv
