Timestamp: 1750120680.527264 | Program: maximal_matching | Training with Graphs: star_graph_n7, graph_powerlaw_cluster_graph_n7, graph_random_regular_graph_n7_d4 | Batch size: 256 | Epochs: 25 | Hidden size: 32 | Num layers: 3.


Train dataset size: 13,243,077, Subset size: 200,000 | Test dataset size: 270,267


Model SimpleLSTM(
  (lstm): GRU(3, 32, num_layers=3, batch_first=True)
  (norm): LayerNorm((32,), eps=1e-05, elementwise_affine=True)
  (h2o): Linear(in_features=32, out_features=1, bias=True)
)
Total parameters: 16,321


Training set | Epoch 1 | MSE Loss: 17.2966 | Time taken: 545.0083s
Training set | Epoch 2 | MSE Loss: 7.497 | Time taken: 544.5238s
Training set | Epoch 3 | MSE Loss: 5.0672 | Time taken: 542.5828s
Training set | Epoch 4 | MSE Loss: 4.6844 | Time taken: 545.5679s
Training set | Epoch 5 | MSE Loss: 5.1903 | Time taken: 545.7999s
Training set | Epoch 6 | MSE Loss: 4.0235 | Time taken: 544.2086s
Training set | Epoch 7 | MSE Loss: 4.516 | Time taken: 539.7682s
Training set | Epoch 8 | MSE Loss: 3.7452 | Time taken: 539.3576s
Training set | Epoch 9 | MSE Loss: 3.3638 | Time taken: 537.4026s
Training set | Epoch 10 | MSE Loss: 3.734 | Time taken: 534.6333s
Training set | Epoch 11 | MSE Loss: 3.4194 | Time taken: 534.6221s
Training set | Epoch 12 | MSE Loss: 2.3862 | Time taken: 534.5966s
Training set | Epoch 13 | MSE Loss: 2.646 | Time taken: 534.5054s
Training set | Epoch 14 | MSE Loss: 2.6487 | Time taken: 534.589s
Training set | Epoch 15 | MSE Loss: 2.6185 | Time taken: 534.4014s
Training set | Epoch 16 | MSE Loss: 2.1063 | Time taken: 532.4252s
Training set | Epoch 17 | MSE Loss: 1.8251 | Time taken: 532.57s
Training set | Epoch 18 | MSE Loss: 1.7247 | Time taken: 533.143s
Training set | Epoch 19 | MSE Loss: 2.0307 | Time taken: 533.8045s
Training set | Epoch 20 | MSE Loss: 2.3799 | Time taken: 536.0719s
Training set | Epoch 21 | MSE Loss: 1.8848 | Time taken: 534.5149s
Training set | Epoch 22 | MSE Loss: 4.1423 | Time taken: 533.9912s
Training set | Epoch 23 | MSE Loss: 3.5259 | Time taken: 533.1524s
Training set | Epoch 24 | MSE Loss: 2.9319 | Time taken: 533.8547s
Training set | Epoch 25 | MSE Loss: 2.3863 | Time taken: 532.9553s


End Training | Total training time taken 13428.0738s


Saving model trained_models/lstm_trained_at_2025_06_16_22_22.pt


Testing model...
Test set | MSE loss: 2.0584 | Total matched: 103,169 out of 270,267 (Accuracy: 38.17%)
