+ cd gnn
+ python cvf_analysis_mpi.py --model lstm_trained_at_2025_06_26_20_32 --program maximal_matching --graph-names graph_random_regular_graph_n7_d4
MPI comm size: 1
Node: 0 | Using device: cuda
Starting for graph_random_regular_graph_n7_d4.
Total configs: 10,000,000.
Data indices range: 0 to 10,000,000.
Done ML CVF Analysis!
Node: 0 | Completed aggregation.
Complete for graph_random_regular_graph_n7_d4.

=== Runtime Report : 0 ===
Node: 0 | get_dataset: 0.177891s
Node: 0 | get_model: 0.024723s
Node: 0 | __getitem__: 40620.019994s
Node: 0 | get_perturbed_states: 5.923739s
Node: 0 | get_rank: 4062.722087s
Node: 0 | get_ml_rank_effect: 48759.860641s
Node: 0 | group_data: 0.000619s
Node: 0 | aggregation: 5.820219s
Node: 0 | gather_aggregate: 0.002564s
Node: 0 | aggregation_n_save: 5.825752s
Node: 0 | ml_cvf_analysis: 48768.232534s
Node: 0 | get_fa_results: 0.010546s
Node: 0 | main: 48768.243289s
=== End Report : 0 ===


