+ cd simulations
+ PROGRAM=dijkstra_token_ring
+ GRAPH=implicit_graph_n10
+ NO_SIMS=100000
+ FAULT_INTERVAL=3
+ LIMIT_STEPS=100
+ SIMULATION_TYPES=("controlled_at_node_amit_v2")
+ for simType in "${SIMULATION_TYPES[@]}"
+ python simulate.py --program dijkstra_token_ring --sched 0 --no-sim 100000 --fault-interval 3 --graph-names implicit_graph_n10 --fault-prob 1.0 --simulation-type controlled_at_node_amit_v2 --controlled-at-node 0 --limit-steps 100
Note: NumExpr detected 48 cores but "NUMEXPR_MAX_THREADS" not set, so enforcing safe limit of 16.
NumExpr defaulting to 16 threads.
Locating Graph: "implicit_graph_n10".
Analysis graph: implicit_graph_n10 | program: dijkstra_token_ring | Simulation Type: controlled_at_node_amit_v2, Args: [0] | No. of Simulations: 100000 | Scheduler: 0 | Mutual Exclusion: False | Fault Interval: 3
Total configs: 59,049.
Simulation environment: No. of Simulations: 100000 | Scheduler: CENTRAL | ME: False
Time taken: 43.4231s, Running simulation round: 50000
Time taken: 43.3876s, Running simulation round: 100000

Saving result at results/dijkstra_token_ring/implicit_graph_n10__0__controlled_at_node_amit_v2_args_0__100000__False__3__limits_100.csv
+ python simulate.py --program dijkstra_token_ring --sched 0 --no-sim 100000 --fault-interval 3 --graph-names implicit_graph_n10 --fault-prob 1.0 --simulation-type controlled_at_node_amit_v2 --controlled-at-node 1 --limit-steps 100
Note: NumExpr detected 48 cores but "NUMEXPR_MAX_THREADS" not set, so enforcing safe limit of 16.
NumExpr defaulting to 16 threads.
Locating Graph: "implicit_graph_n10".
Analysis graph: implicit_graph_n10 | program: dijkstra_token_ring | Simulation Type: controlled_at_node_amit_v2, Args: [1] | No. of Simulations: 100000 | Scheduler: 0 | Mutual Exclusion: False | Fault Interval: 3
Total configs: 59,049.
Simulation environment: No. of Simulations: 100000 | Scheduler: CENTRAL | ME: False
Time taken: 47.8656s, Running simulation round: 50000
Time taken: 47.5787s, Running simulation round: 100000

Saving result at results/dijkstra_token_ring/implicit_graph_n10__0__controlled_at_node_amit_v2_args_1__100000__False__3__limits_100.csv
+ python simulate.py --program dijkstra_token_ring --sched 0 --no-sim 100000 --fault-interval 3 --graph-names implicit_graph_n10 --fault-prob 1.0 --simulation-type controlled_at_node_amit_v2 --controlled-at-node 9 --limit-steps 100
Note: NumExpr detected 48 cores but "NUMEXPR_MAX_THREADS" not set, so enforcing safe limit of 16.
NumExpr defaulting to 16 threads.
Locating Graph: "implicit_graph_n10".
Analysis graph: implicit_graph_n10 | program: dijkstra_token_ring | Simulation Type: controlled_at_node_amit_v2, Args: [9] | No. of Simulations: 100000 | Scheduler: 0 | Mutual Exclusion: False | Fault Interval: 3
Total configs: 59,049.
Simulation environment: No. of Simulations: 100000 | Scheduler: CENTRAL | ME: False
Time taken: 34.1611s, Running simulation round: 50000
Time taken: 34.0116s, Running simulation round: 100000

Saving result at results/dijkstra_token_ring/implicit_graph_n10__0__controlled_at_node_amit_v2_args_9__100000__False__3__limits_100.csv
