+ cd simulations
+ python simulate.py --program graph_coloring --no-sim 100000 --fault-interval 2 --graph-names graph_7 --fault-prob 1.0 --simulation-type controlled_at_node_amit_v2 --controlled-at-nodes 0 4 --node-sel-strategy random
Locating Graph: "graph_7".
Analysis graph: graph_7 | program: graph_coloring | Simulation Type: controlled_at_node_amit_v2, Args: {'controlled_at_nodes': [0, 4], 'node_sel_strategy': 'random'} | No. of Simulations: 100000 | Scheduler: 0 | Mutual Exclusion: False | Fault Interval: 2
Total configs: 11,520.
Simulation environment: No. of Simulations: 100000 | Scheduler: CENTRAL | ME: False
Time taken: 8.5641s, Running simulation round: 50000
Time taken: 8.526s, Running simulation round: 100000

Saving result at results/graph_coloring/graph_7__controlled_at_node_amit_v2__ARGS_controlled_at_nodes-0_4--node_sel_strategy-random__N100000__FI2__.csv
+ python simulate.py --program graph_coloring --no-sim 100000 --fault-interval 2 --graph-names graph_7 --fault-prob 1.0 --simulation-type controlled_at_node_amit_v2 --controlled-at-nodes 0 4 --node-sel-strategy round-robin
Locating Graph: "graph_7".
Analysis graph: graph_7 | program: graph_coloring | Simulation Type: controlled_at_node_amit_v2, Args: {'controlled_at_nodes': [0, 4], 'node_sel_strategy': 'round-robin'} | No. of Simulations: 100000 | Scheduler: 0 | Mutual Exclusion: False | Fault Interval: 2
Total configs: 11,520.
Simulation environment: No. of Simulations: 100000 | Scheduler: CENTRAL | ME: False
Time taken: 8.3714s, Running simulation round: 50000
Time taken: 8.3719s, Running simulation round: 100000

Saving result at results/graph_coloring/graph_7__controlled_at_node_amit_v2__ARGS_controlled_at_nodes-4_0--node_sel_strategy-round-robin__N100000__FI2__.csv
+ python simulate.py --program graph_coloring --no-sim 100000 --fault-interval 2 --graph-names graph_7 --fault-prob 1.0 --simulation-type controlled_at_node_amit_v2 --controlled-at-nodes 0 4 --node-sel-strategy reduced-wt
Locating Graph: "graph_7".
Analysis graph: graph_7 | program: graph_coloring | Simulation Type: controlled_at_node_amit_v2, Args: {'controlled_at_nodes': [0, 4], 'node_sel_strategy': 'reduced-wt'} | No. of Simulations: 100000 | Scheduler: 0 | Mutual Exclusion: False | Fault Interval: 2
Total configs: 11,520.
Simulation environment: No. of Simulations: 100000 | Scheduler: CENTRAL | ME: False
Time taken: 9.0915s, Running simulation round: 50000
Time taken: 9.1801s, Running simulation round: 100000

Saving result at results/graph_coloring/graph_7__controlled_at_node_amit_v2__ARGS_controlled_at_nodes-0_4--node_sel_strategy-reduced-wt__N100000__FI2__.csv
