Timestamp: 1750189056.591058 | Program: maximal_matching | Training with Graphs: graph_powerlaw_cluster_graph_n6 | Batch size: 256 | Epochs: 25 | Hidden size: 32 | Num layers: 2.


Train dataset size: 192,675, Subset size: 200,000 | Test dataset size: 3,933


/home/agaru/.conda/envs/cvf/lib/python3.13/site-packages/torch/cuda/__init__.py:789: UserWarning: Can't initialize NVML
  warnings.warn("Can't initialize NVML")
Model SimpleLSTM(
  (lstm): GRU(3, 32, num_layers=2, batch_first=True)
  (norm): LayerNorm((32,), eps=1e-05, elementwise_affine=True)
  (h2o): Linear(in_features=32, out_features=1, bias=True)
)
Total parameters: 9,985


Training set | Epoch 1 | MSE Loss: 12.27 | Time taken: 248.1573s
Training set | Epoch 2 | MSE Loss: 1.8815 | Time taken: 238.9504s
Training set | Epoch 3 | MSE Loss: 0.9297 | Time taken: 234.7351s
Training set | Epoch 4 | MSE Loss: 0.6701 | Time taken: 235.6305s
Training set | Epoch 5 | MSE Loss: 0.5299 | Time taken: 236.0883s
Training set | Epoch 6 | MSE Loss: 0.4332 | Time taken: 237.3736s
Training set | Epoch 7 | MSE Loss: 0.3748 | Time taken: 237.2868s
Training set | Epoch 8 | MSE Loss: 0.3365 | Time taken: 230.4062s
Training set | Epoch 9 | MSE Loss: 0.3004 | Time taken: 224.3328s
Training set | Epoch 10 | MSE Loss: 0.2776 | Time taken: 223.8711s
Training set | Epoch 11 | MSE Loss: 0.2554 | Time taken: 224.1053s
Training set | Epoch 12 | MSE Loss: 0.421 | Time taken: 224.5002s
Training set | Epoch 13 | MSE Loss: 0.2206 | Time taken: 224.3129s
Training set | Epoch 14 | MSE Loss: 0.2096 | Time taken: 223.9807s
Training set | Epoch 15 | MSE Loss: 0.2226 | Time taken: 223.5501s
Training set | Epoch 16 | MSE Loss: 0.1928 | Time taken: 223.2949s
Training set | Epoch 17 | MSE Loss: 0.2647 | Time taken: 223.5034s
Training set | Epoch 18 | MSE Loss: 0.1812 | Time taken: 223.5913s
Training set | Epoch 19 | MSE Loss: 0.1755 | Time taken: 223.2098s
Training set | Epoch 20 | MSE Loss: 0.1785 | Time taken: 223.5984s
Training set | Epoch 21 | MSE Loss: 0.1778 | Time taken: 223.5518s
Training set | Epoch 22 | MSE Loss: 0.2166 | Time taken: 224.0188s
Training set | Epoch 23 | MSE Loss: 0.164 | Time taken: 223.9687s
Training set | Epoch 24 | MSE Loss: 0.1727 | Time taken: 223.6066s
Training set | Epoch 25 | MSE Loss: 0.3199 | Time taken: 224.1614s


End Training | Total training time taken 5703.7921s


Saving model trained_models/lstm_trained_at_2025_06_17_15_12.pt


Testing model...
Test set | MSE loss: 0.1827 | Total matched: 3,068 out of 3,933 (Accuracy: 78.01%)
