+ cd simulations
+ python simulate.py --program graph_coloring --sched 0 --no-sim 500000 --fault-interval 1 --graph-names star_graph_n13 --fault-prob 1.0 --simulation-type random
Note: NumExpr detected 48 cores but "NUMEXPR_MAX_THREADS" not set, so enforcing safe limit of 16.
NumExpr defaulting to 16 threads.
Locating Graph: "star_graph_n13".
Analysis graph: star_graph_n13 | program: graph_coloring | Simulation Type: random, Args: [] | No. of Simulations: 500000 | Scheduler: 0 | Mutual Exclusion: False | Fault Interval: 1
Total configs: 53,248.
Simulation environment: No. of Simulations: 500000 | Scheduler: CENTRAL | ME: False
Time taken: 8.3473s, Running simulation round: 50000
Time taken: 8.347s, Running simulation round: 100000
Time taken: 8.328s, Running simulation round: 150000
Time taken: 8.3391s, Running simulation round: 200000
Time taken: 8.2937s, Running simulation round: 250000
Time taken: 8.292s, Running simulation round: 300000
Time taken: 8.3291s, Running simulation round: 350000
Time taken: 8.299s, Running simulation round: 400000
Time taken: 8.3146s, Running simulation round: 450000
Time taken: 8.262s, Running simulation round: 500000

Saving result at results/coloring/star_graph_n13__0__random_args___500000__False__1.csv
+ python simulate.py --program graph_coloring --sched 0 --no-sim 500000 --fault-interval 1 --graph-names star_graph_n13 --fault-prob 1.0 --simulation-type controlled_at_node_duong --controlled-at-node 0
Note: NumExpr detected 48 cores but "NUMEXPR_MAX_THREADS" not set, so enforcing safe limit of 16.
NumExpr defaulting to 16 threads.
Locating Graph: "star_graph_n13".
Analysis graph: star_graph_n13 | program: graph_coloring | Simulation Type: controlled_at_node_duong, Args: [0] | No. of Simulations: 500000 | Scheduler: 0 | Mutual Exclusion: False | Fault Interval: 1
Total configs: 53,248.
Simulation environment: No. of Simulations: 500000 | Scheduler: CENTRAL | ME: False
Time taken: 10.7762s, Running simulation round: 50000
Time taken: 10.7902s, Running simulation round: 100000
Time taken: 10.7917s, Running simulation round: 150000
Time taken: 10.754s, Running simulation round: 200000
Time taken: 10.7398s, Running simulation round: 250000
Time taken: 10.76s, Running simulation round: 300000
Time taken: 10.74s, Running simulation round: 350000
Time taken: 10.7265s, Running simulation round: 400000
Time taken: 10.7313s, Running simulation round: 450000
Time taken: 10.6726s, Running simulation round: 500000

Saving result at results/coloring/star_graph_n13__0__controlled_at_node_duong_args_0__500000__False__1.csv
+ python simulate.py --program graph_coloring --sched 0 --no-sim 500000 --fault-interval 1 --graph-names star_graph_n13 --fault-prob 1.0 --simulation-type controlled_at_node_duong --controlled-at-node 5
Note: NumExpr detected 48 cores but "NUMEXPR_MAX_THREADS" not set, so enforcing safe limit of 16.
NumExpr defaulting to 16 threads.
Locating Graph: "star_graph_n13".
Analysis graph: star_graph_n13 | program: graph_coloring | Simulation Type: controlled_at_node_duong, Args: [5] | No. of Simulations: 500000 | Scheduler: 0 | Mutual Exclusion: False | Fault Interval: 1
Total configs: 53,248.
Simulation environment: No. of Simulations: 500000 | Scheduler: CENTRAL | ME: False
Time taken: 10.7711s, Running simulation round: 50000
Time taken: 10.7552s, Running simulation round: 100000
Time taken: 10.7513s, Running simulation round: 150000
Time taken: 10.7917s, Running simulation round: 200000
Time taken: 10.7763s, Running simulation round: 250000
Time taken: 10.7806s, Running simulation round: 300000
Time taken: 10.7968s, Running simulation round: 350000
Time taken: 10.7698s, Running simulation round: 400000
Time taken: 10.804s, Running simulation round: 450000
Time taken: 10.7748s, Running simulation round: 500000

Saving result at results/coloring/star_graph_n13__0__controlled_at_node_duong_args_5__500000__False__1.csv
+ python simulate.py --program graph_coloring --sched 0 --no-sim 500000 --fault-interval 1 --graph-names star_graph_n13 --fault-prob 1.0 --simulation-type controlled_at_node_duong --controlled-at-node 9
Note: NumExpr detected 48 cores but "NUMEXPR_MAX_THREADS" not set, so enforcing safe limit of 16.
NumExpr defaulting to 16 threads.
Locating Graph: "star_graph_n13".
Analysis graph: star_graph_n13 | program: graph_coloring | Simulation Type: controlled_at_node_duong, Args: [9] | No. of Simulations: 500000 | Scheduler: 0 | Mutual Exclusion: False | Fault Interval: 1
Total configs: 53,248.
Simulation environment: No. of Simulations: 500000 | Scheduler: CENTRAL | ME: False
Time taken: 10.6708s, Running simulation round: 50000
Time taken: 10.7003s, Running simulation round: 100000
Time taken: 10.6762s, Running simulation round: 150000
Time taken: 10.5363s, Running simulation round: 200000
Time taken: 10.6054s, Running simulation round: 250000
Time taken: 10.5814s, Running simulation round: 300000
Time taken: 10.5459s, Running simulation round: 350000
Time taken: 10.521s, Running simulation round: 400000
Time taken: 10.5692s, Running simulation round: 450000
Time taken: 10.4798s, Running simulation round: 500000

Saving result at results/coloring/star_graph_n13__0__controlled_at_node_duong_args_9__500000__False__1.csv
