Timestamp: 1747289139.620857 | Program: maximal_matching | Training with Graphs: star_graph_n7, graph_powerlaw_cluster_graph_n7, graph_random_regular_graph_n7_d4 | Batch size: 256 | Epochs: 20 | Hidden size: 32 | Num layers: 1.


Train dataset size: 13,243,077, Subset size: 100,000 | Test dataset size: 270,267


Model SimpleLSTM(
  (lstm): GRU(3, 32, batch_first=True)
  (norm): LayerNorm((32,), eps=1e-05, elementwise_affine=True)
  (h2o): Linear(in_features=32, out_features=1, bias=True)
)
Total parameters: 3,649


Training set | Epoch 1 | MSE Loss: 27.4457 | Time taken: 61.8299s
Training set | Epoch 2 | MSE Loss: 15.0438 | Time taken: 62.1849s
Training set | Epoch 3 | MSE Loss: 12.7575 | Time taken: 61.6944s
Training set | Epoch 4 | MSE Loss: 12.3522 | Time taken: 61.9628s
Training set | Epoch 5 | MSE Loss: 11.2389 | Time taken: 61.6309s
Training set | Epoch 6 | MSE Loss: 10.6747 | Time taken: 72.0316s
Training set | Epoch 7 | MSE Loss: 10.0056 | Time taken: 126.8427s
Training set | Epoch 8 | MSE Loss: 9.7053 | Time taken: 126.4816s
Training set | Epoch 9 | MSE Loss: 9.435 | Time taken: 125.8647s
Training set | Epoch 10 | MSE Loss: 9.0251 | Time taken: 125.5292s
Training set | Epoch 11 | MSE Loss: 8.7323 | Time taken: 126.7577s
Training set | Epoch 12 | MSE Loss: 8.687 | Time taken: 159.3784s
Training set | Epoch 13 | MSE Loss: 8.2639 | Time taken: 175.7801s
Training set | Epoch 14 | MSE Loss: 8.0019 | Time taken: 141.6654s
Training set | Epoch 15 | MSE Loss: 7.7923 | Time taken: 126.1221s
Training set | Epoch 16 | MSE Loss: 7.8147 | Time taken: 126.6285s
Training set | Epoch 17 | MSE Loss: 7.5201 | Time taken: 128.1475s
Training set | Epoch 18 | MSE Loss: 7.3521 | Time taken: 130.1409s
Training set | Epoch 19 | MSE Loss: 7.0343 | Time taken: 114.7617s
Training set | Epoch 20 | MSE Loss: 6.9104 | Time taken: 60.4572s


End Training | Total training time taken 2175.9014s


Saving model trained_models/lstm_trained_at_2025_05_15_00_42.pt


Testing model...
Test set | MSE loss: 9.8917 | Total matched: 37,341 out of 270,267 (Accuracy: 13.82%)
