Timestamp: 1747271760.089266 | Program: maximal_matching | Training with Graphs: star_graph_n7, graph_powerlaw_cluster_graph_n7 | Batch size: 64 | Epochs: 10 | Hidden size: 32 | Num layers: 1.


Train dataset size: 2,986,342 | Test dataset size: 527,002


Model SimpleLSTM(
  (lstm): GRU(3, 32, batch_first=True)
  (norm): LayerNorm((32,), eps=1e-05, elementwise_affine=True)
  (h2o): Linear(in_features=32, out_features=1, bias=True)
)
Total parameters: 3,649


Training set | Epoch 1 | MSE Loss: 7.6608 | Time taken: 625.2615s
Training set | Epoch 2 | MSE Loss: 9.5284 | Time taken: 605.4866s
Training set | Epoch 3 | MSE Loss: 8.9968 | Time taken: 603.8679s
Training set | Epoch 4 | MSE Loss: 8.4839 | Time taken: 603.932s
Training set | Epoch 5 | MSE Loss: 8.0228 | Time taken: 603.7001s
Training set | Epoch 6 | MSE Loss: 7.7569 | Time taken: 604.3789s
Training set | Epoch 7 | MSE Loss: 7.263 | Time taken: 601.2005s
Training set | Epoch 8 | MSE Loss: 7.327 | Time taken: 602.4092s
Training set | Epoch 9 | MSE Loss: 7.11 | Time taken: 603.4298s
Training set | Epoch 10 | MSE Loss: 7.1293 | Time taken: 603.7201s


End Training | Total training time taken 6057.4881s


Saving model trained_models/lstm_trained_at_2025_05_14_20_57.pt


Testing model...
Test set | MSE loss: 8.7197 | Total matched: 81,016 out of 527,002 (Accuracy: 15.37%)
