Starting with 50 epochs and 1024 batch size.
Total configs: 2,187.
Train Datasets: ['implicit_graph_n7']
Train Dataset size: 77,076,249
Max sequence length: 47
Spectral embedding dim: 2
CausalTransformer(
  (embedding): EmbeddingProjectionModel(
    (projection): Linear(in_features=7, out_features=8, bias=True)
  )
  (transformer): TransformerDecoder(
    (layers): ModuleList(
      (0-1): 2 x TransformerDecoderLayer(
        (self_attn): MultiheadAttention(
          (out_proj): NonDynamicallyQuantizableLinear(in_features=8, out_features=8, bias=True)
        )
        (multihead_attn): MultiheadAttention(
          (out_proj): NonDynamicallyQuantizableLinear(in_features=8, out_features=8, bias=True)
        )
        (linear1): Linear(in_features=8, out_features=2048, bias=True)
        (dropout): Dropout(p=0.1, inplace=False)
        (linear2): Linear(in_features=2048, out_features=8, bias=True)
        (norm1): LayerNorm((8,), eps=1e-05, elementwise_affine=True)
        (norm2): LayerNorm((8,), eps=1e-05, elementwise_affine=True)
        (norm3): LayerNorm((8,), eps=1e-05, elementwise_affine=True)
        (dropout1): Dropout(p=0.1, inplace=False)
        (dropout2): Dropout(p=0.1, inplace=False)
        (dropout3): Dropout(p=0.1, inplace=False)
      )
    )
  )
  (output_head): Linear(in_features=8, out_features=1, bias=True)
)
Total parameters: 70,969
Training set | Epoch 1 | MSE Loss: 1169.114 | Time taken: 50.4846s
Training set | Epoch 2 | MSE Loss: 1065.2605 | Time taken: 49.825s
