Starting with 50 epochs and 512 batch size.
Total configs: 448.
Total configs: 78,125.
Total configs: 27,000.
Total configs: 243.
Total configs: 2,187.
Train Datasets: ['implicit_graph_n7']
Train Dataset size: 64,230,207
Max sequence length: 47
Spectral embedding dim: 2
CausalTransformer(
  (embedding): EmbeddingProjectionModel(
    (projection): Linear(in_features=7, out_features=16, bias=True)
  )
  (transformer): TransformerDecoder(
    (layers): ModuleList(
      (0-1): 2 x TransformerDecoderLayer(
        (self_attn): MultiheadAttention(
          (out_proj): NonDynamicallyQuantizableLinear(in_features=16, out_features=16, bias=True)
        )
        (multihead_attn): MultiheadAttention(
          (out_proj): NonDynamicallyQuantizableLinear(in_features=16, out_features=16, bias=True)
        )
        (linear1): Linear(in_features=16, out_features=2048, bias=True)
        (dropout): Dropout(p=0.1, inplace=False)
        (linear2): Linear(in_features=2048, out_features=16, bias=True)
        (norm1): LayerNorm((16,), eps=1e-05, elementwise_affine=True)
        (norm2): LayerNorm((16,), eps=1e-05, elementwise_affine=True)
        (norm3): LayerNorm((16,), eps=1e-05, elementwise_affine=True)
        (dropout1): Dropout(p=0.1, inplace=False)
        (dropout2): Dropout(p=0.1, inplace=False)
        (dropout3): Dropout(p=0.1, inplace=False)
      )
    )
  )
  (output_head): Linear(in_features=16, out_features=1, bias=True)
)
Total parameters: 139,889
