Starting with 50 epochs and 512 batch size.
Total configs: 448.
Total configs: 78,125.
Total configs: 27,000.
Total configs: 243.
Train Datasets: ['implicit_graph_n5']
Train Dataset size: 121
Max sequence length: 11
Spectral embedding dim: 2
CausalTransformer(
  (embedding): EmbeddingProjectionModel(
    (projection): Linear(in_features=5, out_features=16, bias=True)
  )
  (transformer): TransformerDecoder(
    (layers): ModuleList(
      (0-1): 2 x TransformerDecoderLayer(
        (self_attn): MultiheadAttention(
          (out_proj): NonDynamicallyQuantizableLinear(in_features=16, out_features=16, bias=True)
        )
        (multihead_attn): MultiheadAttention(
          (out_proj): NonDynamicallyQuantizableLinear(in_features=16, out_features=16, bias=True)
        )
        (linear1): Linear(in_features=16, out_features=2048, bias=True)
        (dropout): Dropout(p=0.1, inplace=False)
        (linear2): Linear(in_features=2048, out_features=16, bias=True)
        (norm1): LayerNorm((16,), eps=1e-05, elementwise_affine=True)
        (norm2): LayerNorm((16,), eps=1e-05, elementwise_affine=True)
        (norm3): LayerNorm((16,), eps=1e-05, elementwise_affine=True)
        (dropout1): Dropout(p=0.1, inplace=False)
        (dropout2): Dropout(p=0.1, inplace=False)
        (dropout3): Dropout(p=0.1, inplace=False)
      )
    )
  )
  (output_head): Linear(in_features=16, out_features=1, bias=True)
)
Total parameters: 139,857
Traceback (most recent call last):
  File "/home/agaru/research/cvf-python-gnn/gnn/new_ideas/transformer_w_same_node_seql.py", line 288, in <module>
    main(num_epochs=num_epochs, batch_size=512)
    ~~~~^^^^^^^^^^^^^^^^^^^^^^^^^^^^^^^^^^^^^^^
  File "/home/agaru/research/cvf-python-gnn/gnn/new_ideas/transformer_w_same_node_seql.py", line 271, in main
    model.fit(num_epochs, loader)
    ~~~~~~~~~^^^^^^^^^^^^^^^^^^^^
  File "/home/agaru/research/cvf-python-gnn/gnn/new_ideas/transformer_w_same_node_seql.py", line 142, in fit
    out = self(x, padding_mask)
  File "/home/agaru/.conda/envs/cvf/lib/python3.13/site-packages/torch/nn/modules/module.py", line 1751, in _wrapped_call_impl
    return self._call_impl(*args, **kwargs)
           ~~~~~~~~~~~~~~~^^^^^^^^^^^^^^^^^
  File "/home/agaru/.conda/envs/cvf/lib/python3.13/site-packages/torch/nn/modules/module.py", line 1762, in _call_impl
    return forward_call(*args, **kwargs)
  File "/home/agaru/research/cvf-python-gnn/gnn/new_ideas/transformer_w_same_node_seql.py", line 122, in forward
    memory=torch.zeros(1, x.size(1), x.size(2)).to(x.device),
                                     ~~~~~~^^^
IndexError: Dimension out of range (expected to be in range of [-2, 1], but got 2)
