+ mpirun --hostfile hosts.txt ./run_mpi.sh cvf_analysis_mpi.py --model lstm_trained_at_2025_06_27_17_35 --program maximal_matching --graph-names star_graph_n9
Hostname: mteverest2 | Rank:  Shell: /usr/bin/zsh
Hostname: mteverest1 | Rank:  Shell: /usr/bin/zsh
Hostname: mteverest4 | Rank:  Shell: /usr/bin/zsh
Hostname: mteverest3 | Rank:  Shell: /usr/bin/zsh
MPI comm size: 4
Node: 2 | Using device: cuda
Starting for star_graph_n9.
Total configs: 1,179,648.
MPI comm size: 4
MPI comm size: 4
Node: 1 | Using device: cuda
Node: 3 | Using device: cuda
Starting for star_graph_n9.
Starting for star_graph_n9.
Total configs: 1,179,648.
Total configs: 1,179,648.
MPI comm size: 4
Node: 0 | Using device: cuda
Starting for star_graph_n9.
Total configs: 1,179,648.
Data indices range: 589,824 to 884,736.
Data indices range: 294,912 to 589,824.
Data indices range: 884,736 to 1,179,648.
Data indices range: 0 to 294,912.
Done ML CVF Analysis!
Node: 0 | Completed aggregation on 1751159720.1911042.
Done ML CVF Analysis!
Node: 1 | Completed aggregation on 1751159740.464112.
Complete for star_graph_n9.

=== Runtime Report : 1 ===
Node: 1 | get_dataset: 0.088463s
Node: 1 | get_model: 0.012180s
Node: 1 | __getitem__: 416.786414s
Node: 1 | get_perturbed_states: 0.101301s
Node: 1 | get_rank: 71.842186s
Node: 1 | get_ml_rank_effect: 549.251181s
Node: 1 | group_data: 0.000233s
Node: 1 | aggregation: 0.141564s
Node: 1 | gather_aggregate: 0.000887s
Node: 1 | aggregation_n_save: 0.142502s
Node: 1 | ml_cvf_analysis: 549.519928s
Node: 1 | main: 549.520178s
=== End Report : 1 ===


Done ML CVF Analysis!
Node: 2 | Completed aggregation on 1751159759.5456192.
Done ML CVF Analysis!
Node: 3 | Completed aggregation on 1751159768.4033353.
Complete for star_graph_n9.

=== Runtime Report : 2 ===
Node: 2 | get_dataset: 0.077186s
Node: 2 | get_model: 0.012200s
Node: 2 | __getitem__: 433.456486s
Node: 2 | get_perturbed_states: 0.098638s
Node: 2 | get_rank: 72.009662s
Node: 2 | get_ml_rank_effect: 568.365415s
Node: 2 | group_data: 0.000225s
Node: 2 | aggregation: 0.123504s
Node: 2 | gather_aggregate: 8.860038s
Complete for star_graph_n9.

=== Runtime Report : 3 ===
Node: 3 | get_dataset: 0.089549s
Node: 3 | get_model: 0.012275s
Node: 2 | aggregation_n_save: 8.983597s
Node: 2 | ml_cvf_analysis: 577.465431s
Node: 2 | main: 577.465528s
=== End Report : 2 ===


Node: 3 | __getitem__: 441.650270s
Node: 3 | get_perturbed_states: 0.099640s
Node: 3 | get_rank: 72.819998s
Node: 3 | get_ml_rank_effect: 577.201100s
Node: 3 | group_data: 0.000231s
Node: 3 | aggregation: 0.130488s
Node: 3 | gather_aggregate: 0.001629s
Node: 3 | aggregation_n_save: 0.132173s
Node: 3 | ml_cvf_analysis: 577.463145s
Node: 3 | main: 577.463383s
=== End Report : 3 ===


Complete for star_graph_n9.

=== Runtime Report : 0 ===
Node: 0 | get_dataset: 0.126413s
Node: 0 | get_model: 0.013174s
Node: 0 | __getitem__: 401.289507s
Node: 0 | get_perturbed_states: 0.118840s
Node: 0 | get_rank: 66.939400s
Node: 0 | get_ml_rank_effect: 528.953670s
Node: 0 | group_data: 0.000389s
Node: 0 | aggregation: 0.123659s
Node: 0 | gather_aggregate: 48.216178s
Node: 0 | aggregation_n_save: 48.341280s
Node: 0 | ml_cvf_analysis: 577.461965s
Node: 0 | get_fa_results: 0.010853s
Node: 0 | main: 577.472910s
=== End Report : 0 ===


