+ cd simulations
+ python simulate.py --program graph_coloring --sched 0 --no-sim 500000 --fault-interval 1 --graph-names star_graph_0_n7 --fault-prob 1.0 --simulation-type random
Locating Graph: "star_graph_0_n7".
Analysis graph: star_graph_0_n7 | program: graph_coloring | Simulation Type: random, Args: [] | No. of Simulations: 500000 | Scheduler: 0 | Mutual Exclusion: False | Fault Interval: 1
Total configs: 448.
Simulation environment: No. of Simulations: 500000 | Scheduler: CENTRAL | ME: False
Time taken: 9.0899s, Running simulation round: 50000
Time taken: 9.0984s, Running simulation round: 100000
Time taken: 9.1225s, Running simulation round: 150000
Time taken: 8.9701s, Running simulation round: 200000
Time taken: 8.9774s, Running simulation round: 250000
Time taken: 8.8995s, Running simulation round: 300000
Time taken: 8.939s, Running simulation round: 350000
Time taken: 8.9002s, Running simulation round: 400000
Time taken: 8.8419s, Running simulation round: 450000
Time taken: 8.58s, Running simulation round: 500000

Saving result at results/coloring/star_graph_0_n7__0__random_args___500000__False__1.csv
+ python simulate.py --program graph_coloring --sched 0 --no-sim 500000 --fault-interval 1 --graph-names star_graph_0_n7 --fault-prob 1.0 --simulation-type controlled_at_node_duong --controlled-at-node 0
Locating Graph: "star_graph_0_n7".
Analysis graph: star_graph_0_n7 | program: graph_coloring | Simulation Type: controlled_at_node_duong, Args: [0] | No. of Simulations: 500000 | Scheduler: 0 | Mutual Exclusion: False | Fault Interval: 1
Total configs: 448.
Simulation environment: No. of Simulations: 500000 | Scheduler: CENTRAL | ME: False
Time taken: 98.6562s, Running simulation round: 50000
Time taken: 99.3754s, Running simulation round: 100000
Time taken: 97.6872s, Running simulation round: 150000
Time taken: 99.3169s, Running simulation round: 200000
Time taken: 99.2603s, Running simulation round: 250000
Time taken: 99.2806s, Running simulation round: 300000
Time taken: 99.6257s, Running simulation round: 350000
Time taken: 98.991s, Running simulation round: 400000
Time taken: 99.341s, Running simulation round: 450000
Time taken: 97.8244s, Running simulation round: 500000

Saving result at results/coloring/star_graph_0_n7__0__controlled_at_node_duong_args_0__500000__False__1.csv
+ python simulate.py --program graph_coloring --sched 0 --no-sim 500000 --fault-interval 1 --graph-names star_graph_0_n7 --fault-prob 1.0 --simulation-type controlled_at_node_duong --controlled-at-node 2
Locating Graph: "star_graph_0_n7".
Analysis graph: star_graph_0_n7 | program: graph_coloring | Simulation Type: controlled_at_node_duong, Args: [2] | No. of Simulations: 500000 | Scheduler: 0 | Mutual Exclusion: False | Fault Interval: 1
Total configs: 448.
Simulation environment: No. of Simulations: 500000 | Scheduler: CENTRAL | ME: False
Time taken: 14.3206s, Running simulation round: 50000
Time taken: 14.3515s, Running simulation round: 100000
Time taken: 14.3078s, Running simulation round: 150000
Time taken: 14.1662s, Running simulation round: 200000
Time taken: 14.0759s, Running simulation round: 250000
Time taken: 14.1469s, Running simulation round: 300000
Time taken: 14.0867s, Running simulation round: 350000
Time taken: 14.1448s, Running simulation round: 400000
Time taken: 14.15s, Running simulation round: 450000
Time taken: 14.163s, Running simulation round: 500000

Saving result at results/coloring/star_graph_0_n7__0__controlled_at_node_duong_args_2__500000__False__1.csv
+ python simulate.py --program graph_coloring --sched 0 --no-sim 500000 --fault-interval 1 --graph-names star_graph_0_n7 --fault-prob 1.0 --simulation-type controlled_at_node_duong --controlled-at-node 5
Locating Graph: "star_graph_0_n7".
Analysis graph: star_graph_0_n7 | program: graph_coloring | Simulation Type: controlled_at_node_duong, Args: [5] | No. of Simulations: 500000 | Scheduler: 0 | Mutual Exclusion: False | Fault Interval: 1
Total configs: 448.
Simulation environment: No. of Simulations: 500000 | Scheduler: CENTRAL | ME: False
Time taken: 14.4067s, Running simulation round: 50000
Time taken: 14.5257s, Running simulation round: 100000
Time taken: 14.368s, Running simulation round: 150000
Time taken: 14.2649s, Running simulation round: 200000
Time taken: 14.1358s, Running simulation round: 250000
Time taken: 14.2596s, Running simulation round: 300000
Time taken: 14.2699s, Running simulation round: 350000
Time taken: 14.2619s, Running simulation round: 400000
Time taken: 14.3132s, Running simulation round: 450000
Time taken: 14.4291s, Running simulation round: 500000

Saving result at results/coloring/star_graph_0_n7__0__controlled_at_node_duong_args_5__500000__False__1.csv
