+ cd simulations
+ PROGRAM=dijkstra_token_ring
+ GRAPH=implicit_graph_n7
+ python simulate.py --program dijkstra_token_ring --sched 0 --no-sim 10000 --fault-interval 1 --graph-names implicit_graph_n7 --fault-prob 1.0 --simulation-type random --limit-steps 100
Note: NumExpr detected 24 cores but "NUMEXPR_MAX_THREADS" not set, so enforcing safe limit of 8.
NumExpr defaulting to 8 threads.
Locating Graph: "implicit_graph_n7".
Analysis graph: implicit_graph_n7 | program: dijkstra_token_ring | Simulation Type: random, Args: [] | No. of Simulations: 10000 | Scheduler: 0 | Mutual Exclusion: False | Fault Interval: 1
Total configs: 2,187.
Simulation environment: No. of Simulations: 10000 | Scheduler: CENTRAL | ME: False

Saving result at results/dijkstra_token_ring/implicit_graph_n7__0__random_args___10000__False__1.csv
+ python simulate.py --program dijkstra_token_ring --sched 0 --no-sim 10000 --fault-interval 1 --graph-names implicit_graph_n7 --fault-prob 1.0 --simulation-type controlled_at_node_duong --controlled-at-node 0 --limit-steps 100
Note: NumExpr detected 24 cores but "NUMEXPR_MAX_THREADS" not set, so enforcing safe limit of 8.
NumExpr defaulting to 8 threads.
Locating Graph: "implicit_graph_n7".
Analysis graph: implicit_graph_n7 | program: dijkstra_token_ring | Simulation Type: controlled_at_node_duong, Args: [0] | No. of Simulations: 10000 | Scheduler: 0 | Mutual Exclusion: False | Fault Interval: 1
Total configs: 2,187.
Simulation environment: No. of Simulations: 10000 | Scheduler: CENTRAL | ME: False

Saving result at results/dijkstra_token_ring/implicit_graph_n7__0__controlled_at_node_duong_args_0__10000__False__1.csv
+ python simulate.py --program dijkstra_token_ring --sched 0 --no-sim 10000 --fault-interval 1 --graph-names implicit_graph_n7 --fault-prob 1.0 --simulation-type controlled_at_node_duong --controlled-at-node 1 --limit-steps 100
Note: NumExpr detected 24 cores but "NUMEXPR_MAX_THREADS" not set, so enforcing safe limit of 8.
NumExpr defaulting to 8 threads.
Locating Graph: "implicit_graph_n7".
Analysis graph: implicit_graph_n7 | program: dijkstra_token_ring | Simulation Type: controlled_at_node_duong, Args: [1] | No. of Simulations: 10000 | Scheduler: 0 | Mutual Exclusion: False | Fault Interval: 1
Total configs: 2,187.
Simulation environment: No. of Simulations: 10000 | Scheduler: CENTRAL | ME: False

Saving result at results/dijkstra_token_ring/implicit_graph_n7__0__controlled_at_node_duong_args_1__10000__False__1.csv
+ python simulate.py --program dijkstra_token_ring --sched 0 --no-sim 10000 --fault-interval 1 --graph-names implicit_graph_n7 --fault-prob 1.0 --simulation-type controlled_at_node_duong --controlled-at-node 2 --limit-steps 100
Note: NumExpr detected 24 cores but "NUMEXPR_MAX_THREADS" not set, so enforcing safe limit of 8.
NumExpr defaulting to 8 threads.
Locating Graph: "implicit_graph_n7".
Analysis graph: implicit_graph_n7 | program: dijkstra_token_ring | Simulation Type: controlled_at_node_duong, Args: [2] | No. of Simulations: 10000 | Scheduler: 0 | Mutual Exclusion: False | Fault Interval: 1
Total configs: 2,187.
Simulation environment: No. of Simulations: 10000 | Scheduler: CENTRAL | ME: False

Saving result at results/dijkstra_token_ring/implicit_graph_n7__0__controlled_at_node_duong_args_2__10000__False__1.csv
+ python simulate.py --program dijkstra_token_ring --sched 0 --no-sim 10000 --fault-interval 1 --graph-names implicit_graph_n7 --fault-prob 1.0 --simulation-type controlled_at_node_duong --controlled-at-node 3 --limit-steps 100
Note: NumExpr detected 24 cores but "NUMEXPR_MAX_THREADS" not set, so enforcing safe limit of 8.
NumExpr defaulting to 8 threads.
Locating Graph: "implicit_graph_n7".
Analysis graph: implicit_graph_n7 | program: dijkstra_token_ring | Simulation Type: controlled_at_node_duong, Args: [3] | No. of Simulations: 10000 | Scheduler: 0 | Mutual Exclusion: False | Fault Interval: 1
Total configs: 2,187.
Simulation environment: No. of Simulations: 10000 | Scheduler: CENTRAL | ME: False

Saving result at results/dijkstra_token_ring/implicit_graph_n7__0__controlled_at_node_duong_args_3__10000__False__1.csv
+ python simulate.py --program dijkstra_token_ring --sched 0 --no-sim 10000 --fault-interval 1 --graph-names implicit_graph_n7 --fault-prob 1.0 --simulation-type controlled_at_node_duong --controlled-at-node 4 --limit-steps 100
Note: NumExpr detected 24 cores but "NUMEXPR_MAX_THREADS" not set, so enforcing safe limit of 8.
NumExpr defaulting to 8 threads.
Locating Graph: "implicit_graph_n7".
Analysis graph: implicit_graph_n7 | program: dijkstra_token_ring | Simulation Type: controlled_at_node_duong, Args: [4] | No. of Simulations: 10000 | Scheduler: 0 | Mutual Exclusion: False | Fault Interval: 1
Total configs: 2,187.
Simulation environment: No. of Simulations: 10000 | Scheduler: CENTRAL | ME: False

Saving result at results/dijkstra_token_ring/implicit_graph_n7__0__controlled_at_node_duong_args_4__10000__False__1.csv
+ python simulate.py --program dijkstra_token_ring --sched 0 --no-sim 10000 --fault-interval 1 --graph-names implicit_graph_n7 --fault-prob 1.0 --simulation-type controlled_at_node_duong --controlled-at-node 5 --limit-steps 100
Note: NumExpr detected 24 cores but "NUMEXPR_MAX_THREADS" not set, so enforcing safe limit of 8.
NumExpr defaulting to 8 threads.
Locating Graph: "implicit_graph_n7".
Analysis graph: implicit_graph_n7 | program: dijkstra_token_ring | Simulation Type: controlled_at_node_duong, Args: [5] | No. of Simulations: 10000 | Scheduler: 0 | Mutual Exclusion: False | Fault Interval: 1
Total configs: 2,187.
Simulation environment: No. of Simulations: 10000 | Scheduler: CENTRAL | ME: False

Saving result at results/dijkstra_token_ring/implicit_graph_n7__0__controlled_at_node_duong_args_5__10000__False__1.csv
+ python simulate.py --program dijkstra_token_ring --sched 0 --no-sim 10000 --fault-interval 1 --graph-names implicit_graph_n7 --fault-prob 1.0 --simulation-type controlled_at_node_duong --controlled-at-node 6 --limit-steps 100
Note: NumExpr detected 24 cores but "NUMEXPR_MAX_THREADS" not set, so enforcing safe limit of 8.
NumExpr defaulting to 8 threads.
Locating Graph: "implicit_graph_n7".
Analysis graph: implicit_graph_n7 | program: dijkstra_token_ring | Simulation Type: controlled_at_node_duong, Args: [6] | No. of Simulations: 10000 | Scheduler: 0 | Mutual Exclusion: False | Fault Interval: 1
Total configs: 2,187.
Simulation environment: No. of Simulations: 10000 | Scheduler: CENTRAL | ME: False

Saving result at results/dijkstra_token_ring/implicit_graph_n7__0__controlled_at_node_duong_args_6__10000__False__1.csv
+ python simulate.py --program dijkstra_token_ring --sched 0 --no-sim 10000 --fault-interval 2 --graph-names implicit_graph_n7 --fault-prob 1.0 --simulation-type random --limit-steps 100
Note: NumExpr detected 24 cores but "NUMEXPR_MAX_THREADS" not set, so enforcing safe limit of 8.
NumExpr defaulting to 8 threads.
Locating Graph: "implicit_graph_n7".
Analysis graph: implicit_graph_n7 | program: dijkstra_token_ring | Simulation Type: random, Args: [] | No. of Simulations: 10000 | Scheduler: 0 | Mutual Exclusion: False | Fault Interval: 2
Total configs: 2,187.
Simulation environment: No. of Simulations: 10000 | Scheduler: CENTRAL | ME: False

Saving result at results/dijkstra_token_ring/implicit_graph_n7__0__random_args___10000__False__2.csv
+ python simulate.py --program dijkstra_token_ring --sched 0 --no-sim 10000 --fault-interval 2 --graph-names implicit_graph_n7 --fault-prob 1.0 --simulation-type controlled_at_node_duong --controlled-at-node 0 --limit-steps 100
Note: NumExpr detected 24 cores but "NUMEXPR_MAX_THREADS" not set, so enforcing safe limit of 8.
NumExpr defaulting to 8 threads.
Locating Graph: "implicit_graph_n7".
Analysis graph: implicit_graph_n7 | program: dijkstra_token_ring | Simulation Type: controlled_at_node_duong, Args: [0] | No. of Simulations: 10000 | Scheduler: 0 | Mutual Exclusion: False | Fault Interval: 2
Total configs: 2,187.
Simulation environment: No. of Simulations: 10000 | Scheduler: CENTRAL | ME: False

Saving result at results/dijkstra_token_ring/implicit_graph_n7__0__controlled_at_node_duong_args_0__10000__False__2.csv
+ python simulate.py --program dijkstra_token_ring --sched 0 --no-sim 10000 --fault-interval 2 --graph-names implicit_graph_n7 --fault-prob 1.0 --simulation-type controlled_at_node_duong --controlled-at-node 1 --limit-steps 100
Note: NumExpr detected 24 cores but "NUMEXPR_MAX_THREADS" not set, so enforcing safe limit of 8.
NumExpr defaulting to 8 threads.
Locating Graph: "implicit_graph_n7".
Analysis graph: implicit_graph_n7 | program: dijkstra_token_ring | Simulation Type: controlled_at_node_duong, Args: [1] | No. of Simulations: 10000 | Scheduler: 0 | Mutual Exclusion: False | Fault Interval: 2
Total configs: 2,187.
Simulation environment: No. of Simulations: 10000 | Scheduler: CENTRAL | ME: False

Saving result at results/dijkstra_token_ring/implicit_graph_n7__0__controlled_at_node_duong_args_1__10000__False__2.csv
+ python simulate.py --program dijkstra_token_ring --sched 0 --no-sim 10000 --fault-interval 2 --graph-names implicit_graph_n7 --fault-prob 1.0 --simulation-type controlled_at_node_duong --controlled-at-node 2 --limit-steps 100
Note: NumExpr detected 24 cores but "NUMEXPR_MAX_THREADS" not set, so enforcing safe limit of 8.
NumExpr defaulting to 8 threads.
Locating Graph: "implicit_graph_n7".
Analysis graph: implicit_graph_n7 | program: dijkstra_token_ring | Simulation Type: controlled_at_node_duong, Args: [2] | No. of Simulations: 10000 | Scheduler: 0 | Mutual Exclusion: False | Fault Interval: 2
Total configs: 2,187.
Simulation environment: No. of Simulations: 10000 | Scheduler: CENTRAL | ME: False

Saving result at results/dijkstra_token_ring/implicit_graph_n7__0__controlled_at_node_duong_args_2__10000__False__2.csv
+ python simulate.py --program dijkstra_token_ring --sched 0 --no-sim 10000 --fault-interval 2 --graph-names implicit_graph_n7 --fault-prob 1.0 --simulation-type controlled_at_node_duong --controlled-at-node 3 --limit-steps 100
Note: NumExpr detected 24 cores but "NUMEXPR_MAX_THREADS" not set, so enforcing safe limit of 8.
NumExpr defaulting to 8 threads.
Locating Graph: "implicit_graph_n7".
Analysis graph: implicit_graph_n7 | program: dijkstra_token_ring | Simulation Type: controlled_at_node_duong, Args: [3] | No. of Simulations: 10000 | Scheduler: 0 | Mutual Exclusion: False | Fault Interval: 2
Total configs: 2,187.
Simulation environment: No. of Simulations: 10000 | Scheduler: CENTRAL | ME: False

Saving result at results/dijkstra_token_ring/implicit_graph_n7__0__controlled_at_node_duong_args_3__10000__False__2.csv
+ python simulate.py --program dijkstra_token_ring --sched 0 --no-sim 10000 --fault-interval 2 --graph-names implicit_graph_n7 --fault-prob 1.0 --simulation-type controlled_at_node_duong --controlled-at-node 4 --limit-steps 100
Note: NumExpr detected 24 cores but "NUMEXPR_MAX_THREADS" not set, so enforcing safe limit of 8.
NumExpr defaulting to 8 threads.
Locating Graph: "implicit_graph_n7".
Analysis graph: implicit_graph_n7 | program: dijkstra_token_ring | Simulation Type: controlled_at_node_duong, Args: [4] | No. of Simulations: 10000 | Scheduler: 0 | Mutual Exclusion: False | Fault Interval: 2
Total configs: 2,187.
Simulation environment: No. of Simulations: 10000 | Scheduler: CENTRAL | ME: False

Saving result at results/dijkstra_token_ring/implicit_graph_n7__0__controlled_at_node_duong_args_4__10000__False__2.csv
+ python simulate.py --program dijkstra_token_ring --sched 0 --no-sim 10000 --fault-interval 2 --graph-names implicit_graph_n7 --fault-prob 1.0 --simulation-type controlled_at_node_duong --controlled-at-node 5 --limit-steps 100
Note: NumExpr detected 24 cores but "NUMEXPR_MAX_THREADS" not set, so enforcing safe limit of 8.
NumExpr defaulting to 8 threads.
Locating Graph: "implicit_graph_n7".
Analysis graph: implicit_graph_n7 | program: dijkstra_token_ring | Simulation Type: controlled_at_node_duong, Args: [5] | No. of Simulations: 10000 | Scheduler: 0 | Mutual Exclusion: False | Fault Interval: 2
Total configs: 2,187.
Simulation environment: No. of Simulations: 10000 | Scheduler: CENTRAL | ME: False

Saving result at results/dijkstra_token_ring/implicit_graph_n7__0__controlled_at_node_duong_args_5__10000__False__2.csv
+ python simulate.py --program dijkstra_token_ring --sched 0 --no-sim 10000 --fault-interval 2 --graph-names implicit_graph_n7 --fault-prob 1.0 --simulation-type controlled_at_node_duong --controlled-at-node 6 --limit-steps 100
Note: NumExpr detected 24 cores but "NUMEXPR_MAX_THREADS" not set, so enforcing safe limit of 8.
NumExpr defaulting to 8 threads.
Locating Graph: "implicit_graph_n7".
Analysis graph: implicit_graph_n7 | program: dijkstra_token_ring | Simulation Type: controlled_at_node_duong, Args: [6] | No. of Simulations: 10000 | Scheduler: 0 | Mutual Exclusion: False | Fault Interval: 2
Total configs: 2,187.
Simulation environment: No. of Simulations: 10000 | Scheduler: CENTRAL | ME: False

Saving result at results/dijkstra_token_ring/implicit_graph_n7__0__controlled_at_node_duong_args_6__10000__False__2.csv
+ python simulate.py --program dijkstra_token_ring --sched 0 --no-sim 10000 --fault-interval 3 --graph-names implicit_graph_n7 --fault-prob 1.0 --simulation-type random --limit-steps 100
Note: NumExpr detected 24 cores but "NUMEXPR_MAX_THREADS" not set, so enforcing safe limit of 8.
NumExpr defaulting to 8 threads.
Locating Graph: "implicit_graph_n7".
Analysis graph: implicit_graph_n7 | program: dijkstra_token_ring | Simulation Type: random, Args: [] | No. of Simulations: 10000 | Scheduler: 0 | Mutual Exclusion: False | Fault Interval: 3
Total configs: 2,187.
Simulation environment: No. of Simulations: 10000 | Scheduler: CENTRAL | ME: False

Saving result at results/dijkstra_token_ring/implicit_graph_n7__0__random_args___10000__False__3.csv
+ python simulate.py --program dijkstra_token_ring --sched 0 --no-sim 10000 --fault-interval 3 --graph-names implicit_graph_n7 --fault-prob 1.0 --simulation-type controlled_at_node_duong --controlled-at-node 0 --limit-steps 100
Note: NumExpr detected 24 cores but "NUMEXPR_MAX_THREADS" not set, so enforcing safe limit of 8.
NumExpr defaulting to 8 threads.
Locating Graph: "implicit_graph_n7".
Analysis graph: implicit_graph_n7 | program: dijkstra_token_ring | Simulation Type: controlled_at_node_duong, Args: [0] | No. of Simulations: 10000 | Scheduler: 0 | Mutual Exclusion: False | Fault Interval: 3
Total configs: 2,187.
Simulation environment: No. of Simulations: 10000 | Scheduler: CENTRAL | ME: False

Saving result at results/dijkstra_token_ring/implicit_graph_n7__0__controlled_at_node_duong_args_0__10000__False__3.csv
+ python simulate.py --program dijkstra_token_ring --sched 0 --no-sim 10000 --fault-interval 3 --graph-names implicit_graph_n7 --fault-prob 1.0 --simulation-type controlled_at_node_duong --controlled-at-node 1 --limit-steps 100
Note: NumExpr detected 24 cores but "NUMEXPR_MAX_THREADS" not set, so enforcing safe limit of 8.
NumExpr defaulting to 8 threads.
Locating Graph: "implicit_graph_n7".
Analysis graph: implicit_graph_n7 | program: dijkstra_token_ring | Simulation Type: controlled_at_node_duong, Args: [1] | No. of Simulations: 10000 | Scheduler: 0 | Mutual Exclusion: False | Fault Interval: 3
Total configs: 2,187.
Simulation environment: No. of Simulations: 10000 | Scheduler: CENTRAL | ME: False

Saving result at results/dijkstra_token_ring/implicit_graph_n7__0__controlled_at_node_duong_args_1__10000__False__3.csv
+ python simulate.py --program dijkstra_token_ring --sched 0 --no-sim 10000 --fault-interval 3 --graph-names implicit_graph_n7 --fault-prob 1.0 --simulation-type controlled_at_node_duong --controlled-at-node 2 --limit-steps 100
Note: NumExpr detected 24 cores but "NUMEXPR_MAX_THREADS" not set, so enforcing safe limit of 8.
NumExpr defaulting to 8 threads.
Locating Graph: "implicit_graph_n7".
Analysis graph: implicit_graph_n7 | program: dijkstra_token_ring | Simulation Type: controlled_at_node_duong, Args: [2] | No. of Simulations: 10000 | Scheduler: 0 | Mutual Exclusion: False | Fault Interval: 3
Total configs: 2,187.
Simulation environment: No. of Simulations: 10000 | Scheduler: CENTRAL | ME: False

Saving result at results/dijkstra_token_ring/implicit_graph_n7__0__controlled_at_node_duong_args_2__10000__False__3.csv
+ python simulate.py --program dijkstra_token_ring --sched 0 --no-sim 10000 --fault-interval 3 --graph-names implicit_graph_n7 --fault-prob 1.0 --simulation-type controlled_at_node_duong --controlled-at-node 3 --limit-steps 100
Note: NumExpr detected 24 cores but "NUMEXPR_MAX_THREADS" not set, so enforcing safe limit of 8.
NumExpr defaulting to 8 threads.
Locating Graph: "implicit_graph_n7".
Analysis graph: implicit_graph_n7 | program: dijkstra_token_ring | Simulation Type: controlled_at_node_duong, Args: [3] | No. of Simulations: 10000 | Scheduler: 0 | Mutual Exclusion: False | Fault Interval: 3
Total configs: 2,187.
Simulation environment: No. of Simulations: 10000 | Scheduler: CENTRAL | ME: False

Saving result at results/dijkstra_token_ring/implicit_graph_n7__0__controlled_at_node_duong_args_3__10000__False__3.csv
+ python simulate.py --program dijkstra_token_ring --sched 0 --no-sim 10000 --fault-interval 3 --graph-names implicit_graph_n7 --fault-prob 1.0 --simulation-type controlled_at_node_duong --controlled-at-node 4 --limit-steps 100
Note: NumExpr detected 24 cores but "NUMEXPR_MAX_THREADS" not set, so enforcing safe limit of 8.
NumExpr defaulting to 8 threads.
Locating Graph: "implicit_graph_n7".
Analysis graph: implicit_graph_n7 | program: dijkstra_token_ring | Simulation Type: controlled_at_node_duong, Args: [4] | No. of Simulations: 10000 | Scheduler: 0 | Mutual Exclusion: False | Fault Interval: 3
Total configs: 2,187.
Simulation environment: No. of Simulations: 10000 | Scheduler: CENTRAL | ME: False

Saving result at results/dijkstra_token_ring/implicit_graph_n7__0__controlled_at_node_duong_args_4__10000__False__3.csv
+ python simulate.py --program dijkstra_token_ring --sched 0 --no-sim 10000 --fault-interval 3 --graph-names implicit_graph_n7 --fault-prob 1.0 --simulation-type controlled_at_node_duong --controlled-at-node 5 --limit-steps 100
Note: NumExpr detected 24 cores but "NUMEXPR_MAX_THREADS" not set, so enforcing safe limit of 8.
NumExpr defaulting to 8 threads.
Locating Graph: "implicit_graph_n7".
Analysis graph: implicit_graph_n7 | program: dijkstra_token_ring | Simulation Type: controlled_at_node_duong, Args: [5] | No. of Simulations: 10000 | Scheduler: 0 | Mutual Exclusion: False | Fault Interval: 3
Total configs: 2,187.
Simulation environment: No. of Simulations: 10000 | Scheduler: CENTRAL | ME: False

Saving result at results/dijkstra_token_ring/implicit_graph_n7__0__controlled_at_node_duong_args_5__10000__False__3.csv
+ python simulate.py --program dijkstra_token_ring --sched 0 --no-sim 10000 --fault-interval 3 --graph-names implicit_graph_n7 --fault-prob 1.0 --simulation-type controlled_at_node_duong --controlled-at-node 6 --limit-steps 100
Note: NumExpr detected 24 cores but "NUMEXPR_MAX_THREADS" not set, so enforcing safe limit of 8.
NumExpr defaulting to 8 threads.
Locating Graph: "implicit_graph_n7".
Analysis graph: implicit_graph_n7 | program: dijkstra_token_ring | Simulation Type: controlled_at_node_duong, Args: [6] | No. of Simulations: 10000 | Scheduler: 0 | Mutual Exclusion: False | Fault Interval: 3
Total configs: 2,187.
Simulation environment: No. of Simulations: 10000 | Scheduler: CENTRAL | ME: False

Saving result at results/dijkstra_token_ring/implicit_graph_n7__0__controlled_at_node_duong_args_6__10000__False__3.csv
+ python simulate.py --program dijkstra_token_ring --sched 0 --no-sim 10000 --fault-interval 4 --graph-names implicit_graph_n7 --fault-prob 1.0 --simulation-type random --limit-steps 100
Note: NumExpr detected 24 cores but "NUMEXPR_MAX_THREADS" not set, so enforcing safe limit of 8.
NumExpr defaulting to 8 threads.
Locating Graph: "implicit_graph_n7".
Analysis graph: implicit_graph_n7 | program: dijkstra_token_ring | Simulation Type: random, Args: [] | No. of Simulations: 10000 | Scheduler: 0 | Mutual Exclusion: False | Fault Interval: 4
Total configs: 2,187.
Simulation environment: No. of Simulations: 10000 | Scheduler: CENTRAL | ME: False

Saving result at results/dijkstra_token_ring/implicit_graph_n7__0__random_args___10000__False__4.csv
+ python simulate.py --program dijkstra_token_ring --sched 0 --no-sim 10000 --fault-interval 4 --graph-names implicit_graph_n7 --fault-prob 1.0 --simulation-type controlled_at_node_duong --controlled-at-node 0 --limit-steps 100
Note: NumExpr detected 24 cores but "NUMEXPR_MAX_THREADS" not set, so enforcing safe limit of 8.
NumExpr defaulting to 8 threads.
Locating Graph: "implicit_graph_n7".
Analysis graph: implicit_graph_n7 | program: dijkstra_token_ring | Simulation Type: controlled_at_node_duong, Args: [0] | No. of Simulations: 10000 | Scheduler: 0 | Mutual Exclusion: False | Fault Interval: 4
Total configs: 2,187.
Simulation environment: No. of Simulations: 10000 | Scheduler: CENTRAL | ME: False

Saving result at results/dijkstra_token_ring/implicit_graph_n7__0__controlled_at_node_duong_args_0__10000__False__4.csv
+ python simulate.py --program dijkstra_token_ring --sched 0 --no-sim 10000 --fault-interval 4 --graph-names implicit_graph_n7 --fault-prob 1.0 --simulation-type controlled_at_node_duong --controlled-at-node 1 --limit-steps 100
Note: NumExpr detected 24 cores but "NUMEXPR_MAX_THREADS" not set, so enforcing safe limit of 8.
NumExpr defaulting to 8 threads.
Locating Graph: "implicit_graph_n7".
Analysis graph: implicit_graph_n7 | program: dijkstra_token_ring | Simulation Type: controlled_at_node_duong, Args: [1] | No. of Simulations: 10000 | Scheduler: 0 | Mutual Exclusion: False | Fault Interval: 4
Total configs: 2,187.
Simulation environment: No. of Simulations: 10000 | Scheduler: CENTRAL | ME: False

Saving result at results/dijkstra_token_ring/implicit_graph_n7__0__controlled_at_node_duong_args_1__10000__False__4.csv
+ python simulate.py --program dijkstra_token_ring --sched 0 --no-sim 10000 --fault-interval 4 --graph-names implicit_graph_n7 --fault-prob 1.0 --simulation-type controlled_at_node_duong --controlled-at-node 2 --limit-steps 100
Note: NumExpr detected 24 cores but "NUMEXPR_MAX_THREADS" not set, so enforcing safe limit of 8.
NumExpr defaulting to 8 threads.
Locating Graph: "implicit_graph_n7".
Analysis graph: implicit_graph_n7 | program: dijkstra_token_ring | Simulation Type: controlled_at_node_duong, Args: [2] | No. of Simulations: 10000 | Scheduler: 0 | Mutual Exclusion: False | Fault Interval: 4
Total configs: 2,187.
Simulation environment: No. of Simulations: 10000 | Scheduler: CENTRAL | ME: False

Saving result at results/dijkstra_token_ring/implicit_graph_n7__0__controlled_at_node_duong_args_2__10000__False__4.csv
+ python simulate.py --program dijkstra_token_ring --sched 0 --no-sim 10000 --fault-interval 4 --graph-names implicit_graph_n7 --fault-prob 1.0 --simulation-type controlled_at_node_duong --controlled-at-node 3 --limit-steps 100
Note: NumExpr detected 24 cores but "NUMEXPR_MAX_THREADS" not set, so enforcing safe limit of 8.
NumExpr defaulting to 8 threads.
Locating Graph: "implicit_graph_n7".
Analysis graph: implicit_graph_n7 | program: dijkstra_token_ring | Simulation Type: controlled_at_node_duong, Args: [3] | No. of Simulations: 10000 | Scheduler: 0 | Mutual Exclusion: False | Fault Interval: 4
Total configs: 2,187.
Simulation environment: No. of Simulations: 10000 | Scheduler: CENTRAL | ME: False

Saving result at results/dijkstra_token_ring/implicit_graph_n7__0__controlled_at_node_duong_args_3__10000__False__4.csv
+ python simulate.py --program dijkstra_token_ring --sched 0 --no-sim 10000 --fault-interval 4 --graph-names implicit_graph_n7 --fault-prob 1.0 --simulation-type controlled_at_node_duong --controlled-at-node 4 --limit-steps 100
Note: NumExpr detected 24 cores but "NUMEXPR_MAX_THREADS" not set, so enforcing safe limit of 8.
NumExpr defaulting to 8 threads.
Locating Graph: "implicit_graph_n7".
Analysis graph: implicit_graph_n7 | program: dijkstra_token_ring | Simulation Type: controlled_at_node_duong, Args: [4] | No. of Simulations: 10000 | Scheduler: 0 | Mutual Exclusion: False | Fault Interval: 4
Total configs: 2,187.
Simulation environment: No. of Simulations: 10000 | Scheduler: CENTRAL | ME: False

Saving result at results/dijkstra_token_ring/implicit_graph_n7__0__controlled_at_node_duong_args_4__10000__False__4.csv
+ python simulate.py --program dijkstra_token_ring --sched 0 --no-sim 10000 --fault-interval 4 --graph-names implicit_graph_n7 --fault-prob 1.0 --simulation-type controlled_at_node_duong --controlled-at-node 5 --limit-steps 100
Note: NumExpr detected 24 cores but "NUMEXPR_MAX_THREADS" not set, so enforcing safe limit of 8.
NumExpr defaulting to 8 threads.
Locating Graph: "implicit_graph_n7".
Analysis graph: implicit_graph_n7 | program: dijkstra_token_ring | Simulation Type: controlled_at_node_duong, Args: [5] | No. of Simulations: 10000 | Scheduler: 0 | Mutual Exclusion: False | Fault Interval: 4
Total configs: 2,187.
Simulation environment: No. of Simulations: 10000 | Scheduler: CENTRAL | ME: False

Saving result at results/dijkstra_token_ring/implicit_graph_n7__0__controlled_at_node_duong_args_5__10000__False__4.csv
+ python simulate.py --program dijkstra_token_ring --sched 0 --no-sim 10000 --fault-interval 4 --graph-names implicit_graph_n7 --fault-prob 1.0 --simulation-type controlled_at_node_duong --controlled-at-node 6 --limit-steps 100
Note: NumExpr detected 24 cores but "NUMEXPR_MAX_THREADS" not set, so enforcing safe limit of 8.
NumExpr defaulting to 8 threads.
Locating Graph: "implicit_graph_n7".
Analysis graph: implicit_graph_n7 | program: dijkstra_token_ring | Simulation Type: controlled_at_node_duong, Args: [6] | No. of Simulations: 10000 | Scheduler: 0 | Mutual Exclusion: False | Fault Interval: 4
Total configs: 2,187.
Simulation environment: No. of Simulations: 10000 | Scheduler: CENTRAL | ME: False

Saving result at results/dijkstra_token_ring/implicit_graph_n7__0__controlled_at_node_duong_args_6__10000__False__4.csv
+ GRAPH=implicit_graph_n8
+ python simulate.py --program dijkstra_token_ring --sched 0 --no-sim 10000 --fault-interval 1 --graph-names implicit_graph_n8 --fault-prob 1.0 --simulation-type random --limit-steps 100
Note: NumExpr detected 24 cores but "NUMEXPR_MAX_THREADS" not set, so enforcing safe limit of 8.
NumExpr defaulting to 8 threads.
Locating Graph: "implicit_graph_n8".
Analysis graph: implicit_graph_n8 | program: dijkstra_token_ring | Simulation Type: random, Args: [] | No. of Simulations: 10000 | Scheduler: 0 | Mutual Exclusion: False | Fault Interval: 1
Total configs: 6,561.
Simulation environment: No. of Simulations: 10000 | Scheduler: CENTRAL | ME: False

Saving result at results/dijkstra_token_ring/implicit_graph_n8__0__random_args___10000__False__1.csv
+ python simulate.py --program dijkstra_token_ring --sched 0 --no-sim 10000 --fault-interval 1 --graph-names implicit_graph_n8 --fault-prob 1.0 --simulation-type controlled_at_node_duong --controlled-at-node 0 --limit-steps 100
Note: NumExpr detected 24 cores but "NUMEXPR_MAX_THREADS" not set, so enforcing safe limit of 8.
NumExpr defaulting to 8 threads.
Locating Graph: "implicit_graph_n8".
Analysis graph: implicit_graph_n8 | program: dijkstra_token_ring | Simulation Type: controlled_at_node_duong, Args: [0] | No. of Simulations: 10000 | Scheduler: 0 | Mutual Exclusion: False | Fault Interval: 1
Total configs: 6,561.
Simulation environment: No. of Simulations: 10000 | Scheduler: CENTRAL | ME: False

Saving result at results/dijkstra_token_ring/implicit_graph_n8__0__controlled_at_node_duong_args_0__10000__False__1.csv
+ python simulate.py --program dijkstra_token_ring --sched 0 --no-sim 10000 --fault-interval 1 --graph-names implicit_graph_n8 --fault-prob 1.0 --simulation-type controlled_at_node_duong --controlled-at-node 1 --limit-steps 100
Note: NumExpr detected 24 cores but "NUMEXPR_MAX_THREADS" not set, so enforcing safe limit of 8.
NumExpr defaulting to 8 threads.
Locating Graph: "implicit_graph_n8".
Analysis graph: implicit_graph_n8 | program: dijkstra_token_ring | Simulation Type: controlled_at_node_duong, Args: [1] | No. of Simulations: 10000 | Scheduler: 0 | Mutual Exclusion: False | Fault Interval: 1
Total configs: 6,561.
Simulation environment: No. of Simulations: 10000 | Scheduler: CENTRAL | ME: False

Saving result at results/dijkstra_token_ring/implicit_graph_n8__0__controlled_at_node_duong_args_1__10000__False__1.csv
+ python simulate.py --program dijkstra_token_ring --sched 0 --no-sim 10000 --fault-interval 1 --graph-names implicit_graph_n8 --fault-prob 1.0 --simulation-type controlled_at_node_duong --controlled-at-node 2 --limit-steps 100
Note: NumExpr detected 24 cores but "NUMEXPR_MAX_THREADS" not set, so enforcing safe limit of 8.
NumExpr defaulting to 8 threads.
Locating Graph: "implicit_graph_n8".
Analysis graph: implicit_graph_n8 | program: dijkstra_token_ring | Simulation Type: controlled_at_node_duong, Args: [2] | No. of Simulations: 10000 | Scheduler: 0 | Mutual Exclusion: False | Fault Interval: 1
Total configs: 6,561.
Simulation environment: No. of Simulations: 10000 | Scheduler: CENTRAL | ME: False

Saving result at results/dijkstra_token_ring/implicit_graph_n8__0__controlled_at_node_duong_args_2__10000__False__1.csv
+ python simulate.py --program dijkstra_token_ring --sched 0 --no-sim 10000 --fault-interval 1 --graph-names implicit_graph_n8 --fault-prob 1.0 --simulation-type controlled_at_node_duong --controlled-at-node 3 --limit-steps 100
Note: NumExpr detected 24 cores but "NUMEXPR_MAX_THREADS" not set, so enforcing safe limit of 8.
NumExpr defaulting to 8 threads.
Locating Graph: "implicit_graph_n8".
Analysis graph: implicit_graph_n8 | program: dijkstra_token_ring | Simulation Type: controlled_at_node_duong, Args: [3] | No. of Simulations: 10000 | Scheduler: 0 | Mutual Exclusion: False | Fault Interval: 1
Total configs: 6,561.
Simulation environment: No. of Simulations: 10000 | Scheduler: CENTRAL | ME: False

Saving result at results/dijkstra_token_ring/implicit_graph_n8__0__controlled_at_node_duong_args_3__10000__False__1.csv
+ python simulate.py --program dijkstra_token_ring --sched 0 --no-sim 10000 --fault-interval 1 --graph-names implicit_graph_n8 --fault-prob 1.0 --simulation-type controlled_at_node_duong --controlled-at-node 4 --limit-steps 100
Note: NumExpr detected 24 cores but "NUMEXPR_MAX_THREADS" not set, so enforcing safe limit of 8.
NumExpr defaulting to 8 threads.
Locating Graph: "implicit_graph_n8".
Analysis graph: implicit_graph_n8 | program: dijkstra_token_ring | Simulation Type: controlled_at_node_duong, Args: [4] | No. of Simulations: 10000 | Scheduler: 0 | Mutual Exclusion: False | Fault Interval: 1
Total configs: 6,561.
Simulation environment: No. of Simulations: 10000 | Scheduler: CENTRAL | ME: False

Saving result at results/dijkstra_token_ring/implicit_graph_n8__0__controlled_at_node_duong_args_4__10000__False__1.csv
+ python simulate.py --program dijkstra_token_ring --sched 0 --no-sim 10000 --fault-interval 1 --graph-names implicit_graph_n8 --fault-prob 1.0 --simulation-type controlled_at_node_duong --controlled-at-node 5 --limit-steps 100
Note: NumExpr detected 24 cores but "NUMEXPR_MAX_THREADS" not set, so enforcing safe limit of 8.
NumExpr defaulting to 8 threads.
Locating Graph: "implicit_graph_n8".
Analysis graph: implicit_graph_n8 | program: dijkstra_token_ring | Simulation Type: controlled_at_node_duong, Args: [5] | No. of Simulations: 10000 | Scheduler: 0 | Mutual Exclusion: False | Fault Interval: 1
Total configs: 6,561.
Simulation environment: No. of Simulations: 10000 | Scheduler: CENTRAL | ME: False

Saving result at results/dijkstra_token_ring/implicit_graph_n8__0__controlled_at_node_duong_args_5__10000__False__1.csv
+ python simulate.py --program dijkstra_token_ring --sched 0 --no-sim 10000 --fault-interval 1 --graph-names implicit_graph_n8 --fault-prob 1.0 --simulation-type controlled_at_node_duong --controlled-at-node 6 --limit-steps 100
Note: NumExpr detected 24 cores but "NUMEXPR_MAX_THREADS" not set, so enforcing safe limit of 8.
NumExpr defaulting to 8 threads.
Locating Graph: "implicit_graph_n8".
Analysis graph: implicit_graph_n8 | program: dijkstra_token_ring | Simulation Type: controlled_at_node_duong, Args: [6] | No. of Simulations: 10000 | Scheduler: 0 | Mutual Exclusion: False | Fault Interval: 1
Total configs: 6,561.
Simulation environment: No. of Simulations: 10000 | Scheduler: CENTRAL | ME: False

Saving result at results/dijkstra_token_ring/implicit_graph_n8__0__controlled_at_node_duong_args_6__10000__False__1.csv
+ python simulate.py --program dijkstra_token_ring --sched 0 --no-sim 10000 --fault-interval 1 --graph-names implicit_graph_n8 --fault-prob 1.0 --simulation-type controlled_at_node_duong --controlled-at-node 7 --limit-steps 100
Note: NumExpr detected 24 cores but "NUMEXPR_MAX_THREADS" not set, so enforcing safe limit of 8.
NumExpr defaulting to 8 threads.
Locating Graph: "implicit_graph_n8".
Analysis graph: implicit_graph_n8 | program: dijkstra_token_ring | Simulation Type: controlled_at_node_duong, Args: [7] | No. of Simulations: 10000 | Scheduler: 0 | Mutual Exclusion: False | Fault Interval: 1
Total configs: 6,561.
Simulation environment: No. of Simulations: 10000 | Scheduler: CENTRAL | ME: False

Saving result at results/dijkstra_token_ring/implicit_graph_n8__0__controlled_at_node_duong_args_7__10000__False__1.csv
+ python simulate.py --program dijkstra_token_ring --sched 0 --no-sim 10000 --fault-interval 2 --graph-names implicit_graph_n8 --fault-prob 1.0 --simulation-type random --limit-steps 100
Note: NumExpr detected 24 cores but "NUMEXPR_MAX_THREADS" not set, so enforcing safe limit of 8.
NumExpr defaulting to 8 threads.
Locating Graph: "implicit_graph_n8".
Analysis graph: implicit_graph_n8 | program: dijkstra_token_ring | Simulation Type: random, Args: [] | No. of Simulations: 10000 | Scheduler: 0 | Mutual Exclusion: False | Fault Interval: 2
Total configs: 6,561.
Simulation environment: No. of Simulations: 10000 | Scheduler: CENTRAL | ME: False

Saving result at results/dijkstra_token_ring/implicit_graph_n8__0__random_args___10000__False__2.csv
+ python simulate.py --program dijkstra_token_ring --sched 0 --no-sim 10000 --fault-interval 2 --graph-names implicit_graph_n8 --fault-prob 1.0 --simulation-type controlled_at_node_duong --controlled-at-node 0 --limit-steps 100
Note: NumExpr detected 24 cores but "NUMEXPR_MAX_THREADS" not set, so enforcing safe limit of 8.
NumExpr defaulting to 8 threads.
Locating Graph: "implicit_graph_n8".
Analysis graph: implicit_graph_n8 | program: dijkstra_token_ring | Simulation Type: controlled_at_node_duong, Args: [0] | No. of Simulations: 10000 | Scheduler: 0 | Mutual Exclusion: False | Fault Interval: 2
Total configs: 6,561.
Simulation environment: No. of Simulations: 10000 | Scheduler: CENTRAL | ME: False

Saving result at results/dijkstra_token_ring/implicit_graph_n8__0__controlled_at_node_duong_args_0__10000__False__2.csv
+ python simulate.py --program dijkstra_token_ring --sched 0 --no-sim 10000 --fault-interval 2 --graph-names implicit_graph_n8 --fault-prob 1.0 --simulation-type controlled_at_node_duong --controlled-at-node 1 --limit-steps 100
Note: NumExpr detected 24 cores but "NUMEXPR_MAX_THREADS" not set, so enforcing safe limit of 8.
NumExpr defaulting to 8 threads.
Locating Graph: "implicit_graph_n8".
Analysis graph: implicit_graph_n8 | program: dijkstra_token_ring | Simulation Type: controlled_at_node_duong, Args: [1] | No. of Simulations: 10000 | Scheduler: 0 | Mutual Exclusion: False | Fault Interval: 2
Total configs: 6,561.
Simulation environment: No. of Simulations: 10000 | Scheduler: CENTRAL | ME: False

Saving result at results/dijkstra_token_ring/implicit_graph_n8__0__controlled_at_node_duong_args_1__10000__False__2.csv
+ python simulate.py --program dijkstra_token_ring --sched 0 --no-sim 10000 --fault-interval 2 --graph-names implicit_graph_n8 --fault-prob 1.0 --simulation-type controlled_at_node_duong --controlled-at-node 2 --limit-steps 100
Note: NumExpr detected 24 cores but "NUMEXPR_MAX_THREADS" not set, so enforcing safe limit of 8.
NumExpr defaulting to 8 threads.
Locating Graph: "implicit_graph_n8".
Analysis graph: implicit_graph_n8 | program: dijkstra_token_ring | Simulation Type: controlled_at_node_duong, Args: [2] | No. of Simulations: 10000 | Scheduler: 0 | Mutual Exclusion: False | Fault Interval: 2
Total configs: 6,561.
Simulation environment: No. of Simulations: 10000 | Scheduler: CENTRAL | ME: False

Saving result at results/dijkstra_token_ring/implicit_graph_n8__0__controlled_at_node_duong_args_2__10000__False__2.csv
+ python simulate.py --program dijkstra_token_ring --sched 0 --no-sim 10000 --fault-interval 2 --graph-names implicit_graph_n8 --fault-prob 1.0 --simulation-type controlled_at_node_duong --controlled-at-node 3 --limit-steps 100
Note: NumExpr detected 24 cores but "NUMEXPR_MAX_THREADS" not set, so enforcing safe limit of 8.
NumExpr defaulting to 8 threads.
Locating Graph: "implicit_graph_n8".
Analysis graph: implicit_graph_n8 | program: dijkstra_token_ring | Simulation Type: controlled_at_node_duong, Args: [3] | No. of Simulations: 10000 | Scheduler: 0 | Mutual Exclusion: False | Fault Interval: 2
Total configs: 6,561.
Simulation environment: No. of Simulations: 10000 | Scheduler: CENTRAL | ME: False

Saving result at results/dijkstra_token_ring/implicit_graph_n8__0__controlled_at_node_duong_args_3__10000__False__2.csv
+ python simulate.py --program dijkstra_token_ring --sched 0 --no-sim 10000 --fault-interval 2 --graph-names implicit_graph_n8 --fault-prob 1.0 --simulation-type controlled_at_node_duong --controlled-at-node 4 --limit-steps 100
Note: NumExpr detected 24 cores but "NUMEXPR_MAX_THREADS" not set, so enforcing safe limit of 8.
NumExpr defaulting to 8 threads.
Locating Graph: "implicit_graph_n8".
Analysis graph: implicit_graph_n8 | program: dijkstra_token_ring | Simulation Type: controlled_at_node_duong, Args: [4] | No. of Simulations: 10000 | Scheduler: 0 | Mutual Exclusion: False | Fault Interval: 2
Total configs: 6,561.
Simulation environment: No. of Simulations: 10000 | Scheduler: CENTRAL | ME: False

Saving result at results/dijkstra_token_ring/implicit_graph_n8__0__controlled_at_node_duong_args_4__10000__False__2.csv
+ python simulate.py --program dijkstra_token_ring --sched 0 --no-sim 10000 --fault-interval 2 --graph-names implicit_graph_n8 --fault-prob 1.0 --simulation-type controlled_at_node_duong --controlled-at-node 5 --limit-steps 100
Note: NumExpr detected 24 cores but "NUMEXPR_MAX_THREADS" not set, so enforcing safe limit of 8.
NumExpr defaulting to 8 threads.
Locating Graph: "implicit_graph_n8".
Analysis graph: implicit_graph_n8 | program: dijkstra_token_ring | Simulation Type: controlled_at_node_duong, Args: [5] | No. of Simulations: 10000 | Scheduler: 0 | Mutual Exclusion: False | Fault Interval: 2
Total configs: 6,561.
Simulation environment: No. of Simulations: 10000 | Scheduler: CENTRAL | ME: False

Saving result at results/dijkstra_token_ring/implicit_graph_n8__0__controlled_at_node_duong_args_5__10000__False__2.csv
+ python simulate.py --program dijkstra_token_ring --sched 0 --no-sim 10000 --fault-interval 2 --graph-names implicit_graph_n8 --fault-prob 1.0 --simulation-type controlled_at_node_duong --controlled-at-node 6 --limit-steps 100
Note: NumExpr detected 24 cores but "NUMEXPR_MAX_THREADS" not set, so enforcing safe limit of 8.
NumExpr defaulting to 8 threads.
Locating Graph: "implicit_graph_n8".
Analysis graph: implicit_graph_n8 | program: dijkstra_token_ring | Simulation Type: controlled_at_node_duong, Args: [6] | No. of Simulations: 10000 | Scheduler: 0 | Mutual Exclusion: False | Fault Interval: 2
Total configs: 6,561.
Simulation environment: No. of Simulations: 10000 | Scheduler: CENTRAL | ME: False

Saving result at results/dijkstra_token_ring/implicit_graph_n8__0__controlled_at_node_duong_args_6__10000__False__2.csv
+ python simulate.py --program dijkstra_token_ring --sched 0 --no-sim 10000 --fault-interval 2 --graph-names implicit_graph_n8 --fault-prob 1.0 --simulation-type controlled_at_node_duong --controlled-at-node 7 --limit-steps 100
Note: NumExpr detected 24 cores but "NUMEXPR_MAX_THREADS" not set, so enforcing safe limit of 8.
NumExpr defaulting to 8 threads.
Locating Graph: "implicit_graph_n8".
Analysis graph: implicit_graph_n8 | program: dijkstra_token_ring | Simulation Type: controlled_at_node_duong, Args: [7] | No. of Simulations: 10000 | Scheduler: 0 | Mutual Exclusion: False | Fault Interval: 2
Total configs: 6,561.
Simulation environment: No. of Simulations: 10000 | Scheduler: CENTRAL | ME: False

Saving result at results/dijkstra_token_ring/implicit_graph_n8__0__controlled_at_node_duong_args_7__10000__False__2.csv
+ python simulate.py --program dijkstra_token_ring --sched 0 --no-sim 10000 --fault-interval 3 --graph-names implicit_graph_n8 --fault-prob 1.0 --simulation-type random --limit-steps 100
Note: NumExpr detected 24 cores but "NUMEXPR_MAX_THREADS" not set, so enforcing safe limit of 8.
NumExpr defaulting to 8 threads.
Locating Graph: "implicit_graph_n8".
Analysis graph: implicit_graph_n8 | program: dijkstra_token_ring | Simulation Type: random, Args: [] | No. of Simulations: 10000 | Scheduler: 0 | Mutual Exclusion: False | Fault Interval: 3
Total configs: 6,561.
Simulation environment: No. of Simulations: 10000 | Scheduler: CENTRAL | ME: False

Saving result at results/dijkstra_token_ring/implicit_graph_n8__0__random_args___10000__False__3.csv
+ python simulate.py --program dijkstra_token_ring --sched 0 --no-sim 10000 --fault-interval 3 --graph-names implicit_graph_n8 --fault-prob 1.0 --simulation-type controlled_at_node_duong --controlled-at-node 0 --limit-steps 100
Note: NumExpr detected 24 cores but "NUMEXPR_MAX_THREADS" not set, so enforcing safe limit of 8.
NumExpr defaulting to 8 threads.
Locating Graph: "implicit_graph_n8".
Analysis graph: implicit_graph_n8 | program: dijkstra_token_ring | Simulation Type: controlled_at_node_duong, Args: [0] | No. of Simulations: 10000 | Scheduler: 0 | Mutual Exclusion: False | Fault Interval: 3
Total configs: 6,561.
Simulation environment: No. of Simulations: 10000 | Scheduler: CENTRAL | ME: False

Saving result at results/dijkstra_token_ring/implicit_graph_n8__0__controlled_at_node_duong_args_0__10000__False__3.csv
+ python simulate.py --program dijkstra_token_ring --sched 0 --no-sim 10000 --fault-interval 3 --graph-names implicit_graph_n8 --fault-prob 1.0 --simulation-type controlled_at_node_duong --controlled-at-node 1 --limit-steps 100
Note: NumExpr detected 24 cores but "NUMEXPR_MAX_THREADS" not set, so enforcing safe limit of 8.
NumExpr defaulting to 8 threads.
Locating Graph: "implicit_graph_n8".
Analysis graph: implicit_graph_n8 | program: dijkstra_token_ring | Simulation Type: controlled_at_node_duong, Args: [1] | No. of Simulations: 10000 | Scheduler: 0 | Mutual Exclusion: False | Fault Interval: 3
Total configs: 6,561.
Simulation environment: No. of Simulations: 10000 | Scheduler: CENTRAL | ME: False

Saving result at results/dijkstra_token_ring/implicit_graph_n8__0__controlled_at_node_duong_args_1__10000__False__3.csv
+ python simulate.py --program dijkstra_token_ring --sched 0 --no-sim 10000 --fault-interval 3 --graph-names implicit_graph_n8 --fault-prob 1.0 --simulation-type controlled_at_node_duong --controlled-at-node 2 --limit-steps 100
Note: NumExpr detected 24 cores but "NUMEXPR_MAX_THREADS" not set, so enforcing safe limit of 8.
NumExpr defaulting to 8 threads.
Locating Graph: "implicit_graph_n8".
Analysis graph: implicit_graph_n8 | program: dijkstra_token_ring | Simulation Type: controlled_at_node_duong, Args: [2] | No. of Simulations: 10000 | Scheduler: 0 | Mutual Exclusion: False | Fault Interval: 3
Total configs: 6,561.
Simulation environment: No. of Simulations: 10000 | Scheduler: CENTRAL | ME: False

Saving result at results/dijkstra_token_ring/implicit_graph_n8__0__controlled_at_node_duong_args_2__10000__False__3.csv
+ python simulate.py --program dijkstra_token_ring --sched 0 --no-sim 10000 --fault-interval 3 --graph-names implicit_graph_n8 --fault-prob 1.0 --simulation-type controlled_at_node_duong --controlled-at-node 3 --limit-steps 100
Note: NumExpr detected 24 cores but "NUMEXPR_MAX_THREADS" not set, so enforcing safe limit of 8.
NumExpr defaulting to 8 threads.
Locating Graph: "implicit_graph_n8".
Analysis graph: implicit_graph_n8 | program: dijkstra_token_ring | Simulation Type: controlled_at_node_duong, Args: [3] | No. of Simulations: 10000 | Scheduler: 0 | Mutual Exclusion: False | Fault Interval: 3
Total configs: 6,561.
Simulation environment: No. of Simulations: 10000 | Scheduler: CENTRAL | ME: False

Saving result at results/dijkstra_token_ring/implicit_graph_n8__0__controlled_at_node_duong_args_3__10000__False__3.csv
+ python simulate.py --program dijkstra_token_ring --sched 0 --no-sim 10000 --fault-interval 3 --graph-names implicit_graph_n8 --fault-prob 1.0 --simulation-type controlled_at_node_duong --controlled-at-node 4 --limit-steps 100
Note: NumExpr detected 24 cores but "NUMEXPR_MAX_THREADS" not set, so enforcing safe limit of 8.
NumExpr defaulting to 8 threads.
Locating Graph: "implicit_graph_n8".
Analysis graph: implicit_graph_n8 | program: dijkstra_token_ring | Simulation Type: controlled_at_node_duong, Args: [4] | No. of Simulations: 10000 | Scheduler: 0 | Mutual Exclusion: False | Fault Interval: 3
Total configs: 6,561.
Simulation environment: No. of Simulations: 10000 | Scheduler: CENTRAL | ME: False

Saving result at results/dijkstra_token_ring/implicit_graph_n8__0__controlled_at_node_duong_args_4__10000__False__3.csv
+ python simulate.py --program dijkstra_token_ring --sched 0 --no-sim 10000 --fault-interval 3 --graph-names implicit_graph_n8 --fault-prob 1.0 --simulation-type controlled_at_node_duong --controlled-at-node 5 --limit-steps 100
Note: NumExpr detected 24 cores but "NUMEXPR_MAX_THREADS" not set, so enforcing safe limit of 8.
NumExpr defaulting to 8 threads.
Locating Graph: "implicit_graph_n8".
Analysis graph: implicit_graph_n8 | program: dijkstra_token_ring | Simulation Type: controlled_at_node_duong, Args: [5] | No. of Simulations: 10000 | Scheduler: 0 | Mutual Exclusion: False | Fault Interval: 3
Total configs: 6,561.
Simulation environment: No. of Simulations: 10000 | Scheduler: CENTRAL | ME: False

Saving result at results/dijkstra_token_ring/implicit_graph_n8__0__controlled_at_node_duong_args_5__10000__False__3.csv
+ python simulate.py --program dijkstra_token_ring --sched 0 --no-sim 10000 --fault-interval 3 --graph-names implicit_graph_n8 --fault-prob 1.0 --simulation-type controlled_at_node_duong --controlled-at-node 6 --limit-steps 100
Note: NumExpr detected 24 cores but "NUMEXPR_MAX_THREADS" not set, so enforcing safe limit of 8.
NumExpr defaulting to 8 threads.
Locating Graph: "implicit_graph_n8".
Analysis graph: implicit_graph_n8 | program: dijkstra_token_ring | Simulation Type: controlled_at_node_duong, Args: [6] | No. of Simulations: 10000 | Scheduler: 0 | Mutual Exclusion: False | Fault Interval: 3
Total configs: 6,561.
Simulation environment: No. of Simulations: 10000 | Scheduler: CENTRAL | ME: False

Saving result at results/dijkstra_token_ring/implicit_graph_n8__0__controlled_at_node_duong_args_6__10000__False__3.csv
+ python simulate.py --program dijkstra_token_ring --sched 0 --no-sim 10000 --fault-interval 3 --graph-names implicit_graph_n8 --fault-prob 1.0 --simulation-type controlled_at_node_duong --controlled-at-node 7 --limit-steps 100
Note: NumExpr detected 24 cores but "NUMEXPR_MAX_THREADS" not set, so enforcing safe limit of 8.
NumExpr defaulting to 8 threads.
Locating Graph: "implicit_graph_n8".
Analysis graph: implicit_graph_n8 | program: dijkstra_token_ring | Simulation Type: controlled_at_node_duong, Args: [7] | No. of Simulations: 10000 | Scheduler: 0 | Mutual Exclusion: False | Fault Interval: 3
Total configs: 6,561.
Simulation environment: No. of Simulations: 10000 | Scheduler: CENTRAL | ME: False

Saving result at results/dijkstra_token_ring/implicit_graph_n8__0__controlled_at_node_duong_args_7__10000__False__3.csv
+ python simulate.py --program dijkstra_token_ring --sched 0 --no-sim 10000 --fault-interval 4 --graph-names implicit_graph_n8 --fault-prob 1.0 --simulation-type random --limit-steps 100
Note: NumExpr detected 24 cores but "NUMEXPR_MAX_THREADS" not set, so enforcing safe limit of 8.
NumExpr defaulting to 8 threads.
Locating Graph: "implicit_graph_n8".
Analysis graph: implicit_graph_n8 | program: dijkstra_token_ring | Simulation Type: random, Args: [] | No. of Simulations: 10000 | Scheduler: 0 | Mutual Exclusion: False | Fault Interval: 4
Total configs: 6,561.
Simulation environment: No. of Simulations: 10000 | Scheduler: CENTRAL | ME: False

Saving result at results/dijkstra_token_ring/implicit_graph_n8__0__random_args___10000__False__4.csv
+ python simulate.py --program dijkstra_token_ring --sched 0 --no-sim 10000 --fault-interval 4 --graph-names implicit_graph_n8 --fault-prob 1.0 --simulation-type controlled_at_node_duong --controlled-at-node 0 --limit-steps 100
Note: NumExpr detected 24 cores but "NUMEXPR_MAX_THREADS" not set, so enforcing safe limit of 8.
NumExpr defaulting to 8 threads.
Locating Graph: "implicit_graph_n8".
Analysis graph: implicit_graph_n8 | program: dijkstra_token_ring | Simulation Type: controlled_at_node_duong, Args: [0] | No. of Simulations: 10000 | Scheduler: 0 | Mutual Exclusion: False | Fault Interval: 4
Total configs: 6,561.
Simulation environment: No. of Simulations: 10000 | Scheduler: CENTRAL | ME: False

Saving result at results/dijkstra_token_ring/implicit_graph_n8__0__controlled_at_node_duong_args_0__10000__False__4.csv
+ python simulate.py --program dijkstra_token_ring --sched 0 --no-sim 10000 --fault-interval 4 --graph-names implicit_graph_n8 --fault-prob 1.0 --simulation-type controlled_at_node_duong --controlled-at-node 1 --limit-steps 100
Note: NumExpr detected 24 cores but "NUMEXPR_MAX_THREADS" not set, so enforcing safe limit of 8.
NumExpr defaulting to 8 threads.
Locating Graph: "implicit_graph_n8".
Analysis graph: implicit_graph_n8 | program: dijkstra_token_ring | Simulation Type: controlled_at_node_duong, Args: [1] | No. of Simulations: 10000 | Scheduler: 0 | Mutual Exclusion: False | Fault Interval: 4
Total configs: 6,561.
Simulation environment: No. of Simulations: 10000 | Scheduler: CENTRAL | ME: False

Saving result at results/dijkstra_token_ring/implicit_graph_n8__0__controlled_at_node_duong_args_1__10000__False__4.csv
+ python simulate.py --program dijkstra_token_ring --sched 0 --no-sim 10000 --fault-interval 4 --graph-names implicit_graph_n8 --fault-prob 1.0 --simulation-type controlled_at_node_duong --controlled-at-node 2 --limit-steps 100
Note: NumExpr detected 24 cores but "NUMEXPR_MAX_THREADS" not set, so enforcing safe limit of 8.
NumExpr defaulting to 8 threads.
Locating Graph: "implicit_graph_n8".
Analysis graph: implicit_graph_n8 | program: dijkstra_token_ring | Simulation Type: controlled_at_node_duong, Args: [2] | No. of Simulations: 10000 | Scheduler: 0 | Mutual Exclusion: False | Fault Interval: 4
Total configs: 6,561.
Simulation environment: No. of Simulations: 10000 | Scheduler: CENTRAL | ME: False

Saving result at results/dijkstra_token_ring/implicit_graph_n8__0__controlled_at_node_duong_args_2__10000__False__4.csv
+ python simulate.py --program dijkstra_token_ring --sched 0 --no-sim 10000 --fault-interval 4 --graph-names implicit_graph_n8 --fault-prob 1.0 --simulation-type controlled_at_node_duong --controlled-at-node 3 --limit-steps 100
Note: NumExpr detected 24 cores but "NUMEXPR_MAX_THREADS" not set, so enforcing safe limit of 8.
NumExpr defaulting to 8 threads.
Locating Graph: "implicit_graph_n8".
Analysis graph: implicit_graph_n8 | program: dijkstra_token_ring | Simulation Type: controlled_at_node_duong, Args: [3] | No. of Simulations: 10000 | Scheduler: 0 | Mutual Exclusion: False | Fault Interval: 4
Total configs: 6,561.
Simulation environment: No. of Simulations: 10000 | Scheduler: CENTRAL | ME: False

Saving result at results/dijkstra_token_ring/implicit_graph_n8__0__controlled_at_node_duong_args_3__10000__False__4.csv
+ python simulate.py --program dijkstra_token_ring --sched 0 --no-sim 10000 --fault-interval 4 --graph-names implicit_graph_n8 --fault-prob 1.0 --simulation-type controlled_at_node_duong --controlled-at-node 4 --limit-steps 100
Note: NumExpr detected 24 cores but "NUMEXPR_MAX_THREADS" not set, so enforcing safe limit of 8.
NumExpr defaulting to 8 threads.
Locating Graph: "implicit_graph_n8".
Analysis graph: implicit_graph_n8 | program: dijkstra_token_ring | Simulation Type: controlled_at_node_duong, Args: [4] | No. of Simulations: 10000 | Scheduler: 0 | Mutual Exclusion: False | Fault Interval: 4
Total configs: 6,561.
Simulation environment: No. of Simulations: 10000 | Scheduler: CENTRAL | ME: False

Saving result at results/dijkstra_token_ring/implicit_graph_n8__0__controlled_at_node_duong_args_4__10000__False__4.csv
+ python simulate.py --program dijkstra_token_ring --sched 0 --no-sim 10000 --fault-interval 4 --graph-names implicit_graph_n8 --fault-prob 1.0 --simulation-type controlled_at_node_duong --controlled-at-node 5 --limit-steps 100
Note: NumExpr detected 24 cores but "NUMEXPR_MAX_THREADS" not set, so enforcing safe limit of 8.
NumExpr defaulting to 8 threads.
Locating Graph: "implicit_graph_n8".
Analysis graph: implicit_graph_n8 | program: dijkstra_token_ring | Simulation Type: controlled_at_node_duong, Args: [5] | No. of Simulations: 10000 | Scheduler: 0 | Mutual Exclusion: False | Fault Interval: 4
Total configs: 6,561.
Simulation environment: No. of Simulations: 10000 | Scheduler: CENTRAL | ME: False

Saving result at results/dijkstra_token_ring/implicit_graph_n8__0__controlled_at_node_duong_args_5__10000__False__4.csv
+ python simulate.py --program dijkstra_token_ring --sched 0 --no-sim 10000 --fault-interval 4 --graph-names implicit_graph_n8 --fault-prob 1.0 --simulation-type controlled_at_node_duong --controlled-at-node 6 --limit-steps 100
Note: NumExpr detected 24 cores but "NUMEXPR_MAX_THREADS" not set, so enforcing safe limit of 8.
NumExpr defaulting to 8 threads.
Locating Graph: "implicit_graph_n8".
Analysis graph: implicit_graph_n8 | program: dijkstra_token_ring | Simulation Type: controlled_at_node_duong, Args: [6] | No. of Simulations: 10000 | Scheduler: 0 | Mutual Exclusion: False | Fault Interval: 4
Total configs: 6,561.
Simulation environment: No. of Simulations: 10000 | Scheduler: CENTRAL | ME: False

Saving result at results/dijkstra_token_ring/implicit_graph_n8__0__controlled_at_node_duong_args_6__10000__False__4.csv
+ python simulate.py --program dijkstra_token_ring --sched 0 --no-sim 10000 --fault-interval 4 --graph-names implicit_graph_n8 --fault-prob 1.0 --simulation-type controlled_at_node_duong --controlled-at-node 7 --limit-steps 100
Note: NumExpr detected 24 cores but "NUMEXPR_MAX_THREADS" not set, so enforcing safe limit of 8.
NumExpr defaulting to 8 threads.
Locating Graph: "implicit_graph_n8".
Analysis graph: implicit_graph_n8 | program: dijkstra_token_ring | Simulation Type: controlled_at_node_duong, Args: [7] | No. of Simulations: 10000 | Scheduler: 0 | Mutual Exclusion: False | Fault Interval: 4
Total configs: 6,561.
Simulation environment: No. of Simulations: 10000 | Scheduler: CENTRAL | ME: False

Saving result at results/dijkstra_token_ring/implicit_graph_n8__0__controlled_at_node_duong_args_7__10000__False__4.csv
