+ cd gnn
+ python cvf_analysis.py --model lstm_trained_at_2025_06_26_20_32 --program maximal_matching --graph-names graph_random_regular_graph_n4_d2
Starting for graph_random_regular_graph_n4_d2.
Total configs: 1,296.
Done ML CVF Analysis!
Complete for graph_random_regular_graph_n4_d2.

=== Runtime Report ===
get_model: 0.087625s
get_dataset: 0.000196s
__getitem__: 0.888973s
get_perturbed_states: 0.000473s
get_rank: 0.322768s
group_data: 0.000151s
aggregation_n_save: 0.002964s
ml_cvf_analysis: 1.506798s
get_fa_results: 0.005962s
main: 1.512893s
=== End Report ===


+ python cvf_analysis.py --model lstm_trained_at_2025_06_26_20_32 --program maximal_matching --graph-names graph_random_regular_graph_n5_d4
Starting for graph_random_regular_graph_n5_d4.
Total configs: 100,000.
Done ML CVF Analysis!
Complete for graph_random_regular_graph_n5_d4.

=== Runtime Report ===
get_model: 0.071639s
get_dataset: 0.000202s
__getitem__: 106.434767s
get_perturbed_states: 0.036554s
get_rank: 19.832879s
group_data: 0.000204s
aggregation_n_save: 0.032268s
ml_cvf_analysis: 143.845743s
get_fa_results: 0.005636s
main: 143.851514s
=== End Report ===


+ python cvf_analysis.py --model lstm_trained_at_2025_06_26_20_32 --program maximal_matching --graph-names graph_random_regular_graph_n6_d3
Starting for graph_random_regular_graph_n6_d3.
Total configs: 262,144.
Done ML CVF Analysis!
Complete for graph_random_regular_graph_n6_d3.

=== Runtime Report ===
get_model: 0.077531s
get_dataset: 0.000195s
__getitem__: 324.086308s
get_perturbed_states: 0.098253s
get_rank: 53.945286s
group_data: 0.000209s
aggregation_n_save: 0.098800s
ml_cvf_analysis: 427.860971s
get_fa_results: 0.005735s
main: 427.866841s
=== End Report ===


