+ cd simulations
+ python simulate.py --program maximal_matching --sched 0 --no-sim 10000 --fault-interval 1 --graph-names graph_10 --fault-prob 1.0 --simulation-type random --limit-steps 100
Note: NumExpr detected 24 cores but "NUMEXPR_MAX_THREADS" not set, so enforcing safe limit of 8.
NumExpr defaulting to 8 threads.
Locating Graph: "graph_10".
Analysis graph: graph_10 | program: maximal_matching | Simulation Type: random, Args: [] | No. of Simulations: 10000 | Scheduler: 0 | Mutual Exclusion: False | Fault Interval: 1
Total configs: 65,536,000.
Simulation environment: No. of Simulations: 10000 | Scheduler: CENTRAL | ME: False

Saving result at results/maximal_matching/graph_10__0__random_args___10000__False__1.csv
+ python simulate.py --program maximal_matching --sched 0 --no-sim 10000 --fault-interval 1 --graph-names graph_10 --fault-prob 1.0 --simulation-type controlled_at_node_duong --controlled-at-node 0 --limit-steps 100
Note: NumExpr detected 24 cores but "NUMEXPR_MAX_THREADS" not set, so enforcing safe limit of 8.
NumExpr defaulting to 8 threads.
Locating Graph: "graph_10".
Analysis graph: graph_10 | program: maximal_matching | Simulation Type: controlled_at_node_duong, Args: [0] | No. of Simulations: 10000 | Scheduler: 0 | Mutual Exclusion: False | Fault Interval: 1
Total configs: 65,536,000.
Simulation environment: No. of Simulations: 10000 | Scheduler: CENTRAL | ME: False

Saving result at results/maximal_matching/graph_10__0__controlled_at_node_duong_args_0__10000__False__1.csv
+ python simulate.py --program maximal_matching --sched 0 --no-sim 10000 --fault-interval 1 --graph-names graph_10 --fault-prob 1.0 --simulation-type controlled_at_node_duong --controlled-at-node 1 --limit-steps 100
Note: NumExpr detected 24 cores but "NUMEXPR_MAX_THREADS" not set, so enforcing safe limit of 8.
NumExpr defaulting to 8 threads.
Locating Graph: "graph_10".
Analysis graph: graph_10 | program: maximal_matching | Simulation Type: controlled_at_node_duong, Args: [1] | No. of Simulations: 10000 | Scheduler: 0 | Mutual Exclusion: False | Fault Interval: 1
Total configs: 65,536,000.
Simulation environment: No. of Simulations: 10000 | Scheduler: CENTRAL | ME: False

Saving result at results/maximal_matching/graph_10__0__controlled_at_node_duong_args_1__10000__False__1.csv
+ python simulate.py --program maximal_matching --sched 0 --no-sim 10000 --fault-interval 1 --graph-names graph_10 --fault-prob 1.0 --simulation-type controlled_at_node_duong --controlled-at-node 2 --limit-steps 100
Note: NumExpr detected 24 cores but "NUMEXPR_MAX_THREADS" not set, so enforcing safe limit of 8.
NumExpr defaulting to 8 threads.
Locating Graph: "graph_10".
Analysis graph: graph_10 | program: maximal_matching | Simulation Type: controlled_at_node_duong, Args: [2] | No. of Simulations: 10000 | Scheduler: 0 | Mutual Exclusion: False | Fault Interval: 1
Total configs: 65,536,000.
Simulation environment: No. of Simulations: 10000 | Scheduler: CENTRAL | ME: False

Saving result at results/maximal_matching/graph_10__0__controlled_at_node_duong_args_2__10000__False__1.csv
+ python simulate.py --program maximal_matching --sched 0 --no-sim 10000 --fault-interval 1 --graph-names graph_10 --fault-prob 1.0 --simulation-type controlled_at_node_duong --controlled-at-node 3 --limit-steps 100
Note: NumExpr detected 24 cores but "NUMEXPR_MAX_THREADS" not set, so enforcing safe limit of 8.
NumExpr defaulting to 8 threads.
Locating Graph: "graph_10".
Analysis graph: graph_10 | program: maximal_matching | Simulation Type: controlled_at_node_duong, Args: [3] | No. of Simulations: 10000 | Scheduler: 0 | Mutual Exclusion: False | Fault Interval: 1
Total configs: 65,536,000.
Simulation environment: No. of Simulations: 10000 | Scheduler: CENTRAL | ME: False

Saving result at results/maximal_matching/graph_10__0__controlled_at_node_duong_args_3__10000__False__1.csv
+ python simulate.py --program maximal_matching --sched 0 --no-sim 10000 --fault-interval 1 --graph-names graph_10 --fault-prob 1.0 --simulation-type controlled_at_node_duong --controlled-at-node 4 --limit-steps 100
Note: NumExpr detected 24 cores but "NUMEXPR_MAX_THREADS" not set, so enforcing safe limit of 8.
NumExpr defaulting to 8 threads.
Locating Graph: "graph_10".
Analysis graph: graph_10 | program: maximal_matching | Simulation Type: controlled_at_node_duong, Args: [4] | No. of Simulations: 10000 | Scheduler: 0 | Mutual Exclusion: False | Fault Interval: 1
Total configs: 65,536,000.
Simulation environment: No. of Simulations: 10000 | Scheduler: CENTRAL | ME: False

Saving result at results/maximal_matching/graph_10__0__controlled_at_node_duong_args_4__10000__False__1.csv
+ python simulate.py --program maximal_matching --sched 0 --no-sim 10000 --fault-interval 1 --graph-names graph_10 --fault-prob 1.0 --simulation-type controlled_at_node_duong --controlled-at-node 5 --limit-steps 100
Note: NumExpr detected 24 cores but "NUMEXPR_MAX_THREADS" not set, so enforcing safe limit of 8.
NumExpr defaulting to 8 threads.
Locating Graph: "graph_10".
Analysis graph: graph_10 | program: maximal_matching | Simulation Type: controlled_at_node_duong, Args: [5] | No. of Simulations: 10000 | Scheduler: 0 | Mutual Exclusion: False | Fault Interval: 1
Total configs: 65,536,000.
Simulation environment: No. of Simulations: 10000 | Scheduler: CENTRAL | ME: False

Saving result at results/maximal_matching/graph_10__0__controlled_at_node_duong_args_5__10000__False__1.csv
+ python simulate.py --program maximal_matching --sched 0 --no-sim 10000 --fault-interval 1 --graph-names graph_10 --fault-prob 1.0 --simulation-type controlled_at_node_duong --controlled-at-node 6 --limit-steps 100
Note: NumExpr detected 24 cores but "NUMEXPR_MAX_THREADS" not set, so enforcing safe limit of 8.
NumExpr defaulting to 8 threads.
Locating Graph: "graph_10".
Analysis graph: graph_10 | program: maximal_matching | Simulation Type: controlled_at_node_duong, Args: [6] | No. of Simulations: 10000 | Scheduler: 0 | Mutual Exclusion: False | Fault Interval: 1
Total configs: 65,536,000.
Simulation environment: No. of Simulations: 10000 | Scheduler: CENTRAL | ME: False

Saving result at results/maximal_matching/graph_10__0__controlled_at_node_duong_args_6__10000__False__1.csv
+ python simulate.py --program maximal_matching --sched 0 --no-sim 10000 --fault-interval 1 --graph-names graph_10 --fault-prob 1.0 --simulation-type controlled_at_node_duong --controlled-at-node 7 --limit-steps 100
Note: NumExpr detected 24 cores but "NUMEXPR_MAX_THREADS" not set, so enforcing safe limit of 8.
NumExpr defaulting to 8 threads.
Locating Graph: "graph_10".
Analysis graph: graph_10 | program: maximal_matching | Simulation Type: controlled_at_node_duong, Args: [7] | No. of Simulations: 10000 | Scheduler: 0 | Mutual Exclusion: False | Fault Interval: 1
Total configs: 65,536,000.
Simulation environment: No. of Simulations: 10000 | Scheduler: CENTRAL | ME: False

Saving result at results/maximal_matching/graph_10__0__controlled_at_node_duong_args_7__10000__False__1.csv
+ python simulate.py --program maximal_matching --sched 0 --no-sim 10000 --fault-interval 1 --graph-names graph_10 --fault-prob 1.0 --simulation-type controlled_at_node_duong --controlled-at-node 8 --limit-steps 100
Note: NumExpr detected 24 cores but "NUMEXPR_MAX_THREADS" not set, so enforcing safe limit of 8.
NumExpr defaulting to 8 threads.
Locating Graph: "graph_10".
Analysis graph: graph_10 | program: maximal_matching | Simulation Type: controlled_at_node_duong, Args: [8] | No. of Simulations: 10000 | Scheduler: 0 | Mutual Exclusion: False | Fault Interval: 1
Total configs: 65,536,000.
Simulation environment: No. of Simulations: 10000 | Scheduler: CENTRAL | ME: False

Saving result at results/maximal_matching/graph_10__0__controlled_at_node_duong_args_8__10000__False__1.csv
+ python simulate.py --program maximal_matching --sched 0 --no-sim 10000 --fault-interval 1 --graph-names graph_10 --fault-prob 1.0 --simulation-type controlled_at_node_duong --controlled-at-node 9 --limit-steps 100
Note: NumExpr detected 24 cores but "NUMEXPR_MAX_THREADS" not set, so enforcing safe limit of 8.
NumExpr defaulting to 8 threads.
Locating Graph: "graph_10".
Analysis graph: graph_10 | program: maximal_matching | Simulation Type: controlled_at_node_duong, Args: [9] | No. of Simulations: 10000 | Scheduler: 0 | Mutual Exclusion: False | Fault Interval: 1
Total configs: 65,536,000.
Simulation environment: No. of Simulations: 10000 | Scheduler: CENTRAL | ME: False

Saving result at results/maximal_matching/graph_10__0__controlled_at_node_duong_args_9__10000__False__1.csv
+ python simulate.py --program maximal_matching --sched 0 --no-sim 10000 --fault-interval 1 --graph-names graph_10 --fault-prob 1.0 --simulation-type controlled_at_node_duong --controlled-at-node 10 --limit-steps 100
Note: NumExpr detected 24 cores but "NUMEXPR_MAX_THREADS" not set, so enforcing safe limit of 8.
NumExpr defaulting to 8 threads.
Locating Graph: "graph_10".
Analysis graph: graph_10 | program: maximal_matching | Simulation Type: controlled_at_node_duong, Args: [10] | No. of Simulations: 10000 | Scheduler: 0 | Mutual Exclusion: False | Fault Interval: 1
Total configs: 65,536,000.
Simulation environment: No. of Simulations: 10000 | Scheduler: CENTRAL | ME: False

Saving result at results/maximal_matching/graph_10__0__controlled_at_node_duong_args_10__10000__False__1.csv
+ python simulate.py --program maximal_matching --sched 0 --no-sim 10000 --fault-interval 2 --graph-names graph_10 --fault-prob 1.0 --simulation-type random --limit-steps 100
Note: NumExpr detected 24 cores but "NUMEXPR_MAX_THREADS" not set, so enforcing safe limit of 8.
NumExpr defaulting to 8 threads.
Locating Graph: "graph_10".
Analysis graph: graph_10 | program: maximal_matching | Simulation Type: random, Args: [] | No. of Simulations: 10000 | Scheduler: 0 | Mutual Exclusion: False | Fault Interval: 2
Total configs: 65,536,000.
Simulation environment: No. of Simulations: 10000 | Scheduler: CENTRAL | ME: False

Saving result at results/maximal_matching/graph_10__0__random_args___10000__False__2.csv
+ python simulate.py --program maximal_matching --sched 0 --no-sim 10000 --fault-interval 2 --graph-names graph_10 --fault-prob 1.0 --simulation-type controlled_at_node_duong --controlled-at-node 0 --limit-steps 100
Note: NumExpr detected 24 cores but "NUMEXPR_MAX_THREADS" not set, so enforcing safe limit of 8.
NumExpr defaulting to 8 threads.
Locating Graph: "graph_10".
Analysis graph: graph_10 | program: maximal_matching | Simulation Type: controlled_at_node_duong, Args: [0] | No. of Simulations: 10000 | Scheduler: 0 | Mutual Exclusion: False | Fault Interval: 2
Total configs: 65,536,000.
Simulation environment: No. of Simulations: 10000 | Scheduler: CENTRAL | ME: False

Saving result at results/maximal_matching/graph_10__0__controlled_at_node_duong_args_0__10000__False__2.csv
+ python simulate.py --program maximal_matching --sched 0 --no-sim 10000 --fault-interval 2 --graph-names graph_10 --fault-prob 1.0 --simulation-type controlled_at_node_duong --controlled-at-node 1 --limit-steps 100
Note: NumExpr detected 24 cores but "NUMEXPR_MAX_THREADS" not set, so enforcing safe limit of 8.
NumExpr defaulting to 8 threads.
Locating Graph: "graph_10".
Analysis graph: graph_10 | program: maximal_matching | Simulation Type: controlled_at_node_duong, Args: [1] | No. of Simulations: 10000 | Scheduler: 0 | Mutual Exclusion: False | Fault Interval: 2
Total configs: 65,536,000.
Simulation environment: No. of Simulations: 10000 | Scheduler: CENTRAL | ME: False

Saving result at results/maximal_matching/graph_10__0__controlled_at_node_duong_args_1__10000__False__2.csv
+ python simulate.py --program maximal_matching --sched 0 --no-sim 10000 --fault-interval 2 --graph-names graph_10 --fault-prob 1.0 --simulation-type controlled_at_node_duong --controlled-at-node 2 --limit-steps 100
Note: NumExpr detected 24 cores but "NUMEXPR_MAX_THREADS" not set, so enforcing safe limit of 8.
NumExpr defaulting to 8 threads.
Locating Graph: "graph_10".
Analysis graph: graph_10 | program: maximal_matching | Simulation Type: controlled_at_node_duong, Args: [2] | No. of Simulations: 10000 | Scheduler: 0 | Mutual Exclusion: False | Fault Interval: 2
Total configs: 65,536,000.
Simulation environment: No. of Simulations: 10000 | Scheduler: CENTRAL | ME: False

Saving result at results/maximal_matching/graph_10__0__controlled_at_node_duong_args_2__10000__False__2.csv
+ python simulate.py --program maximal_matching --sched 0 --no-sim 10000 --fault-interval 2 --graph-names graph_10 --fault-prob 1.0 --simulation-type controlled_at_node_duong --controlled-at-node 3 --limit-steps 100
Note: NumExpr detected 24 cores but "NUMEXPR_MAX_THREADS" not set, so enforcing safe limit of 8.
NumExpr defaulting to 8 threads.
Locating Graph: "graph_10".
Analysis graph: graph_10 | program: maximal_matching | Simulation Type: controlled_at_node_duong, Args: [3] | No. of Simulations: 10000 | Scheduler: 0 | Mutual Exclusion: False | Fault Interval: 2
Total configs: 65,536,000.
Simulation environment: No. of Simulations: 10000 | Scheduler: CENTRAL | ME: False

Saving result at results/maximal_matching/graph_10__0__controlled_at_node_duong_args_3__10000__False__2.csv
+ python simulate.py --program maximal_matching --sched 0 --no-sim 10000 --fault-interval 2 --graph-names graph_10 --fault-prob 1.0 --simulation-type controlled_at_node_duong --controlled-at-node 4 --limit-steps 100
Note: NumExpr detected 24 cores but "NUMEXPR_MAX_THREADS" not set, so enforcing safe limit of 8.
NumExpr defaulting to 8 threads.
Locating Graph: "graph_10".
Analysis graph: graph_10 | program: maximal_matching | Simulation Type: controlled_at_node_duong, Args: [4] | No. of Simulations: 10000 | Scheduler: 0 | Mutual Exclusion: False | Fault Interval: 2
Total configs: 65,536,000.
Simulation environment: No. of Simulations: 10000 | Scheduler: CENTRAL | ME: False

Saving result at results/maximal_matching/graph_10__0__controlled_at_node_duong_args_4__10000__False__2.csv
+ python simulate.py --program maximal_matching --sched 0 --no-sim 10000 --fault-interval 2 --graph-names graph_10 --fault-prob 1.0 --simulation-type controlled_at_node_duong --controlled-at-node 5 --limit-steps 100
Note: NumExpr detected 24 cores but "NUMEXPR_MAX_THREADS" not set, so enforcing safe limit of 8.
NumExpr defaulting to 8 threads.
Locating Graph: "graph_10".
Analysis graph: graph_10 | program: maximal_matching | Simulation Type: controlled_at_node_duong, Args: [5] | No. of Simulations: 10000 | Scheduler: 0 | Mutual Exclusion: False | Fault Interval: 2
Total configs: 65,536,000.
Simulation environment: No. of Simulations: 10000 | Scheduler: CENTRAL | ME: False

Saving result at results/maximal_matching/graph_10__0__controlled_at_node_duong_args_5__10000__False__2.csv
+ python simulate.py --program maximal_matching --sched 0 --no-sim 10000 --fault-interval 2 --graph-names graph_10 --fault-prob 1.0 --simulation-type controlled_at_node_duong --controlled-at-node 6 --limit-steps 100
Note: NumExpr detected 24 cores but "NUMEXPR_MAX_THREADS" not set, so enforcing safe limit of 8.
NumExpr defaulting to 8 threads.
Locating Graph: "graph_10".
Analysis graph: graph_10 | program: maximal_matching | Simulation Type: controlled_at_node_duong, Args: [6] | No. of Simulations: 10000 | Scheduler: 0 | Mutual Exclusion: False | Fault Interval: 2
Total configs: 65,536,000.
Simulation environment: No. of Simulations: 10000 | Scheduler: CENTRAL | ME: False

Saving result at results/maximal_matching/graph_10__0__controlled_at_node_duong_args_6__10000__False__2.csv
+ python simulate.py --program maximal_matching --sched 0 --no-sim 10000 --fault-interval 2 --graph-names graph_10 --fault-prob 1.0 --simulation-type controlled_at_node_duong --controlled-at-node 7 --limit-steps 100
Note: NumExpr detected 24 cores but "NUMEXPR_MAX_THREADS" not set, so enforcing safe limit of 8.
NumExpr defaulting to 8 threads.
Locating Graph: "graph_10".
Analysis graph: graph_10 | program: maximal_matching | Simulation Type: controlled_at_node_duong, Args: [7] | No. of Simulations: 10000 | Scheduler: 0 | Mutual Exclusion: False | Fault Interval: 2
Total configs: 65,536,000.
Simulation environment: No. of Simulations: 10000 | Scheduler: CENTRAL | ME: False

Saving result at results/maximal_matching/graph_10__0__controlled_at_node_duong_args_7__10000__False__2.csv
+ python simulate.py --program maximal_matching --sched 0 --no-sim 10000 --fault-interval 2 --graph-names graph_10 --fault-prob 1.0 --simulation-type controlled_at_node_duong --controlled-at-node 8 --limit-steps 100
Note: NumExpr detected 24 cores but "NUMEXPR_MAX_THREADS" not set, so enforcing safe limit of 8.
NumExpr defaulting to 8 threads.
Locating Graph: "graph_10".
Analysis graph: graph_10 | program: maximal_matching | Simulation Type: controlled_at_node_duong, Args: [8] | No. of Simulations: 10000 | Scheduler: 0 | Mutual Exclusion: False | Fault Interval: 2
Total configs: 65,536,000.
Simulation environment: No. of Simulations: 10000 | Scheduler: CENTRAL | ME: False

Saving result at results/maximal_matching/graph_10__0__controlled_at_node_duong_args_8__10000__False__2.csv
+ python simulate.py --program maximal_matching --sched 0 --no-sim 10000 --fault-interval 2 --graph-names graph_10 --fault-prob 1.0 --simulation-type controlled_at_node_duong --controlled-at-node 9 --limit-steps 100
Note: NumExpr detected 24 cores but "NUMEXPR_MAX_THREADS" not set, so enforcing safe limit of 8.
NumExpr defaulting to 8 threads.
Locating Graph: "graph_10".
Analysis graph: graph_10 | program: maximal_matching | Simulation Type: controlled_at_node_duong, Args: [9] | No. of Simulations: 10000 | Scheduler: 0 | Mutual Exclusion: False | Fault Interval: 2
Total configs: 65,536,000.
Simulation environment: No. of Simulations: 10000 | Scheduler: CENTRAL | ME: False

Saving result at results/maximal_matching/graph_10__0__controlled_at_node_duong_args_9__10000__False__2.csv
+ python simulate.py --program maximal_matching --sched 0 --no-sim 10000 --fault-interval 2 --graph-names graph_10 --fault-prob 1.0 --simulation-type controlled_at_node_duong --controlled-at-node 10 --limit-steps 100
Note: NumExpr detected 24 cores but "NUMEXPR_MAX_THREADS" not set, so enforcing safe limit of 8.
NumExpr defaulting to 8 threads.
Locating Graph: "graph_10".
Analysis graph: graph_10 | program: maximal_matching | Simulation Type: controlled_at_node_duong, Args: [10] | No. of Simulations: 10000 | Scheduler: 0 | Mutual Exclusion: False | Fault Interval: 2
Total configs: 65,536,000.
Simulation environment: No. of Simulations: 10000 | Scheduler: CENTRAL | ME: False

Saving result at results/maximal_matching/graph_10__0__controlled_at_node_duong_args_10__10000__False__2.csv
+ python simulate.py --program maximal_matching --sched 0 --no-sim 10000 --fault-interval 3 --graph-names graph_10 --fault-prob 1.0 --simulation-type random --limit-steps 100
Note: NumExpr detected 24 cores but "NUMEXPR_MAX_THREADS" not set, so enforcing safe limit of 8.
NumExpr defaulting to 8 threads.
Locating Graph: "graph_10".
Analysis graph: graph_10 | program: maximal_matching | Simulation Type: random, Args: [] | No. of Simulations: 10000 | Scheduler: 0 | Mutual Exclusion: False | Fault Interval: 3
Total configs: 65,536,000.
Simulation environment: No. of Simulations: 10000 | Scheduler: CENTRAL | ME: False

Saving result at results/maximal_matching/graph_10__0__random_args___10000__False__3.csv
+ python simulate.py --program maximal_matching --sched 0 --no-sim 10000 --fault-interval 3 --graph-names graph_10 --fault-prob 1.0 --simulation-type controlled_at_node_duong --controlled-at-node 0 --limit-steps 100
Note: NumExpr detected 24 cores but "NUMEXPR_MAX_THREADS" not set, so enforcing safe limit of 8.
NumExpr defaulting to 8 threads.
Locating Graph: "graph_10".
Analysis graph: graph_10 | program: maximal_matching | Simulation Type: controlled_at_node_duong, Args: [0] | No. of Simulations: 10000 | Scheduler: 0 | Mutual Exclusion: False | Fault Interval: 3
Total configs: 65,536,000.
Simulation environment: No. of Simulations: 10000 | Scheduler: CENTRAL | ME: False

Saving result at results/maximal_matching/graph_10__0__controlled_at_node_duong_args_0__10000__False__3.csv
+ python simulate.py --program maximal_matching --sched 0 --no-sim 10000 --fault-interval 3 --graph-names graph_10 --fault-prob 1.0 --simulation-type controlled_at_node_duong --controlled-at-node 1 --limit-steps 100
Note: NumExpr detected 24 cores but "NUMEXPR_MAX_THREADS" not set, so enforcing safe limit of 8.
NumExpr defaulting to 8 threads.
Locating Graph: "graph_10".
Analysis graph: graph_10 | program: maximal_matching | Simulation Type: controlled_at_node_duong, Args: [1] | No. of Simulations: 10000 | Scheduler: 0 | Mutual Exclusion: False | Fault Interval: 3
Total configs: 65,536,000.
Simulation environment: No. of Simulations: 10000 | Scheduler: CENTRAL | ME: False

Saving result at results/maximal_matching/graph_10__0__controlled_at_node_duong_args_1__10000__False__3.csv
+ python simulate.py --program maximal_matching --sched 0 --no-sim 10000 --fault-interval 3 --graph-names graph_10 --fault-prob 1.0 --simulation-type controlled_at_node_duong --controlled-at-node 2 --limit-steps 100
Note: NumExpr detected 24 cores but "NUMEXPR_MAX_THREADS" not set, so enforcing safe limit of 8.
NumExpr defaulting to 8 threads.
Locating Graph: "graph_10".
Analysis graph: graph_10 | program: maximal_matching | Simulation Type: controlled_at_node_duong, Args: [2] | No. of Simulations: 10000 | Scheduler: 0 | Mutual Exclusion: False | Fault Interval: 3
Total configs: 65,536,000.
Simulation environment: No. of Simulations: 10000 | Scheduler: CENTRAL | ME: False

Saving result at results/maximal_matching/graph_10__0__controlled_at_node_duong_args_2__10000__False__3.csv
+ python simulate.py --program maximal_matching --sched 0 --no-sim 10000 --fault-interval 3 --graph-names graph_10 --fault-prob 1.0 --simulation-type controlled_at_node_duong --controlled-at-node 3 --limit-steps 100
Note: NumExpr detected 24 cores but "NUMEXPR_MAX_THREADS" not set, so enforcing safe limit of 8.
NumExpr defaulting to 8 threads.
Locating Graph: "graph_10".
Analysis graph: graph_10 | program: maximal_matching | Simulation Type: controlled_at_node_duong, Args: [3] | No. of Simulations: 10000 | Scheduler: 0 | Mutual Exclusion: False | Fault Interval: 3
Total configs: 65,536,000.
Simulation environment: No. of Simulations: 10000 | Scheduler: CENTRAL | ME: False

Saving result at results/maximal_matching/graph_10__0__controlled_at_node_duong_args_3__10000__False__3.csv
+ python simulate.py --program maximal_matching --sched 0 --no-sim 10000 --fault-interval 3 --graph-names graph_10 --fault-prob 1.0 --simulation-type controlled_at_node_duong --controlled-at-node 4 --limit-steps 100
Note: NumExpr detected 24 cores but "NUMEXPR_MAX_THREADS" not set, so enforcing safe limit of 8.
NumExpr defaulting to 8 threads.
Locating Graph: "graph_10".
Analysis graph: graph_10 | program: maximal_matching | Simulation Type: controlled_at_node_duong, Args: [4] | No. of Simulations: 10000 | Scheduler: 0 | Mutual Exclusion: False | Fault Interval: 3
Total configs: 65,536,000.
Simulation environment: No. of Simulations: 10000 | Scheduler: CENTRAL | ME: False

Saving result at results/maximal_matching/graph_10__0__controlled_at_node_duong_args_4__10000__False__3.csv
+ python simulate.py --program maximal_matching --sched 0 --no-sim 10000 --fault-interval 3 --graph-names graph_10 --fault-prob 1.0 --simulation-type controlled_at_node_duong --controlled-at-node 5 --limit-steps 100
Note: NumExpr detected 24 cores but "NUMEXPR_MAX_THREADS" not set, so enforcing safe limit of 8.
NumExpr defaulting to 8 threads.
Locating Graph: "graph_10".
Analysis graph: graph_10 | program: maximal_matching | Simulation Type: controlled_at_node_duong, Args: [5] | No. of Simulations: 10000 | Scheduler: 0 | Mutual Exclusion: False | Fault Interval: 3
Total configs: 65,536,000.
Simulation environment: No. of Simulations: 10000 | Scheduler: CENTRAL | ME: False

Saving result at results/maximal_matching/graph_10__0__controlled_at_node_duong_args_5__10000__False__3.csv
+ python simulate.py --program maximal_matching --sched 0 --no-sim 10000 --fault-interval 3 --graph-names graph_10 --fault-prob 1.0 --simulation-type controlled_at_node_duong --controlled-at-node 6 --limit-steps 100
Note: NumExpr detected 24 cores but "NUMEXPR_MAX_THREADS" not set, so enforcing safe limit of 8.
NumExpr defaulting to 8 threads.
Locating Graph: "graph_10".
Analysis graph: graph_10 | program: maximal_matching | Simulation Type: controlled_at_node_duong, Args: [6] | No. of Simulations: 10000 | Scheduler: 0 | Mutual Exclusion: False | Fault Interval: 3
Total configs: 65,536,000.
Simulation environment: No. of Simulations: 10000 | Scheduler: CENTRAL | ME: False

Saving result at results/maximal_matching/graph_10__0__controlled_at_node_duong_args_6__10000__False__3.csv
+ python simulate.py --program maximal_matching --sched 0 --no-sim 10000 --fault-interval 3 --graph-names graph_10 --fault-prob 1.0 --simulation-type controlled_at_node_duong --controlled-at-node 7 --limit-steps 100
Note: NumExpr detected 24 cores but "NUMEXPR_MAX_THREADS" not set, so enforcing safe limit of 8.
NumExpr defaulting to 8 threads.
Locating Graph: "graph_10".
Analysis graph: graph_10 | program: maximal_matching | Simulation Type: controlled_at_node_duong, Args: [7] | No. of Simulations: 10000 | Scheduler: 0 | Mutual Exclusion: False | Fault Interval: 3
Total configs: 65,536,000.
Simulation environment: No. of Simulations: 10000 | Scheduler: CENTRAL | ME: False

Saving result at results/maximal_matching/graph_10__0__controlled_at_node_duong_args_7__10000__False__3.csv
+ python simulate.py --program maximal_matching --sched 0 --no-sim 10000 --fault-interval 3 --graph-names graph_10 --fault-prob 1.0 --simulation-type controlled_at_node_duong --controlled-at-node 8 --limit-steps 100
Note: NumExpr detected 24 cores but "NUMEXPR_MAX_THREADS" not set, so enforcing safe limit of 8.
NumExpr defaulting to 8 threads.
Locating Graph: "graph_10".
Analysis graph: graph_10 | program: maximal_matching | Simulation Type: controlled_at_node_duong, Args: [8] | No. of Simulations: 10000 | Scheduler: 0 | Mutual Exclusion: False | Fault Interval: 3
Total configs: 65,536,000.
Simulation environment: No. of Simulations: 10000 | Scheduler: CENTRAL | ME: False

Saving result at results/maximal_matching/graph_10__0__controlled_at_node_duong_args_8__10000__False__3.csv
+ python simulate.py --program maximal_matching --sched 0 --no-sim 10000 --fault-interval 3 --graph-names graph_10 --fault-prob 1.0 --simulation-type controlled_at_node_duong --controlled-at-node 9 --limit-steps 100
Note: NumExpr detected 24 cores but "NUMEXPR_MAX_THREADS" not set, so enforcing safe limit of 8.
NumExpr defaulting to 8 threads.
Locating Graph: "graph_10".
Analysis graph: graph_10 | program: maximal_matching | Simulation Type: controlled_at_node_duong, Args: [9] | No. of Simulations: 10000 | Scheduler: 0 | Mutual Exclusion: False | Fault Interval: 3
Total configs: 65,536,000.
Simulation environment: No. of Simulations: 10000 | Scheduler: CENTRAL | ME: False

Saving result at results/maximal_matching/graph_10__0__controlled_at_node_duong_args_9__10000__False__3.csv
+ python simulate.py --program maximal_matching --sched 0 --no-sim 10000 --fault-interval 3 --graph-names graph_10 --fault-prob 1.0 --simulation-type controlled_at_node_duong --controlled-at-node 10 --limit-steps 100
Note: NumExpr detected 24 cores but "NUMEXPR_MAX_THREADS" not set, so enforcing safe limit of 8.
NumExpr defaulting to 8 threads.
Locating Graph: "graph_10".
Analysis graph: graph_10 | program: maximal_matching | Simulation Type: controlled_at_node_duong, Args: [10] | No. of Simulations: 10000 | Scheduler: 0 | Mutual Exclusion: False | Fault Interval: 3
Total configs: 65,536,000.
Simulation environment: No. of Simulations: 10000 | Scheduler: CENTRAL | ME: False

Saving result at results/maximal_matching/graph_10__0__controlled_at_node_duong_args_10__10000__False__3.csv
+ python simulate.py --program maximal_matching --sched 0 --no-sim 10000 --fault-interval 4 --graph-names graph_10 --fault-prob 1.0 --simulation-type random --limit-steps 100
Note: NumExpr detected 24 cores but "NUMEXPR_MAX_THREADS" not set, so enforcing safe limit of 8.
NumExpr defaulting to 8 threads.
Locating Graph: "graph_10".
Analysis graph: graph_10 | program: maximal_matching | Simulation Type: random, Args: [] | No. of Simulations: 10000 | Scheduler: 0 | Mutual Exclusion: False | Fault Interval: 4
Total configs: 65,536,000.
Simulation environment: No. of Simulations: 10000 | Scheduler: CENTRAL | ME: False

Saving result at results/maximal_matching/graph_10__0__random_args___10000__False__4.csv
+ python simulate.py --program maximal_matching --sched 0 --no-sim 10000 --fault-interval 4 --graph-names graph_10 --fault-prob 1.0 --simulation-type controlled_at_node_duong --controlled-at-node 0 --limit-steps 100
Note: NumExpr detected 24 cores but "NUMEXPR_MAX_THREADS" not set, so enforcing safe limit of 8.
NumExpr defaulting to 8 threads.
Locating Graph: "graph_10".
Analysis graph: graph_10 | program: maximal_matching | Simulation Type: controlled_at_node_duong, Args: [0] | No. of Simulations: 10000 | Scheduler: 0 | Mutual Exclusion: False | Fault Interval: 4
Total configs: 65,536,000.
Simulation environment: No. of Simulations: 10000 | Scheduler: CENTRAL | ME: False

Saving result at results/maximal_matching/graph_10__0__controlled_at_node_duong_args_0__10000__False__4.csv
+ python simulate.py --program maximal_matching --sched 0 --no-sim 10000 --fault-interval 4 --graph-names graph_10 --fault-prob 1.0 --simulation-type controlled_at_node_duong --controlled-at-node 1 --limit-steps 100
Note: NumExpr detected 24 cores but "NUMEXPR_MAX_THREADS" not set, so enforcing safe limit of 8.
NumExpr defaulting to 8 threads.
Locating Graph: "graph_10".
Analysis graph: graph_10 | program: maximal_matching | Simulation Type: controlled_at_node_duong, Args: [1] | No. of Simulations: 10000 | Scheduler: 0 | Mutual Exclusion: False | Fault Interval: 4
Total configs: 65,536,000.
Simulation environment: No. of Simulations: 10000 | Scheduler: CENTRAL | ME: False

Saving result at results/maximal_matching/graph_10__0__controlled_at_node_duong_args_1__10000__False__4.csv
+ python simulate.py --program maximal_matching --sched 0 --no-sim 10000 --fault-interval 4 --graph-names graph_10 --fault-prob 1.0 --simulation-type controlled_at_node_duong --controlled-at-node 2 --limit-steps 100
Note: NumExpr detected 24 cores but "NUMEXPR_MAX_THREADS" not set, so enforcing safe limit of 8.
NumExpr defaulting to 8 threads.
Locating Graph: "graph_10".
Analysis graph: graph_10 | program: maximal_matching | Simulation Type: controlled_at_node_duong, Args: [2] | No. of Simulations: 10000 | Scheduler: 0 | Mutual Exclusion: False | Fault Interval: 4
Total configs: 65,536,000.
Simulation environment: No. of Simulations: 10000 | Scheduler: CENTRAL | ME: False

Saving result at results/maximal_matching/graph_10__0__controlled_at_node_duong_args_2__10000__False__4.csv
+ python simulate.py --program maximal_matching --sched 0 --no-sim 10000 --fault-interval 4 --graph-names graph_10 --fault-prob 1.0 --simulation-type controlled_at_node_duong --controlled-at-node 3 --limit-steps 100
Note: NumExpr detected 24 cores but "NUMEXPR_MAX_THREADS" not set, so enforcing safe limit of 8.
NumExpr defaulting to 8 threads.
Locating Graph: "graph_10".
Analysis graph: graph_10 | program: maximal_matching | Simulation Type: controlled_at_node_duong, Args: [3] | No. of Simulations: 10000 | Scheduler: 0 | Mutual Exclusion: False | Fault Interval: 4
Total configs: 65,536,000.
Simulation environment: No. of Simulations: 10000 | Scheduler: CENTRAL | ME: False

Saving result at results/maximal_matching/graph_10__0__controlled_at_node_duong_args_3__10000__False__4.csv
+ python simulate.py --program maximal_matching --sched 0 --no-sim 10000 --fault-interval 4 --graph-names graph_10 --fault-prob 1.0 --simulation-type controlled_at_node_duong --controlled-at-node 4 --limit-steps 100
Note: NumExpr detected 24 cores but "NUMEXPR_MAX_THREADS" not set, so enforcing safe limit of 8.
NumExpr defaulting to 8 threads.
Locating Graph: "graph_10".
Analysis graph: graph_10 | program: maximal_matching | Simulation Type: controlled_at_node_duong, Args: [4] | No. of Simulations: 10000 | Scheduler: 0 | Mutual Exclusion: False | Fault Interval: 4
Total configs: 65,536,000.
Simulation environment: No. of Simulations: 10000 | Scheduler: CENTRAL | ME: False

Saving result at results/maximal_matching/graph_10__0__controlled_at_node_duong_args_4__10000__False__4.csv
+ python simulate.py --program maximal_matching --sched 0 --no-sim 10000 --fault-interval 4 --graph-names graph_10 --fault-prob 1.0 --simulation-type controlled_at_node_duong --controlled-at-node 5 --limit-steps 100
Note: NumExpr detected 24 cores but "NUMEXPR_MAX_THREADS" not set, so enforcing safe limit of 8.
NumExpr defaulting to 8 threads.
Locating Graph: "graph_10".
Analysis graph: graph_10 | program: maximal_matching | Simulation Type: controlled_at_node_duong, Args: [5] | No. of Simulations: 10000 | Scheduler: 0 | Mutual Exclusion: False | Fault Interval: 4
Total configs: 65,536,000.
Simulation environment: No. of Simulations: 10000 | Scheduler: CENTRAL | ME: False

Saving result at results/maximal_matching/graph_10__0__controlled_at_node_duong_args_5__10000__False__4.csv
+ python simulate.py --program maximal_matching --sched 0 --no-sim 10000 --fault-interval 4 --graph-names graph_10 --fault-prob 1.0 --simulation-type controlled_at_node_duong --controlled-at-node 6 --limit-steps 100
Note: NumExpr detected 24 cores but "NUMEXPR_MAX_THREADS" not set, so enforcing safe limit of 8.
NumExpr defaulting to 8 threads.
Locating Graph: "graph_10".
Analysis graph: graph_10 | program: maximal_matching | Simulation Type: controlled_at_node_duong, Args: [6] | No. of Simulations: 10000 | Scheduler: 0 | Mutual Exclusion: False | Fault Interval: 4
Total configs: 65,536,000.
Simulation environment: No. of Simulations: 10000 | Scheduler: CENTRAL | ME: False

Saving result at results/maximal_matching/graph_10__0__controlled_at_node_duong_args_6__10000__False__4.csv
+ python simulate.py --program maximal_matching --sched 0 --no-sim 10000 --fault-interval 4 --graph-names graph_10 --fault-prob 1.0 --simulation-type controlled_at_node_duong --controlled-at-node 7 --limit-steps 100
Note: NumExpr detected 24 cores but "NUMEXPR_MAX_THREADS" not set, so enforcing safe limit of 8.
NumExpr defaulting to 8 threads.
Locating Graph: "graph_10".
Analysis graph: graph_10 | program: maximal_matching | Simulation Type: controlled_at_node_duong, Args: [7] | No. of Simulations: 10000 | Scheduler: 0 | Mutual Exclusion: False | Fault Interval: 4
Total configs: 65,536,000.
Simulation environment: No. of Simulations: 10000 | Scheduler: CENTRAL | ME: False

Saving result at results/maximal_matching/graph_10__0__controlled_at_node_duong_args_7__10000__False__4.csv
+ python simulate.py --program maximal_matching --sched 0 --no-sim 10000 --fault-interval 4 --graph-names graph_10 --fault-prob 1.0 --simulation-type controlled_at_node_duong --controlled-at-node 8 --limit-steps 100
Note: NumExpr detected 24 cores but "NUMEXPR_MAX_THREADS" not set, so enforcing safe limit of 8.
NumExpr defaulting to 8 threads.
Locating Graph: "graph_10".
Analysis graph: graph_10 | program: maximal_matching | Simulation Type: controlled_at_node_duong, Args: [8] | No. of Simulations: 10000 | Scheduler: 0 | Mutual Exclusion: False | Fault Interval: 4
Total configs: 65,536,000.
Simulation environment: No. of Simulations: 10000 | Scheduler: CENTRAL | ME: False

Saving result at results/maximal_matching/graph_10__0__controlled_at_node_duong_args_8__10000__False__4.csv
+ python simulate.py --program maximal_matching --sched 0 --no-sim 10000 --fault-interval 4 --graph-names graph_10 --fault-prob 1.0 --simulation-type controlled_at_node_duong --controlled-at-node 9 --limit-steps 100
Note: NumExpr detected 24 cores but "NUMEXPR_MAX_THREADS" not set, so enforcing safe limit of 8.
NumExpr defaulting to 8 threads.
Locating Graph: "graph_10".
Analysis graph: graph_10 | program: maximal_matching | Simulation Type: controlled_at_node_duong, Args: [9] | No. of Simulations: 10000 | Scheduler: 0 | Mutual Exclusion: False | Fault Interval: 4
Total configs: 65,536,000.
Simulation environment: No. of Simulations: 10000 | Scheduler: CENTRAL | ME: False

Saving result at results/maximal_matching/graph_10__0__controlled_at_node_duong_args_9__10000__False__4.csv
+ python simulate.py --program maximal_matching --sched 0 --no-sim 10000 --fault-interval 4 --graph-names graph_10 --fault-prob 1.0 --simulation-type controlled_at_node_duong --controlled-at-node 10 --limit-steps 100
Note: NumExpr detected 24 cores but "NUMEXPR_MAX_THREADS" not set, so enforcing safe limit of 8.
NumExpr defaulting to 8 threads.
Locating Graph: "graph_10".
Analysis graph: graph_10 | program: maximal_matching | Simulation Type: controlled_at_node_duong, Args: [10] | No. of Simulations: 10000 | Scheduler: 0 | Mutual Exclusion: False | Fault Interval: 4
Total configs: 65,536,000.
Simulation environment: No. of Simulations: 10000 | Scheduler: CENTRAL | ME: False

Saving result at results/maximal_matching/graph_10__0__controlled_at_node_duong_args_10__10000__False__4.csv
+ python simulate.py --program maximal_matching --sched 0 --no-sim 10000 --fault-interval 1 --graph-names star_graph_0_n7 --fault-prob 1.0 --simulation-type random --limit-steps 100
Note: NumExpr detected 24 cores but "NUMEXPR_MAX_THREADS" not set, so enforcing safe limit of 8.
NumExpr defaulting to 8 threads.
Locating Graph: "star_graph_0_n7".
Analysis graph: star_graph_0_n7 | program: maximal_matching | Simulation Type: random, Args: [] | No. of Simulations: 10000 | Scheduler: 0 | Mutual Exclusion: False | Fault Interval: 1
Total configs: 57,344.
Simulation environment: No. of Simulations: 10000 | Scheduler: CENTRAL | ME: False

Saving result at results/maximal_matching/star_graph_0_n7__0__random_args___10000__False__1.csv
+ python simulate.py --program maximal_matching --sched 0 --no-sim 10000 --fault-interval 1 --graph-names star_graph_0_n7 --fault-prob 1.0 --simulation-type controlled_at_node_duong --controlled-at-node 0 --limit-steps 100
Note: NumExpr detected 24 cores but "NUMEXPR_MAX_THREADS" not set, so enforcing safe limit of 8.
NumExpr defaulting to 8 threads.
Locating Graph: "star_graph_0_n7".
Analysis graph: star_graph_0_n7 | program: maximal_matching | Simulation Type: controlled_at_node_duong, Args: [0] | No. of Simulations: 10000 | Scheduler: 0 | Mutual Exclusion: False | Fault Interval: 1
Total configs: 57,344.
Simulation environment: No. of Simulations: 10000 | Scheduler: CENTRAL | ME: False

Saving result at results/maximal_matching/star_graph_0_n7__0__controlled_at_node_duong_args_0__10000__False__1.csv
+ python simulate.py --program maximal_matching --sched 0 --no-sim 10000 --fault-interval 1 --graph-names star_graph_0_n7 --fault-prob 1.0 --simulation-type controlled_at_node_duong --controlled-at-node 1 --limit-steps 100
Note: NumExpr detected 24 cores but "NUMEXPR_MAX_THREADS" not set, so enforcing safe limit of 8.
NumExpr defaulting to 8 threads.
Locating Graph: "star_graph_0_n7".
Analysis graph: star_graph_0_n7 | program: maximal_matching | Simulation Type: controlled_at_node_duong, Args: [1] | No. of Simulations: 10000 | Scheduler: 0 | Mutual Exclusion: False | Fault Interval: 1
Total configs: 57,344.
Simulation environment: No. of Simulations: 10000 | Scheduler: CENTRAL | ME: False

Saving result at results/maximal_matching/star_graph_0_n7__0__controlled_at_node_duong_args_1__10000__False__1.csv
+ python simulate.py --program maximal_matching --sched 0 --no-sim 10000 --fault-interval 1 --graph-names star_graph_0_n7 --fault-prob 1.0 --simulation-type controlled_at_node_duong --controlled-at-node 2 --limit-steps 100
Note: NumExpr detected 24 cores but "NUMEXPR_MAX_THREADS" not set, so enforcing safe limit of 8.
NumExpr defaulting to 8 threads.
Locating Graph: "star_graph_0_n7".
Analysis graph: star_graph_0_n7 | program: maximal_matching | Simulation Type: controlled_at_node_duong, Args: [2] | No. of Simulations: 10000 | Scheduler: 0 | Mutual Exclusion: False | Fault Interval: 1
Total configs: 57,344.
Simulation environment: No. of Simulations: 10000 | Scheduler: CENTRAL | ME: False

Saving result at results/maximal_matching/star_graph_0_n7__0__controlled_at_node_duong_args_2__10000__False__1.csv
+ python simulate.py --program maximal_matching --sched 0 --no-sim 10000 --fault-interval 1 --graph-names star_graph_0_n7 --fault-prob 1.0 --simulation-type controlled_at_node_duong --controlled-at-node 3 --limit-steps 100
Note: NumExpr detected 24 cores but "NUMEXPR_MAX_THREADS" not set, so enforcing safe limit of 8.
NumExpr defaulting to 8 threads.
Locating Graph: "star_graph_0_n7".
Analysis graph: star_graph_0_n7 | program: maximal_matching | Simulation Type: controlled_at_node_duong, Args: [3] | No. of Simulations: 10000 | Scheduler: 0 | Mutual Exclusion: False | Fault Interval: 1
Total configs: 57,344.
Simulation environment: No. of Simulations: 10000 | Scheduler: CENTRAL | ME: False

Saving result at results/maximal_matching/star_graph_0_n7__0__controlled_at_node_duong_args_3__10000__False__1.csv
+ python simulate.py --program maximal_matching --sched 0 --no-sim 10000 --fault-interval 1 --graph-names star_graph_0_n7 --fault-prob 1.0 --simulation-type controlled_at_node_duong --controlled-at-node 4 --limit-steps 100
Note: NumExpr detected 24 cores but "NUMEXPR_MAX_THREADS" not set, so enforcing safe limit of 8.
NumExpr defaulting to 8 threads.
Locating Graph: "star_graph_0_n7".
Analysis graph: star_graph_0_n7 | program: maximal_matching | Simulation Type: controlled_at_node_duong, Args: [4] | No. of Simulations: 10000 | Scheduler: 0 | Mutual Exclusion: False | Fault Interval: 1
Total configs: 57,344.
Simulation environment: No. of Simulations: 10000 | Scheduler: CENTRAL | ME: False

Saving result at results/maximal_matching/star_graph_0_n7__0__controlled_at_node_duong_args_4__10000__False__1.csv
+ python simulate.py --program maximal_matching --sched 0 --no-sim 10000 --fault-interval 1 --graph-names star_graph_0_n7 --fault-prob 1.0 --simulation-type controlled_at_node_duong --controlled-at-node 5 --limit-steps 100
Note: NumExpr detected 24 cores but "NUMEXPR_MAX_THREADS" not set, so enforcing safe limit of 8.
NumExpr defaulting to 8 threads.
Locating Graph: "star_graph_0_n7".
Analysis graph: star_graph_0_n7 | program: maximal_matching | Simulation Type: controlled_at_node_duong, Args: [5] | No. of Simulations: 10000 | Scheduler: 0 | Mutual Exclusion: False | Fault Interval: 1
Total configs: 57,344.
Simulation environment: No. of Simulations: 10000 | Scheduler: CENTRAL | ME: False

Saving result at results/maximal_matching/star_graph_0_n7__0__controlled_at_node_duong_args_5__10000__False__1.csv
+ python simulate.py --program maximal_matching --sched 0 --no-sim 10000 --fault-interval 1 --graph-names star_graph_0_n7 --fault-prob 1.0 --simulation-type controlled_at_node_duong --controlled-at-node 6 --limit-steps 100
Note: NumExpr detected 24 cores but "NUMEXPR_MAX_THREADS" not set, so enforcing safe limit of 8.
NumExpr defaulting to 8 threads.
Locating Graph: "star_graph_0_n7".
Analysis graph: star_graph_0_n7 | program: maximal_matching | Simulation Type: controlled_at_node_duong, Args: [6] | No. of Simulations: 10000 | Scheduler: 0 | Mutual Exclusion: False | Fault Interval: 1
Total configs: 57,344.
Simulation environment: No. of Simulations: 10000 | Scheduler: CENTRAL | ME: False

Saving result at results/maximal_matching/star_graph_0_n7__0__controlled_at_node_duong_args_6__10000__False__1.csv
+ python simulate.py --program maximal_matching --sched 0 --no-sim 10000 --fault-interval 2 --graph-names star_graph_0_n7 --fault-prob 1.0 --simulation-type random --limit-steps 100
Note: NumExpr detected 24 cores but "NUMEXPR_MAX_THREADS" not set, so enforcing safe limit of 8.
NumExpr defaulting to 8 threads.
Locating Graph: "star_graph_0_n7".
Analysis graph: star_graph_0_n7 | program: maximal_matching | Simulation Type: random, Args: [] | No. of Simulations: 10000 | Scheduler: 0 | Mutual Exclusion: False | Fault Interval: 2
Total configs: 57,344.
Simulation environment: No. of Simulations: 10000 | Scheduler: CENTRAL | ME: False

Saving result at results/maximal_matching/star_graph_0_n7__0__random_args___10000__False__2.csv
+ python simulate.py --program maximal_matching --sched 0 --no-sim 10000 --fault-interval 2 --graph-names star_graph_0_n7 --fault-prob 1.0 --simulation-type controlled_at_node_duong --controlled-at-node 0 --limit-steps 100
Note: NumExpr detected 24 cores but "NUMEXPR_MAX_THREADS" not set, so enforcing safe limit of 8.
NumExpr defaulting to 8 threads.
Locating Graph: "star_graph_0_n7".
Analysis graph: star_graph_0_n7 | program: maximal_matching | Simulation Type: controlled_at_node_duong, Args: [0] | No. of Simulations: 10000 | Scheduler: 0 | Mutual Exclusion: False | Fault Interval: 2
Total configs: 57,344.
Simulation environment: No. of Simulations: 10000 | Scheduler: CENTRAL | ME: False

Saving result at results/maximal_matching/star_graph_0_n7__0__controlled_at_node_duong_args_0__10000__False__2.csv
+ python simulate.py --program maximal_matching --sched 0 --no-sim 10000 --fault-interval 2 --graph-names star_graph_0_n7 --fault-prob 1.0 --simulation-type controlled_at_node_duong --controlled-at-node 1 --limit-steps 100
Note: NumExpr detected 24 cores but "NUMEXPR_MAX_THREADS" not set, so enforcing safe limit of 8.
NumExpr defaulting to 8 threads.
Locating Graph: "star_graph_0_n7".
Analysis graph: star_graph_0_n7 | program: maximal_matching | Simulation Type: controlled_at_node_duong, Args: [1] | No. of Simulations: 10000 | Scheduler: 0 | Mutual Exclusion: False | Fault Interval: 2
Total configs: 57,344.
Simulation environment: No. of Simulations: 10000 | Scheduler: CENTRAL | ME: False

Saving result at results/maximal_matching/star_graph_0_n7__0__controlled_at_node_duong_args_1__10000__False__2.csv
+ python simulate.py --program maximal_matching --sched 0 --no-sim 10000 --fault-interval 2 --graph-names star_graph_0_n7 --fault-prob 1.0 --simulation-type controlled_at_node_duong --controlled-at-node 2 --limit-steps 100
Note: NumExpr detected 24 cores but "NUMEXPR_MAX_THREADS" not set, so enforcing safe limit of 8.
NumExpr defaulting to 8 threads.
Locating Graph: "star_graph_0_n7".
Analysis graph: star_graph_0_n7 | program: maximal_matching | Simulation Type: controlled_at_node_duong, Args: [2] | No. of Simulations: 10000 | Scheduler: 0 | Mutual Exclusion: False | Fault Interval: 2
Total configs: 57,344.
Simulation environment: No. of Simulations: 10000 | Scheduler: CENTRAL | ME: False

Saving result at results/maximal_matching/star_graph_0_n7__0__controlled_at_node_duong_args_2__10000__False__2.csv
+ python simulate.py --program maximal_matching --sched 0 --no-sim 10000 --fault-interval 2 --graph-names star_graph_0_n7 --fault-prob 1.0 --simulation-type controlled_at_node_duong --controlled-at-node 3 --limit-steps 100
Note: NumExpr detected 24 cores but "NUMEXPR_MAX_THREADS" not set, so enforcing safe limit of 8.
NumExpr defaulting to 8 threads.
Locating Graph: "star_graph_0_n7".
Analysis graph: star_graph_0_n7 | program: maximal_matching | Simulation Type: controlled_at_node_duong, Args: [3] | No. of Simulations: 10000 | Scheduler: 0 | Mutual Exclusion: False | Fault Interval: 2
Total configs: 57,344.
Simulation environment: No. of Simulations: 10000 | Scheduler: CENTRAL | ME: False

Saving result at results/maximal_matching/star_graph_0_n7__0__controlled_at_node_duong_args_3__10000__False__2.csv
+ python simulate.py --program maximal_matching --sched 0 --no-sim 10000 --fault-interval 2 --graph-names star_graph_0_n7 --fault-prob 1.0 --simulation-type controlled_at_node_duong --controlled-at-node 4 --limit-steps 100
Note: NumExpr detected 24 cores but "NUMEXPR_MAX_THREADS" not set, so enforcing safe limit of 8.
NumExpr defaulting to 8 threads.
Locating Graph: "star_graph_0_n7".
Analysis graph: star_graph_0_n7 | program: maximal_matching | Simulation Type: controlled_at_node_duong, Args: [4] | No. of Simulations: 10000 | Scheduler: 0 | Mutual Exclusion: False | Fault Interval: 2
Total configs: 57,344.
Simulation environment: No. of Simulations: 10000 | Scheduler: CENTRAL | ME: False

Saving result at results/maximal_matching/star_graph_0_n7__0__controlled_at_node_duong_args_4__10000__False__2.csv
+ python simulate.py --program maximal_matching --sched 0 --no-sim 10000 --fault-interval 2 --graph-names star_graph_0_n7 --fault-prob 1.0 --simulation-type controlled_at_node_duong --controlled-at-node 5 --limit-steps 100
Note: NumExpr detected 24 cores but "NUMEXPR_MAX_THREADS" not set, so enforcing safe limit of 8.
NumExpr defaulting to 8 threads.
Locating Graph: "star_graph_0_n7".
Analysis graph: star_graph_0_n7 | program: maximal_matching | Simulation Type: controlled_at_node_duong, Args: [5] | No. of Simulations: 10000 | Scheduler: 0 | Mutual Exclusion: False | Fault Interval: 2
Total configs: 57,344.
Simulation environment: No. of Simulations: 10000 | Scheduler: CENTRAL | ME: False

Saving result at results/maximal_matching/star_graph_0_n7__0__controlled_at_node_duong_args_5__10000__False__2.csv
+ python simulate.py --program maximal_matching --sched 0 --no-sim 10000 --fault-interval 2 --graph-names star_graph_0_n7 --fault-prob 1.0 --simulation-type controlled_at_node_duong --controlled-at-node 6 --limit-steps 100
Note: NumExpr detected 24 cores but "NUMEXPR_MAX_THREADS" not set, so enforcing safe limit of 8.
NumExpr defaulting to 8 threads.
Locating Graph: "star_graph_0_n7".
Analysis graph: star_graph_0_n7 | program: maximal_matching | Simulation Type: controlled_at_node_duong, Args: [6] | No. of Simulations: 10000 | Scheduler: 0 | Mutual Exclusion: False | Fault Interval: 2
Total configs: 57,344.
Simulation environment: No. of Simulations: 10000 | Scheduler: CENTRAL | ME: False

Saving result at results/maximal_matching/star_graph_0_n7__0__controlled_at_node_duong_args_6__10000__False__2.csv
+ python simulate.py --program maximal_matching --sched 0 --no-sim 10000 --fault-interval 3 --graph-names star_graph_0_n7 --fault-prob 1.0 --simulation-type random --limit-steps 100
Note: NumExpr detected 24 cores but "NUMEXPR_MAX_THREADS" not set, so enforcing safe limit of 8.
NumExpr defaulting to 8 threads.
Locating Graph: "star_graph_0_n7".
Analysis graph: star_graph_0_n7 | program: maximal_matching | Simulation Type: random, Args: [] | No. of Simulations: 10000 | Scheduler: 0 | Mutual Exclusion: False | Fault Interval: 3
Total configs: 57,344.
Simulation environment: No. of Simulations: 10000 | Scheduler: CENTRAL | ME: False

Saving result at results/maximal_matching/star_graph_0_n7__0__random_args___10000__False__3.csv
+ python simulate.py --program maximal_matching --sched 0 --no-sim 10000 --fault-interval 3 --graph-names star_graph_0_n7 --fault-prob 1.0 --simulation-type controlled_at_node_duong --controlled-at-node 0 --limit-steps 100
Note: NumExpr detected 24 cores but "NUMEXPR_MAX_THREADS" not set, so enforcing safe limit of 8.
NumExpr defaulting to 8 threads.
Locating Graph: "star_graph_0_n7".
Analysis graph: star_graph_0_n7 | program: maximal_matching | Simulation Type: controlled_at_node_duong, Args: [0] | No. of Simulations: 10000 | Scheduler: 0 | Mutual Exclusion: False | Fault Interval: 3
Total configs: 57,344.
Simulation environment: No. of Simulations: 10000 | Scheduler: CENTRAL | ME: False

Saving result at results/maximal_matching/star_graph_0_n7__0__controlled_at_node_duong_args_0__10000__False__3.csv
+ python simulate.py --program maximal_matching --sched 0 --no-sim 10000 --fault-interval 3 --graph-names star_graph_0_n7 --fault-prob 1.0 --simulation-type controlled_at_node_duong --controlled-at-node 1 --limit-steps 100
Note: NumExpr detected 24 cores but "NUMEXPR_MAX_THREADS" not set, so enforcing safe limit of 8.
NumExpr defaulting to 8 threads.
Locating Graph: "star_graph_0_n7".
Analysis graph: star_graph_0_n7 | program: maximal_matching | Simulation Type: controlled_at_node_duong, Args: [1] | No. of Simulations: 10000 | Scheduler: 0 | Mutual Exclusion: False | Fault Interval: 3
Total configs: 57,344.
Simulation environment: No. of Simulations: 10000 | Scheduler: CENTRAL | ME: False

Saving result at results/maximal_matching/star_graph_0_n7__0__controlled_at_node_duong_args_1__10000__False__3.csv
+ python simulate.py --program maximal_matching --sched 0 --no-sim 10000 --fault-interval 3 --graph-names star_graph_0_n7 --fault-prob 1.0 --simulation-type controlled_at_node_duong --controlled-at-node 2 --limit-steps 100
Note: NumExpr detected 24 cores but "NUMEXPR_MAX_THREADS" not set, so enforcing safe limit of 8.
NumExpr defaulting to 8 threads.
Locating Graph: "star_graph_0_n7".
Analysis graph: star_graph_0_n7 | program: maximal_matching | Simulation Type: controlled_at_node_duong, Args: [2] | No. of Simulations: 10000 | Scheduler: 0 | Mutual Exclusion: False | Fault Interval: 3
Total configs: 57,344.
Simulation environment: No. of Simulations: 10000 | Scheduler: CENTRAL | ME: False

Saving result at results/maximal_matching/star_graph_0_n7__0__controlled_at_node_duong_args_2__10000__False__3.csv
+ python simulate.py --program maximal_matching --sched 0 --no-sim 10000 --fault-interval 3 --graph-names star_graph_0_n7 --fault-prob 1.0 --simulation-type controlled_at_node_duong --controlled-at-node 3 --limit-steps 100
Note: NumExpr detected 24 cores but "NUMEXPR_MAX_THREADS" not set, so enforcing safe limit of 8.
NumExpr defaulting to 8 threads.
Locating Graph: "star_graph_0_n7".
Analysis graph: star_graph_0_n7 | program: maximal_matching | Simulation Type: controlled_at_node_duong, Args: [3] | No. of Simulations: 10000 | Scheduler: 0 | Mutual Exclusion: False | Fault Interval: 3
Total configs: 57,344.
Simulation environment: No. of Simulations: 10000 | Scheduler: CENTRAL | ME: False

Saving result at results/maximal_matching/star_graph_0_n7__0__controlled_at_node_duong_args_3__10000__False__3.csv
+ python simulate.py --program maximal_matching --sched 0 --no-sim 10000 --fault-interval 3 --graph-names star_graph_0_n7 --fault-prob 1.0 --simulation-type controlled_at_node_duong --controlled-at-node 4 --limit-steps 100
Note: NumExpr detected 24 cores but "NUMEXPR_MAX_THREADS" not set, so enforcing safe limit of 8.
NumExpr defaulting to 8 threads.
Locating Graph: "star_graph_0_n7".
Analysis graph: star_graph_0_n7 | program: maximal_matching | Simulation Type: controlled_at_node_duong, Args: [4] | No. of Simulations: 10000 | Scheduler: 0 | Mutual Exclusion: False | Fault Interval: 3
Total configs: 57,344.
Simulation environment: No. of Simulations: 10000 | Scheduler: CENTRAL | ME: False

Saving result at results/maximal_matching/star_graph_0_n7__0__controlled_at_node_duong_args_4__10000__False__3.csv
+ python simulate.py --program maximal_matching --sched 0 --no-sim 10000 --fault-interval 3 --graph-names star_graph_0_n7 --fault-prob 1.0 --simulation-type controlled_at_node_duong --controlled-at-node 5 --limit-steps 100
Note: NumExpr detected 24 cores but "NUMEXPR_MAX_THREADS" not set, so enforcing safe limit of 8.
NumExpr defaulting to 8 threads.
Locating Graph: "star_graph_0_n7".
Analysis graph: star_graph_0_n7 | program: maximal_matching | Simulation Type: controlled_at_node_duong, Args: [5] | No. of Simulations: 10000 | Scheduler: 0 | Mutual Exclusion: False | Fault Interval: 3
Total configs: 57,344.
Simulation environment: No. of Simulations: 10000 | Scheduler: CENTRAL | ME: False

Saving result at results/maximal_matching/star_graph_0_n7__0__controlled_at_node_duong_args_5__10000__False__3.csv
+ python simulate.py --program maximal_matching --sched 0 --no-sim 10000 --fault-interval 3 --graph-names star_graph_0_n7 --fault-prob 1.0 --simulation-type controlled_at_node_duong --controlled-at-node 6 --limit-steps 100
Note: NumExpr detected 24 cores but "NUMEXPR_MAX_THREADS" not set, so enforcing safe limit of 8.
NumExpr defaulting to 8 threads.
Locating Graph: "star_graph_0_n7".
Analysis graph: star_graph_0_n7 | program: maximal_matching | Simulation Type: controlled_at_node_duong, Args: [6] | No. of Simulations: 10000 | Scheduler: 0 | Mutual Exclusion: False | Fault Interval: 3
Total configs: 57,344.
Simulation environment: No. of Simulations: 10000 | Scheduler: CENTRAL | ME: False

Saving result at results/maximal_matching/star_graph_0_n7__0__controlled_at_node_duong_args_6__10000__False__3.csv
