+ cd simulations
+ PROGRAM=dijkstra_token_ring
+ GRAPH=graph_10
+ GRAPH=implicit_graph_n4
+ NO_SIMS=10000
+ FAULT_INTERVAL=1
+ LIMIT_STEPS=100
+ SIMULATION_TYPES=("controlled_at_node_amit_v2")
+ for simType in "${SIMULATION_TYPES[@]}"
+ python simulate.py --program dijkstra_token_ring --sched 0 --no-sim 10000 --fault-interval 1 --graph-names implicit_graph_n4 --fault-prob 1.0 --simulation-type controlled_at_node_amit_v2 --controlled-at-node 0 --limit-steps 100
Locating Graph: "implicit_graph_n4".
Analysis graph: implicit_graph_n4 | program: dijkstra_token_ring | Simulation Type: controlled_at_node_amit_v2, Args: [0] | No. of Simulations: 10000 | Scheduler: 0 | Mutual Exclusion: False | Fault Interval: 1
Total configs: 81.
Simulation environment: No. of Simulations: 10000 | Scheduler: CENTRAL | ME: False

Saving result at results/dijkstra_token_ring/implicit_graph_n4__0__controlled_at_node_amit_v2_args_0__10000__False__1__limits_100.csv
+ python simulate.py --program dijkstra_token_ring --sched 0 --no-sim 10000 --fault-interval 1 --graph-names implicit_graph_n4 --fault-prob 1.0 --simulation-type controlled_at_node_amit_v2 --controlled-at-node 1 --limit-steps 100
Locating Graph: "implicit_graph_n4".
Analysis graph: implicit_graph_n4 | program: dijkstra_token_ring | Simulation Type: controlled_at_node_amit_v2, Args: [1] | No. of Simulations: 10000 | Scheduler: 0 | Mutual Exclusion: False | Fault Interval: 1
Total configs: 81.
Simulation environment: No. of Simulations: 10000 | Scheduler: CENTRAL | ME: False

Saving result at results/dijkstra_token_ring/implicit_graph_n4__0__controlled_at_node_amit_v2_args_1__10000__False__1__limits_100.csv
+ python simulate.py --program dijkstra_token_ring --sched 0 --no-sim 10000 --fault-interval 1 --graph-names implicit_graph_n4 --fault-prob 1.0 --simulation-type controlled_at_node_amit_v2 --controlled-at-node 2 --limit-steps 100
Locating Graph: "implicit_graph_n4".
Analysis graph: implicit_graph_n4 | program: dijkstra_token_ring | Simulation Type: controlled_at_node_amit_v2, Args: [2] | No. of Simulations: 10000 | Scheduler: 0 | Mutual Exclusion: False | Fault Interval: 1
Total configs: 81.
Simulation environment: No. of Simulations: 10000 | Scheduler: CENTRAL | ME: False

Saving result at results/dijkstra_token_ring/implicit_graph_n4__0__controlled_at_node_amit_v2_args_2__10000__False__1__limits_100.csv
+ python simulate.py --program dijkstra_token_ring --sched 0 --no-sim 10000 --fault-interval 1 --graph-names implicit_graph_n4 --fault-prob 1.0 --simulation-type controlled_at_node_amit_v2 --controlled-at-node 3 --limit-steps 100
Locating Graph: "implicit_graph_n4".
Analysis graph: implicit_graph_n4 | program: dijkstra_token_ring | Simulation Type: controlled_at_node_amit_v2, Args: [3] | No. of Simulations: 10000 | Scheduler: 0 | Mutual Exclusion: False | Fault Interval: 1
Total configs: 81.
Simulation environment: No. of Simulations: 10000 | Scheduler: CENTRAL | ME: False

Saving result at results/dijkstra_token_ring/implicit_graph_n4__0__controlled_at_node_amit_v2_args_3__10000__False__1__limits_100.csv
