+ cd simulations
+ python simulate.py --program graph_coloring --sched 0 --no-sim 100000 --fault-interval 1 --graph-names star_graph_0_n7 --fault-prob 1.0 --simulation-type random
Locating Graph: "star_graph_0_n7".
Analysis graph: star_graph_0_n7 | program: graph_coloring | Simulation Type: random, Args: [] | No. of Simulations: 100000 | Scheduler: 0 | Mutual Exclusion: False | Fault Interval: 1
Total configs: 448.
Simulation environment: No. of Simulations: 100000 | Scheduler: CENTRAL | ME: False
Time taken: 9.3103s, Running simulation round: 50000
Time taken: 9.3456s, Running simulation round: 100000

Saving result at results/coloring/star_graph_0_n7__0__random_args___100000__False__1.csv
+ python simulate.py --program graph_coloring --sched 0 --no-sim 100000 --fault-interval 1 --graph-names star_graph_0_n7 --fault-prob 1.0 --simulation-type controlled_at_node_duong --controlled-at-node 0
Locating Graph: "star_graph_0_n7".
Analysis graph: star_graph_0_n7 | program: graph_coloring | Simulation Type: controlled_at_node_duong, Args: [0] | No. of Simulations: 100000 | Scheduler: 0 | Mutual Exclusion: False | Fault Interval: 1
Total configs: 448.
Simulation environment: No. of Simulations: 100000 | Scheduler: CENTRAL | ME: False
Time taken: 100.3638s, Running simulation round: 50000
Time taken: 100.5179s, Running simulation round: 100000

Saving result at results/coloring/star_graph_0_n7__0__controlled_at_node_duong_args_0__100000__False__1.csv
+ python simulate.py --program graph_coloring --sched 0 --no-sim 100000 --fault-interval 1 --graph-names star_graph_0_n7 --fault-prob 1.0 --simulation-type controlled_at_node_duong --controlled-at-node 2
Locating Graph: "star_graph_0_n7".
Analysis graph: star_graph_0_n7 | program: graph_coloring | Simulation Type: controlled_at_node_duong, Args: [2] | No. of Simulations: 100000 | Scheduler: 0 | Mutual Exclusion: False | Fault Interval: 1
Total configs: 448.
Simulation environment: No. of Simulations: 100000 | Scheduler: CENTRAL | ME: False
Time taken: 14.3933s, Running simulation round: 50000
Time taken: 14.3498s, Running simulation round: 100000

Saving result at results/coloring/star_graph_0_n7__0__controlled_at_node_duong_args_2__100000__False__1.csv
+ python simulate.py --program graph_coloring --sched 0 --no-sim 100000 --fault-interval 1 --graph-names star_graph_0_n7 --fault-prob 1.0 --simulation-type controlled_at_node_duong --controlled-at-node 5
Locating Graph: "star_graph_0_n7".
Analysis graph: star_graph_0_n7 | program: graph_coloring | Simulation Type: controlled_at_node_duong, Args: [5] | No. of Simulations: 100000 | Scheduler: 0 | Mutual Exclusion: False | Fault Interval: 1
Total configs: 448.
Simulation environment: No. of Simulations: 100000 | Scheduler: CENTRAL | ME: False
Time taken: 14.322s, Running simulation round: 50000
Time taken: 14.2512s, Running simulation round: 100000

Saving result at results/coloring/star_graph_0_n7__0__controlled_at_node_duong_args_5__100000__False__1.csv
