+ cd simulations
+ PROGRAM=graph_coloring
+ GRAPH=graph_10
+ NO_SIMS=10000
+ FAULT_INTERVAL=1
+ LIMIT_STEPS=1000
+ SIMULATION_TYPES=("controlled_at_node_amit_v2")
+ for simType in "${SIMULATION_TYPES[@]}"
+ python simulate.py --program graph_coloring --sched 0 --no-sim 10000 --fault-interval 1 --graph-names graph_10 --fault-prob 1.0 --simulation-type controlled_at_node_amit_v2 --controlled-at-node 0 --limit-steps 1000
Locating Graph: "graph_10".
Analysis graph: graph_10 | program: graph_coloring | Simulation Type: controlled_at_node_amit_v2, Args: [0] | No. of Simulations: 10000 | Scheduler: 0 | Mutual Exclusion: False | Fault Interval: 1
Total configs: 32,000.
Simulation environment: No. of Simulations: 10000 | Scheduler: CENTRAL | ME: False

Saving result at results/graph_coloring/graph_10__0__controlled_at_node_amit_v2_args_0__10000__False__1__limits_1000.csv
+ python simulate.py --program graph_coloring --sched 0 --no-sim 10000 --fault-interval 1 --graph-names graph_10 --fault-prob 1.0 --simulation-type controlled_at_node_amit_v2 --controlled-at-node 4 --limit-steps 1000
Locating Graph: "graph_10".
Analysis graph: graph_10 | program: graph_coloring | Simulation Type: controlled_at_node_amit_v2, Args: [4] | No. of Simulations: 10000 | Scheduler: 0 | Mutual Exclusion: False | Fault Interval: 1
Total configs: 32,000.
Simulation environment: No. of Simulations: 10000 | Scheduler: CENTRAL | ME: False

Saving result at results/graph_coloring/graph_10__0__controlled_at_node_amit_v2_args_4__10000__False__1__limits_1000.csv
+ python simulate.py --program graph_coloring --sched 0 --no-sim 10000 --fault-interval 1 --graph-names graph_10 --fault-prob 1.0 --simulation-type controlled_at_node_amit_v2 --controlled-at-node 9 --limit-steps 1000
Locating Graph: "graph_10".
Analysis graph: graph_10 | program: graph_coloring | Simulation Type: controlled_at_node_amit_v2, Args: [9] | No. of Simulations: 10000 | Scheduler: 0 | Mutual Exclusion: False | Fault Interval: 1
Total configs: 32,000.
Simulation environment: No. of Simulations: 10000 | Scheduler: CENTRAL | ME: False

Saving result at results/graph_coloring/graph_10__0__controlled_at_node_amit_v2_args_9__10000__False__1__limits_1000.csv
