+ cd simulations
+ PROGRAM=graph_coloring
+ GRAPH=graph_7
+ NO_SIMS=100000
+ LIMIT_STEPS=100
+ FAULT_INTERVALS=(2 3 4 5)
+ SIMULATION_TYPE=controlled_at_node_amit_v2
+ for FI in "${FAULT_INTERVALS[@]}"
+ python simulate.py --program graph_coloring --sched 0 --no-sim 100000 --fault-interval 2 --graph-names graph_7 --fault-prob 1.0 --simulation-type controlled_at_node_amit_v2 --controlled-at-node 0 --limit-steps 100
Locating Graph: "graph_7".
Analysis graph: graph_7 | program: graph_coloring | Simulation Type: controlled_at_node_amit_v2, Args: [0] | No. of Simulations: 100000 | Scheduler: 0 | Mutual Exclusion: False | Fault Interval: 2
Total configs: 11,520.
Simulation environment: No. of Simulations: 100000 | Scheduler: CENTRAL | ME: False
Time taken: 4.0625s, Running simulation round: 50000
Time taken: 4.0152s, Running simulation round: 100000

Saving result at results/graph_coloring/graph_7__0__controlled_at_node_amit_v2_args_0__100000__False__2__limits_100.csv
+ python simulate.py --program graph_coloring --sched 0 --no-sim 100000 --fault-interval 2 --graph-names graph_7 --fault-prob 1.0 --simulation-type controlled_at_node_amit_v2 --controlled-at-node 4 --limit-steps 100
Locating Graph: "graph_7".
Analysis graph: graph_7 | program: graph_coloring | Simulation Type: controlled_at_node_amit_v2, Args: [4] | No. of Simulations: 100000 | Scheduler: 0 | Mutual Exclusion: False | Fault Interval: 2
Total configs: 11,520.
Simulation environment: No. of Simulations: 100000 | Scheduler: CENTRAL | ME: False
Time taken: 4.51s, Running simulation round: 50000
Time taken: 4.4925s, Running simulation round: 100000

Saving result at results/graph_coloring/graph_7__0__controlled_at_node_amit_v2_args_4__100000__False__2__limits_100.csv
+ python simulate.py --program graph_coloring --sched 0 --no-sim 100000 --fault-interval 2 --graph-names graph_7 --fault-prob 1.0 --simulation-type controlled_at_node_amit_v2 --controlled-at-node 9 --limit-steps 100
Locating Graph: "graph_7".
Analysis graph: graph_7 | program: graph_coloring | Simulation Type: controlled_at_node_amit_v2, Args: [9] | No. of Simulations: 100000 | Scheduler: 0 | Mutual Exclusion: False | Fault Interval: 2
Total configs: 11,520.
Simulation environment: No. of Simulations: 100000 | Scheduler: CENTRAL | ME: False
Time taken: 4.2599s, Running simulation round: 50000
Time taken: 4.2607s, Running simulation round: 100000

Saving result at results/graph_coloring/graph_7__0__controlled_at_node_amit_v2_args_9__100000__False__2__limits_100.csv
+ for FI in "${FAULT_INTERVALS[@]}"
+ python simulate.py --program graph_coloring --sched 0 --no-sim 100000 --fault-interval 3 --graph-names graph_7 --fault-prob 1.0 --simulation-type controlled_at_node_amit_v2 --controlled-at-node 0 --limit-steps 100
Locating Graph: "graph_7".
Analysis graph: graph_7 | program: graph_coloring | Simulation Type: controlled_at_node_amit_v2, Args: [0] | No. of Simulations: 100000 | Scheduler: 0 | Mutual Exclusion: False | Fault Interval: 3
Total configs: 11,520.
Simulation environment: No. of Simulations: 100000 | Scheduler: CENTRAL | ME: False
Time taken: 1.9131s, Running simulation round: 50000
Time taken: 1.9002s, Running simulation round: 100000

Saving result at results/graph_coloring/graph_7__0__controlled_at_node_amit_v2_args_0__100000__False__3__limits_100.csv
+ python simulate.py --program graph_coloring --sched 0 --no-sim 100000 --fault-interval 3 --graph-names graph_7 --fault-prob 1.0 --simulation-type controlled_at_node_amit_v2 --controlled-at-node 4 --limit-steps 100
Locating Graph: "graph_7".
Analysis graph: graph_7 | program: graph_coloring | Simulation Type: controlled_at_node_amit_v2, Args: [4] | No. of Simulations: 100000 | Scheduler: 0 | Mutual Exclusion: False | Fault Interval: 3
Total configs: 11,520.
Simulation environment: No. of Simulations: 100000 | Scheduler: CENTRAL | ME: False
Time taken: 1.8987s, Running simulation round: 50000
Time taken: 1.9112s, Running simulation round: 100000

Saving result at results/graph_coloring/graph_7__0__controlled_at_node_amit_v2_args_4__100000__False__3__limits_100.csv
+ python simulate.py --program graph_coloring --sched 0 --no-sim 100000 --fault-interval 3 --graph-names graph_7 --fault-prob 1.0 --simulation-type controlled_at_node_amit_v2 --controlled-at-node 9 --limit-steps 100
Locating Graph: "graph_7".
Analysis graph: graph_7 | program: graph_coloring | Simulation Type: controlled_at_node_amit_v2, Args: [9] | No. of Simulations: 100000 | Scheduler: 0 | Mutual Exclusion: False | Fault Interval: 3
Total configs: 11,520.
Simulation environment: No. of Simulations: 100000 | Scheduler: CENTRAL | ME: False
Time taken: 1.9122s, Running simulation round: 50000
Time taken: 1.8962s, Running simulation round: 100000

Saving result at results/graph_coloring/graph_7__0__controlled_at_node_amit_v2_args_9__100000__False__3__limits_100.csv
+ for FI in "${FAULT_INTERVALS[@]}"
+ python simulate.py --program graph_coloring --sched 0 --no-sim 100000 --fault-interval 4 --graph-names graph_7 --fault-prob 1.0 --simulation-type controlled_at_node_amit_v2 --controlled-at-node 0 --limit-steps 100
Locating Graph: "graph_7".
Analysis graph: graph_7 | program: graph_coloring | Simulation Type: controlled_at_node_amit_v2, Args: [0] | No. of Simulations: 100000 | Scheduler: 0 | Mutual Exclusion: False | Fault Interval: 4
Total configs: 11,520.
Simulation environment: No. of Simulations: 100000 | Scheduler: CENTRAL | ME: False
Time taken: 1.1655s, Running simulation round: 50000
Time taken: 1.1847s, Running simulation round: 100000

Saving result at results/graph_coloring/graph_7__0__controlled_at_node_amit_v2_args_0__100000__False__4__limits_100.csv
+ python simulate.py --program graph_coloring --sched 0 --no-sim 100000 --fault-interval 4 --graph-names graph_7 --fault-prob 1.0 --simulation-type controlled_at_node_amit_v2 --controlled-at-node 4 --limit-steps 100
Locating Graph: "graph_7".
Analysis graph: graph_7 | program: graph_coloring | Simulation Type: controlled_at_node_amit_v2, Args: [4] | No. of Simulations: 100000 | Scheduler: 0 | Mutual Exclusion: False | Fault Interval: 4
Total configs: 11,520.
Simulation environment: No. of Simulations: 100000 | Scheduler: CENTRAL | ME: False
Time taken: 1.1706s, Running simulation round: 50000
Time taken: 1.1884s, Running simulation round: 100000

Saving result at results/graph_coloring/graph_7__0__controlled_at_node_amit_v2_args_4__100000__False__4__limits_100.csv
+ python simulate.py --program graph_coloring --sched 0 --no-sim 100000 --fault-interval 4 --graph-names graph_7 --fault-prob 1.0 --simulation-type controlled_at_node_amit_v2 --controlled-at-node 9 --limit-steps 100
Locating Graph: "graph_7".
Analysis graph: graph_7 | program: graph_coloring | Simulation Type: controlled_at_node_amit_v2, Args: [9] | No. of Simulations: 100000 | Scheduler: 0 | Mutual Exclusion: False | Fault Interval: 4
Total configs: 11,520.
Simulation environment: No. of Simulations: 100000 | Scheduler: CENTRAL | ME: False
Time taken: 1.2037s, Running simulation round: 50000
Time taken: 1.1792s, Running simulation round: 100000

Saving result at results/graph_coloring/graph_7__0__controlled_at_node_amit_v2_args_9__100000__False__4__limits_100.csv
+ for FI in "${FAULT_INTERVALS[@]}"
+ python simulate.py --program graph_coloring --sched 0 --no-sim 100000 --fault-interval 5 --graph-names graph_7 --fault-prob 1.0 --simulation-type controlled_at_node_amit_v2 --controlled-at-node 0 --limit-steps 100
Locating Graph: "graph_7".
Analysis graph: graph_7 | program: graph_coloring | Simulation Type: controlled_at_node_amit_v2, Args: [0] | No. of Simulations: 100000 | Scheduler: 0 | Mutual Exclusion: False | Fault Interval: 5
Total configs: 11,520.
Simulation environment: No. of Simulations: 100000 | Scheduler: CENTRAL | ME: False
Time taken: 0.8976s, Running simulation round: 50000
Time taken: 0.8957s, Running simulation round: 100000

Saving result at results/graph_coloring/graph_7__0__controlled_at_node_amit_v2_args_0__100000__False__5__limits_100.csv
+ python simulate.py --program graph_coloring --sched 0 --no-sim 100000 --fault-interval 5 --graph-names graph_7 --fault-prob 1.0 --simulation-type controlled_at_node_amit_v2 --controlled-at-node 4 --limit-steps 100
Locating Graph: "graph_7".
Analysis graph: graph_7 | program: graph_coloring | Simulation Type: controlled_at_node_amit_v2, Args: [4] | No. of Simulations: 100000 | Scheduler: 0 | Mutual Exclusion: False | Fault Interval: 5
Total configs: 11,520.
Simulation environment: No. of Simulations: 100000 | Scheduler: CENTRAL | ME: False
Time taken: 0.898s, Running simulation round: 50000
Time taken: 0.8898s, Running simulation round: 100000

Saving result at results/graph_coloring/graph_7__0__controlled_at_node_amit_v2_args_4__100000__False__5__limits_100.csv
+ python simulate.py --program graph_coloring --sched 0 --no-sim 100000 --fault-interval 5 --graph-names graph_7 --fault-prob 1.0 --simulation-type controlled_at_node_amit_v2 --controlled-at-node 9 --limit-steps 100
Locating Graph: "graph_7".
Analysis graph: graph_7 | program: graph_coloring | Simulation Type: controlled_at_node_amit_v2, Args: [9] | No. of Simulations: 100000 | Scheduler: 0 | Mutual Exclusion: False | Fault Interval: 5
Total configs: 11,520.
Simulation environment: No. of Simulations: 100000 | Scheduler: CENTRAL | ME: False
Time taken: 0.8762s, Running simulation round: 50000
Time taken: 0.8777s, Running simulation round: 100000

Saving result at results/graph_coloring/graph_7__0__controlled_at_node_amit_v2_args_9__100000__False__5__limits_100.csv
