+ cd simulations
+ python simulate.py --program dijkstra_token_ring --sched 0 --no-sim 10000 --fault-interval 1 --graph-names implicit_graph_n7 --fault-prob 1.0 --simulation-type random
Locating Graph: "implicit_graph_n7".
Analysis graph: implicit_graph_n7 | program: dijkstra_token_ring | Simulation Type: random, Args: [] | No. of Simulations: 10000 | Scheduler: 0 | Mutual Exclusion: False | Fault Interval: 1
Total configs: 2,187.
Simulation environment: No. of Simulations: 10000 | Scheduler: CENTRAL | ME: False

Saving result at results/dijkstra/implicit_graph_n7__0__random_args___10000__False__1.csv
+ python simulate.py --program dijkstra_token_ring --sched 0 --no-sim 10000 --fault-interval 1 --graph-names implicit_graph_n7 --fault-prob 1.0 --simulation-type random_start_at_node --controlled-at-node 0
Locating Graph: "implicit_graph_n7".
Analysis graph: implicit_graph_n7 | program: dijkstra_token_ring | Simulation Type: random_start_at_node, Args: [0] | No. of Simulations: 10000 | Scheduler: 0 | Mutual Exclusion: False | Fault Interval: 1
Total configs: 2,187.
Simulation environment: No. of Simulations: 10000 | Scheduler: CENTRAL | ME: False

Saving result at results/dijkstra/implicit_graph_n7__0__random_start_at_node_args_0__10000__False__1.csv
+ python simulate.py --program dijkstra_token_ring --sched 0 --no-sim 10000 --fault-interval 1 --graph-names implicit_graph_n7 --fault-prob 1.0 --simulation-type random_start_at_node --controlled-at-node 1
Locating Graph: "implicit_graph_n7".
Analysis graph: implicit_graph_n7 | program: dijkstra_token_ring | Simulation Type: random_start_at_node, Args: [1] | No. of Simulations: 10000 | Scheduler: 0 | Mutual Exclusion: False | Fault Interval: 1
Total configs: 2,187.
Simulation environment: No. of Simulations: 10000 | Scheduler: CENTRAL | ME: False

Saving result at results/dijkstra/implicit_graph_n7__0__random_start_at_node_args_1__10000__False__1.csv
+ python simulate.py --program dijkstra_token_ring --sched 0 --no-sim 10000 --fault-interval 1 --graph-names implicit_graph_n7 --fault-prob 1.0 --simulation-type random_start_at_node --controlled-at-node 3
Locating Graph: "implicit_graph_n7".
Analysis graph: implicit_graph_n7 | program: dijkstra_token_ring | Simulation Type: random_start_at_node, Args: [3] | No. of Simulations: 10000 | Scheduler: 0 | Mutual Exclusion: False | Fault Interval: 1
Total configs: 2,187.
Simulation environment: No. of Simulations: 10000 | Scheduler: CENTRAL | ME: False

Saving result at results/dijkstra/implicit_graph_n7__0__random_start_at_node_args_3__10000__False__1.csv
+ python simulate.py --program dijkstra_token_ring --sched 0 --no-sim 10000 --fault-interval 1 --graph-names implicit_graph_n7 --fault-prob 1.0 --simulation-type random_start_at_node --controlled-at-node 5
Locating Graph: "implicit_graph_n7".
Analysis graph: implicit_graph_n7 | program: dijkstra_token_ring | Simulation Type: random_start_at_node, Args: [5] | No. of Simulations: 10000 | Scheduler: 0 | Mutual Exclusion: False | Fault Interval: 1
Total configs: 2,187.
Simulation environment: No. of Simulations: 10000 | Scheduler: CENTRAL | ME: False

Saving result at results/dijkstra/implicit_graph_n7__0__random_start_at_node_args_5__10000__False__1.csv
+ python simulate.py --program dijkstra_token_ring --sched 0 --no-sim 10000 --fault-interval 1 --graph-names implicit_graph_n7 --fault-prob 1.0 --simulation-type random_start_at_node --controlled-at-node 6
Locating Graph: "implicit_graph_n7".
Analysis graph: implicit_graph_n7 | program: dijkstra_token_ring | Simulation Type: random_start_at_node, Args: [6] | No. of Simulations: 10000 | Scheduler: 0 | Mutual Exclusion: False | Fault Interval: 1
Total configs: 2,187.
Simulation environment: No. of Simulations: 10000 | Scheduler: CENTRAL | ME: False

Saving result at results/dijkstra/implicit_graph_n7__0__random_start_at_node_args_6__10000__False__1.csv
