+ cd simulations
+ python simulate.py --program maximal_matching --sched 0 --no-sim 10000 --fault-interval 2 --graph-names graph_7 --fault-prob 1.0 --simulation-type random
Locating Graph: "graph_7".
Analysis graph: graph_7 | program: maximal_matching | Simulation Type: random, Args: [] | No. of Simulations: 10000 | Scheduler: 0 | Mutual Exclusion: False | Fault Interval: 2
Total configs: 11,796,480.
Simulation environment: No. of Simulations: 10000 | Scheduler: CENTRAL | ME: False

Saving result at results/maximal_matching/graph_7__0__random_args___10000__False__2.csv
+ python simulate.py --program maximal_matching --sched 0 --no-sim 10000 --fault-interval 2 --graph-names graph_7 --fault-prob 1.0 --simulation-type controlled_at_node_duong --controlled-at-node 0
Locating Graph: "graph_7".
Analysis graph: graph_7 | program: maximal_matching | Simulation Type: controlled_at_node_duong, Args: [0] | No. of Simulations: 10000 | Scheduler: 0 | Mutual Exclusion: False | Fault Interval: 2
Total configs: 11,796,480.
Simulation environment: No. of Simulations: 10000 | Scheduler: CENTRAL | ME: False

Saving result at results/maximal_matching/graph_7__0__controlled_at_node_duong_args_0__10000__False__2.csv
+ python simulate.py --program maximal_matching --sched 0 --no-sim 10000 --fault-interval 2 --graph-names graph_7 --fault-prob 1.0 --simulation-type controlled_at_node_duong --controlled-at-node 4
Locating Graph: "graph_7".
Analysis graph: graph_7 | program: maximal_matching | Simulation Type: controlled_at_node_duong, Args: [4] | No. of Simulations: 10000 | Scheduler: 0 | Mutual Exclusion: False | Fault Interval: 2
Total configs: 11,796,480.
Simulation environment: No. of Simulations: 10000 | Scheduler: CENTRAL | ME: False

Saving result at results/maximal_matching/graph_7__0__controlled_at_node_duong_args_4__10000__False__2.csv
+ python simulate.py --program maximal_matching --sched 0 --no-sim 10000 --fault-interval 2 --graph-names graph_7 --fault-prob 1.0 --simulation-type controlled_at_node_duong --controlled-at-node 5
Locating Graph: "graph_7".
Analysis graph: graph_7 | program: maximal_matching | Simulation Type: controlled_at_node_duong, Args: [5] | No. of Simulations: 10000 | Scheduler: 0 | Mutual Exclusion: False | Fault Interval: 2
Total configs: 11,796,480.
Simulation environment: No. of Simulations: 10000 | Scheduler: CENTRAL | ME: False

Saving result at results/maximal_matching/graph_7__0__controlled_at_node_duong_args_5__10000__False__2.csv
+ python simulate.py --program maximal_matching --sched 0 --no-sim 10000 --fault-interval 2 --graph-names graph_7 --fault-prob 1.0 --simulation-type controlled_at_node_duong --controlled-at-node 9
Locating Graph: "graph_7".
Analysis graph: graph_7 | program: maximal_matching | Simulation Type: controlled_at_node_duong, Args: [9] | No. of Simulations: 10000 | Scheduler: 0 | Mutual Exclusion: False | Fault Interval: 2
Total configs: 11,796,480.
Simulation environment: No. of Simulations: 10000 | Scheduler: CENTRAL | ME: False

Saving result at results/maximal_matching/graph_7__0__controlled_at_node_duong_args_9__10000__False__2.csv
