+ cd simulations
+ python simulate.py --program graph_coloring --sched 0 --no-sim 500000 --fault-interval 1 --graph-names star_graph_0_n7 --fault-prob 1.0 --simulation-type random
Locating Graph: "star_graph_0_n7".
Analysis graph: star_graph_0_n7 | program: graph_coloring | Simulation Type: random, Args: [] | No. of Simulations: 500000 | Scheduler: 0 | Mutual Exclusion: False | Fault Interval: 1
Total configs: 448.
Simulation environment: No. of Simulations: 500000 | Scheduler: CENTRAL | ME: False
Time taken: 8.9085s, Running simulation round: 50000
Time taken: 8.8778s, Running simulation round: 100000
Time taken: 8.8844s, Running simulation round: 150000
Time taken: 9.0214s, Running simulation round: 200000
Time taken: 9.1235s, Running simulation round: 250000
Time taken: 9.1135s, Running simulation round: 300000
Time taken: 9.0059s, Running simulation round: 350000
Time taken: 9.0488s, Running simulation round: 400000
Time taken: 9.0318s, Running simulation round: 450000
Time taken: 8.898s, Running simulation round: 500000

Saving result at results/coloring/star_graph_0_n7__0__random_args___500000__False__1.csv
+ python simulate.py --program graph_coloring --sched 0 --no-sim 500000 --fault-interval 1 --graph-names star_graph_0_n7 --fault-prob 1.0 --simulation-type controlled_at_node --controlled-at-node 0
Locating Graph: "star_graph_0_n7".
Analysis graph: star_graph_0_n7 | program: graph_coloring | Simulation Type: controlled_at_node, Args: [0] | No. of Simulations: 500000 | Scheduler: 0 | Mutual Exclusion: False | Fault Interval: 1
Total configs: 448.
Simulation environment: No. of Simulations: 500000 | Scheduler: CENTRAL | ME: False
Time taken: 3.4567s, Running simulation round: 50000
Time taken: 3.4516s, Running simulation round: 100000
Time taken: 3.4665s, Running simulation round: 150000
Time taken: 3.4294s, Running simulation round: 200000
Time taken: 3.4325s, Running simulation round: 250000
Time taken: 3.4123s, Running simulation round: 300000
Time taken: 3.4324s, Running simulation round: 350000
Time taken: 3.4318s, Running simulation round: 400000
Time taken: 3.4476s, Running simulation round: 450000
Time taken: 3.4107s, Running simulation round: 500000

Saving result at results/coloring/star_graph_0_n7__0__controlled_at_node_args_0__500000__False__1.csv
+ python simulate.py --program graph_coloring --sched 0 --no-sim 500000 --fault-interval 1 --graph-names star_graph_0_n7 --fault-prob 1.0 --simulation-type controlled_at_node --controlled-at-node 2
Locating Graph: "star_graph_0_n7".
Analysis graph: star_graph_0_n7 | program: graph_coloring | Simulation Type: controlled_at_node, Args: [2] | No. of Simulations: 500000 | Scheduler: 0 | Mutual Exclusion: False | Fault Interval: 1
Total configs: 448.
Simulation environment: No. of Simulations: 500000 | Scheduler: CENTRAL | ME: False
Time taken: 65.4489s, Running simulation round: 50000
Time taken: 65.9191s, Running simulation round: 100000
Time taken: 65.6414s, Running simulation round: 150000
Time taken: 65.3407s, Running simulation round: 200000
Time taken: 64.7044s, Running simulation round: 250000
Time taken: 64.8364s, Running simulation round: 300000
Time taken: 64.9872s, Running simulation round: 350000
Time taken: 65.1144s, Running simulation round: 400000
Time taken: 65.1722s, Running simulation round: 450000
Time taken: 66.2872s, Running simulation round: 500000

Saving result at results/coloring/star_graph_0_n7__0__controlled_at_node_args_2__500000__False__1.csv
+ python simulate.py --program graph_coloring --sched 0 --no-sim 500000 --fault-interval 1 --graph-names star_graph_0_n7 --fault-prob 1.0 --simulation-type controlled_at_node --controlled-at-node 5
Locating Graph: "star_graph_0_n7".
Analysis graph: star_graph_0_n7 | program: graph_coloring | Simulation Type: controlled_at_node, Args: [5] | No. of Simulations: 500000 | Scheduler: 0 | Mutual Exclusion: False | Fault Interval: 1
Total configs: 448.
Simulation environment: No. of Simulations: 500000 | Scheduler: CENTRAL | ME: False
Time taken: 63.9716s, Running simulation round: 50000
Time taken: 63.7565s, Running simulation round: 100000
Time taken: 63.6693s, Running simulation round: 150000
Time taken: 63.0663s, Running simulation round: 200000
Time taken: 62.9963s, Running simulation round: 250000
Time taken: 63.4629s, Running simulation round: 300000
Time taken: 63.3532s, Running simulation round: 350000
Time taken: 63.2025s, Running simulation round: 400000
Time taken: 63.0111s, Running simulation round: 450000
Time taken: 62.6543s, Running simulation round: 500000

Saving result at results/coloring/star_graph_0_n7__0__controlled_at_node_args_5__500000__False__1.csv
