+ cd gnn
+ python cvf_analysis.py --model lstm_trained_at_2025_06_27_17_35 --program maximal_matching --graph-names star_graph_n4
Using device: cuda.
Starting for star_graph_n4.
Total configs: 512.
Done ML CVF Analysis!
Complete for star_graph_n4.

=== Runtime Report ===
get_model: 0.096512s
get_dataset: 0.000178s
__getitem__: 0.350590s
get_perturbed_states: 0.000190s
get_rank: 0.162631s
group_data: 0.000159s
aggregation_n_save: 0.002868s
ml_cvf_analysis: 0.695782s
get_fa_results: 0.005245s
main: 0.701081s
=== End Report ===


+ python cvf_analysis.py --model lstm_trained_at_2025_06_27_17_35 --program maximal_matching --graph-names star_graph_n5
Using device: cuda.
Starting for star_graph_n5.
Total configs: 2,560.
Done ML CVF Analysis!
Complete for star_graph_n5.

=== Runtime Report ===
get_model: 0.095096s
get_dataset: 0.000172s
__getitem__: 1.968484s
get_perturbed_states: 0.000979s
get_rank: 0.576646s
group_data: 0.000149s
aggregation_n_save: 0.003287s
ml_cvf_analysis: 3.058010s
get_fa_results: 0.005749s
main: 3.063813s
=== End Report ===


+ python cvf_analysis.py --model lstm_trained_at_2025_06_27_17_35 --program maximal_matching --graph-names star_graph_n6
Using device: cuda.
Starting for star_graph_n6.
Total configs: 12,288.
Done ML CVF Analysis!
Complete for star_graph_n6.

=== Runtime Report ===
get_model: 0.084521s
get_dataset: 0.000184s
__getitem__: 11.293333s
get_perturbed_states: 0.004343s
get_rank: 2.592302s
group_data: 0.000156s
aggregation_n_save: 0.006824s
ml_cvf_analysis: 16.109239s
get_fa_results: 0.006142s
main: 16.115478s
=== End Report ===


+ python cvf_analysis.py --model lstm_trained_at_2025_06_27_17_35 --program maximal_matching --graph-names star_graph_n7
Using device: cuda.
Starting for star_graph_n7.
Total configs: 57,344.
Done ML CVF Analysis!
Complete for star_graph_n7.

=== Runtime Report ===
get_model: 0.084066s
get_dataset: 0.000183s
__getitem__: 63.198317s
get_perturbed_states: 0.021314s
get_rank: 12.128687s
group_data: 0.000215s
aggregation_n_save: 0.021625s
ml_cvf_analysis: 86.058892s
get_fa_results: 0.006807s
main: 86.065771s
=== End Report ===


+ python cvf_analysis.py --model lstm_trained_at_2025_06_27_17_35 --program maximal_matching --graph-names star_graph_n8
Using device: cuda.
Starting for star_graph_n8.
Total configs: 262,144.
Done ML CVF Analysis!
Complete for star_graph_n8.

=== Runtime Report ===
get_model: 0.087097s
get_dataset: 0.000226s
__getitem__: 350.432181s
get_perturbed_states: 0.102155s
get_rank: 57.362669s
group_data: 0.000275s
aggregation_n_save: 0.100570s
ml_cvf_analysis: 459.431875s
get_fa_results: 0.006578s
main: 459.438520s
=== End Report ===


