+ cd simulations
+ PROGRAM=dijkstra_token_ring
+ GRAPH=implicit_graph_n10
+ NO_SIMS=100000
+ LIMIT_STEPS=100
+ FAULT_INTERVALS=(2 3 4 5)
+ SIMULATION_TYPE=controlled_at_node_amit_v2
+ for FI in "${FAULT_INTERVALS[@]}"
+ python simulate.py --program dijkstra_token_ring --sched 0 --no-sim 100000 --fault-interval 2 --graph-names implicit_graph_n10 --fault-prob 1.0 --simulation-type controlled_at_node_amit_v2 --controlled-at-node 0 --limit-steps 100
Locating Graph: "implicit_graph_n10".
Analysis graph: implicit_graph_n10 | program: dijkstra_token_ring | Simulation Type: controlled_at_node_amit_v2, Args: [0] | No. of Simulations: 100000 | Scheduler: 0 | Mutual Exclusion: False | Fault Interval: 2
Total configs: 59,049.
Simulation environment: No. of Simulations: 100000 | Scheduler: CENTRAL | ME: False
Time taken: 39.5616s, Running simulation round: 50000
Time taken: 39.7613s, Running simulation round: 100000

Saving result at results/dijkstra_token_ring/implicit_graph_n10__0__controlled_at_node_amit_v2_args_0__100000__False__2__limits_100.csv
+ python simulate.py --program dijkstra_token_ring --sched 0 --no-sim 100000 --fault-interval 2 --graph-names implicit_graph_n10 --fault-prob 1.0 --simulation-type controlled_at_node_amit_v2 --controlled-at-node 1 --limit-steps 100
Locating Graph: "implicit_graph_n10".
Analysis graph: implicit_graph_n10 | program: dijkstra_token_ring | Simulation Type: controlled_at_node_amit_v2, Args: [1] | No. of Simulations: 100000 | Scheduler: 0 | Mutual Exclusion: False | Fault Interval: 2
Total configs: 59,049.
Simulation environment: No. of Simulations: 100000 | Scheduler: CENTRAL | ME: False
Time taken: 45.7436s, Running simulation round: 50000
Time taken: 46.1322s, Running simulation round: 100000

Saving result at results/dijkstra_token_ring/implicit_graph_n10__0__controlled_at_node_amit_v2_args_1__100000__False__2__limits_100.csv
+ python simulate.py --program dijkstra_token_ring --sched 0 --no-sim 100000 --fault-interval 2 --graph-names implicit_graph_n10 --fault-prob 1.0 --simulation-type controlled_at_node_amit_v2 --controlled-at-node 9 --limit-steps 100
Locating Graph: "implicit_graph_n10".
Analysis graph: implicit_graph_n10 | program: dijkstra_token_ring | Simulation Type: controlled_at_node_amit_v2, Args: [9] | No. of Simulations: 100000 | Scheduler: 0 | Mutual Exclusion: False | Fault Interval: 2
Total configs: 59,049.
Simulation environment: No. of Simulations: 100000 | Scheduler: CENTRAL | ME: False
Time taken: 33.1542s, Running simulation round: 50000
Time taken: 32.9829s, Running simulation round: 100000

Saving result at results/dijkstra_token_ring/implicit_graph_n10__0__controlled_at_node_amit_v2_args_9__100000__False__2__limits_100.csv
+ for FI in "${FAULT_INTERVALS[@]}"
+ python simulate.py --program dijkstra_token_ring --sched 0 --no-sim 100000 --fault-interval 3 --graph-names implicit_graph_n10 --fault-prob 1.0 --simulation-type controlled_at_node_amit_v2 --controlled-at-node 0 --limit-steps 100
Locating Graph: "implicit_graph_n10".
Analysis graph: implicit_graph_n10 | program: dijkstra_token_ring | Simulation Type: controlled_at_node_amit_v2, Args: [0] | No. of Simulations: 100000 | Scheduler: 0 | Mutual Exclusion: False | Fault Interval: 3
Total configs: 59,049.
Simulation environment: No. of Simulations: 100000 | Scheduler: CENTRAL | ME: False
Time taken: 22.9759s, Running simulation round: 50000
Time taken: 22.913s, Running simulation round: 100000

Saving result at results/dijkstra_token_ring/implicit_graph_n10__0__controlled_at_node_amit_v2_args_0__100000__False__3__limits_100.csv
+ python simulate.py --program dijkstra_token_ring --sched 0 --no-sim 100000 --fault-interval 3 --graph-names implicit_graph_n10 --fault-prob 1.0 --simulation-type controlled_at_node_amit_v2 --controlled-at-node 1 --limit-steps 100
Locating Graph: "implicit_graph_n10".
Analysis graph: implicit_graph_n10 | program: dijkstra_token_ring | Simulation Type: controlled_at_node_amit_v2, Args: [1] | No. of Simulations: 100000 | Scheduler: 0 | Mutual Exclusion: False | Fault Interval: 3
Total configs: 59,049.
Simulation environment: No. of Simulations: 100000 | Scheduler: CENTRAL | ME: False
Time taken: 25.1909s, Running simulation round: 50000
Time taken: 25.1876s, Running simulation round: 100000

Saving result at results/dijkstra_token_ring/implicit_graph_n10__0__controlled_at_node_amit_v2_args_1__100000__False__3__limits_100.csv
+ python simulate.py --program dijkstra_token_ring --sched 0 --no-sim 100000 --fault-interval 3 --graph-names implicit_graph_n10 --fault-prob 1.0 --simulation-type controlled_at_node_amit_v2 --controlled-at-node 9 --limit-steps 100
Locating Graph: "implicit_graph_n10".
Analysis graph: implicit_graph_n10 | program: dijkstra_token_ring | Simulation Type: controlled_at_node_amit_v2, Args: [9] | No. of Simulations: 100000 | Scheduler: 0 | Mutual Exclusion: False | Fault Interval: 3
Total configs: 59,049.
Simulation environment: No. of Simulations: 100000 | Scheduler: CENTRAL | ME: False
Time taken: 18.2535s, Running simulation round: 50000
Time taken: 18.2552s, Running simulation round: 100000

Saving result at results/dijkstra_token_ring/implicit_graph_n10__0__controlled_at_node_amit_v2_args_9__100000__False__3__limits_100.csv
+ for FI in "${FAULT_INTERVALS[@]}"
+ python simulate.py --program dijkstra_token_ring --sched 0 --no-sim 100000 --fault-interval 4 --graph-names implicit_graph_n10 --fault-prob 1.0 --simulation-type controlled_at_node_amit_v2 --controlled-at-node 0 --limit-steps 100
Locating Graph: "implicit_graph_n10".
Analysis graph: implicit_graph_n10 | program: dijkstra_token_ring | Simulation Type: controlled_at_node_amit_v2, Args: [0] | No. of Simulations: 100000 | Scheduler: 0 | Mutual Exclusion: False | Fault Interval: 4
Total configs: 59,049.
Simulation environment: No. of Simulations: 100000 | Scheduler: CENTRAL | ME: False
Time taken: 16.5857s, Running simulation round: 50000
Time taken: 16.5852s, Running simulation round: 100000

Saving result at results/dijkstra_token_ring/implicit_graph_n10__0__controlled_at_node_amit_v2_args_0__100000__False__4__limits_100.csv
+ python simulate.py --program dijkstra_token_ring --sched 0 --no-sim 100000 --fault-interval 4 --graph-names implicit_graph_n10 --fault-prob 1.0 --simulation-type controlled_at_node_amit_v2 --controlled-at-node 1 --limit-steps 100
Locating Graph: "implicit_graph_n10".
Analysis graph: implicit_graph_n10 | program: dijkstra_token_ring | Simulation Type: controlled_at_node_amit_v2, Args: [1] | No. of Simulations: 100000 | Scheduler: 0 | Mutual Exclusion: False | Fault Interval: 4
Total configs: 59,049.
Simulation environment: No. of Simulations: 100000 | Scheduler: CENTRAL | ME: False
Time taken: 16.8724s, Running simulation round: 50000
Time taken: 16.9884s, Running simulation round: 100000

Saving result at results/dijkstra_token_ring/implicit_graph_n10__0__controlled_at_node_amit_v2_args_1__100000__False__4__limits_100.csv
+ python simulate.py --program dijkstra_token_ring --sched 0 --no-sim 100000 --fault-interval 4 --graph-names implicit_graph_n10 --fault-prob 1.0 --simulation-type controlled_at_node_amit_v2 --controlled-at-node 9 --limit-steps 100
Locating Graph: "implicit_graph_n10".
Analysis graph: implicit_graph_n10 | program: dijkstra_token_ring | Simulation Type: controlled_at_node_amit_v2, Args: [9] | No. of Simulations: 100000 | Scheduler: 0 | Mutual Exclusion: False | Fault Interval: 4
Total configs: 59,049.
Simulation environment: No. of Simulations: 100000 | Scheduler: CENTRAL | ME: False
Time taken: 12.649s, Running simulation round: 50000
Time taken: 12.5637s, Running simulation round: 100000

Saving result at results/dijkstra_token_ring/implicit_graph_n10__0__controlled_at_node_amit_v2_args_9__100000__False__4__limits_100.csv
+ for FI in "${FAULT_INTERVALS[@]}"
+ python simulate.py --program dijkstra_token_ring --sched 0 --no-sim 100000 --fault-interval 5 --graph-names implicit_graph_n10 --fault-prob 1.0 --simulation-type controlled_at_node_amit_v2 --controlled-at-node 0 --limit-steps 100
Locating Graph: "implicit_graph_n10".
Analysis graph: implicit_graph_n10 | program: dijkstra_token_ring | Simulation Type: controlled_at_node_amit_v2, Args: [0] | No. of Simulations: 100000 | Scheduler: 0 | Mutual Exclusion: False | Fault Interval: 5
Total configs: 59,049.
Simulation environment: No. of Simulations: 100000 | Scheduler: CENTRAL | ME: False
Time taken: 13.1121s, Running simulation round: 50000
Time taken: 13.1914s, Running simulation round: 100000

Saving result at results/dijkstra_token_ring/implicit_graph_n10__0__controlled_at_node_amit_v2_args_0__100000__False__5__limits_100.csv
+ python simulate.py --program dijkstra_token_ring --sched 0 --no-sim 100000 --fault-interval 5 --graph-names implicit_graph_n10 --fault-prob 1.0 --simulation-type controlled_at_node_amit_v2 --controlled-at-node 1 --limit-steps 100
Locating Graph: "implicit_graph_n10".
Analysis graph: implicit_graph_n10 | program: dijkstra_token_ring | Simulation Type: controlled_at_node_amit_v2, Args: [1] | No. of Simulations: 100000 | Scheduler: 0 | Mutual Exclusion: False | Fault Interval: 5
Total configs: 59,049.
Simulation environment: No. of Simulations: 100000 | Scheduler: CENTRAL | ME: False
Time taken: 12.3018s, Running simulation round: 50000
Time taken: 12.4222s, Running simulation round: 100000

Saving result at results/dijkstra_token_ring/implicit_graph_n10__0__controlled_at_node_amit_v2_args_1__100000__False__5__limits_100.csv
+ python simulate.py --program dijkstra_token_ring --sched 0 --no-sim 100000 --fault-interval 5 --graph-names implicit_graph_n10 --fault-prob 1.0 --simulation-type controlled_at_node_amit_v2 --controlled-at-node 9 --limit-steps 100
Locating Graph: "implicit_graph_n10".
Analysis graph: implicit_graph_n10 | program: dijkstra_token_ring | Simulation Type: controlled_at_node_amit_v2, Args: [9] | No. of Simulations: 100000 | Scheduler: 0 | Mutual Exclusion: False | Fault Interval: 5
Total configs: 59,049.
Simulation environment: No. of Simulations: 100000 | Scheduler: CENTRAL | ME: False
Time taken: 9.8095s, Running simulation round: 50000
Time taken: 9.8943s, Running simulation round: 100000

Saving result at results/dijkstra_token_ring/implicit_graph_n10__0__controlled_at_node_amit_v2_args_9__100000__False__5__limits_100.csv
