+ cd simulations
+ PROGRAM=dijkstra_token_ring
+ GRAPH=graph_10
+ GRAPH=implicit_graph_n4
+ NO_SIMS=100000
+ FAULT_INTERVAL=1
+ LIMIT_STEPS=1000
+ SIMULATION_TYPES=("controlled_at_node_amit_v2")
+ for simType in "${SIMULATION_TYPES[@]}"
+ python simulate.py --program dijkstra_token_ring --sched 0 --no-sim 100000 --fault-interval 1 --graph-names implicit_graph_n4 --fault-prob 1.0 --simulation-type controlled_at_node_amit_v2 --controlled-at-node 0 --limit-steps 1000
Locating Graph: "implicit_graph_n4".
Analysis graph: implicit_graph_n4 | program: dijkstra_token_ring | Simulation Type: controlled_at_node_amit_v2, Args: [0] | No. of Simulations: 100000 | Scheduler: 0 | Mutual Exclusion: False | Fault Interval: 1
Total configs: 81.
Simulation environment: No. of Simulations: 100000 | Scheduler: CENTRAL | ME: False
Time taken: 570.1578s, Running simulation round: 50000
Time taken: 569.2475s, Running simulation round: 100000

Saving result at results/dijkstra_token_ring/implicit_graph_n4__0__controlled_at_node_amit_v2_args_0__100000__False__1__limits_1000.csv
+ python simulate.py --program dijkstra_token_ring --sched 0 --no-sim 100000 --fault-interval 1 --graph-names implicit_graph_n4 --fault-prob 1.0 --simulation-type controlled_at_node_amit_v2 --controlled-at-node 1 --limit-steps 1000
Locating Graph: "implicit_graph_n4".
Analysis graph: implicit_graph_n4 | program: dijkstra_token_ring | Simulation Type: controlled_at_node_amit_v2, Args: [1] | No. of Simulations: 100000 | Scheduler: 0 | Mutual Exclusion: False | Fault Interval: 1
Total configs: 81.
Simulation environment: No. of Simulations: 100000 | Scheduler: CENTRAL | ME: False
Time taken: 551.5946s, Running simulation round: 50000
Time taken: 552.6181s, Running simulation round: 100000

Saving result at results/dijkstra_token_ring/implicit_graph_n4__0__controlled_at_node_amit_v2_args_1__100000__False__1__limits_1000.csv
+ python simulate.py --program dijkstra_token_ring --sched 0 --no-sim 100000 --fault-interval 1 --graph-names implicit_graph_n4 --fault-prob 1.0 --simulation-type controlled_at_node_amit_v2 --controlled-at-node 2 --limit-steps 1000
Locating Graph: "implicit_graph_n4".
Analysis graph: implicit_graph_n4 | program: dijkstra_token_ring | Simulation Type: controlled_at_node_amit_v2, Args: [2] | No. of Simulations: 100000 | Scheduler: 0 | Mutual Exclusion: False | Fault Interval: 1
Total configs: 81.
Simulation environment: No. of Simulations: 100000 | Scheduler: CENTRAL | ME: False
Time taken: 553.7684s, Running simulation round: 50000
Time taken: 545.2089s, Running simulation round: 100000

Saving result at results/dijkstra_token_ring/implicit_graph_n4__0__controlled_at_node_amit_v2_args_2__100000__False__1__limits_1000.csv
+ python simulate.py --program dijkstra_token_ring --sched 0 --no-sim 100000 --fault-interval 1 --graph-names implicit_graph_n4 --fault-prob 1.0 --simulation-type controlled_at_node_amit_v2 --controlled-at-node 3 --limit-steps 1000
Locating Graph: "implicit_graph_n4".
Analysis graph: implicit_graph_n4 | program: dijkstra_token_ring | Simulation Type: controlled_at_node_amit_v2, Args: [3] | No. of Simulations: 100000 | Scheduler: 0 | Mutual Exclusion: False | Fault Interval: 1
Total configs: 81.
Simulation environment: No. of Simulations: 100000 | Scheduler: CENTRAL | ME: False
Time taken: 1135.7537s, Running simulation round: 50000
Time taken: 1138.9588s, Running simulation round: 100000

Saving result at results/dijkstra_token_ring/implicit_graph_n4__0__controlled_at_node_amit_v2_args_3__100000__False__1__limits_1000.csv
