+ cd gnn
+ python cvf_analysis.py --model lstm_trained_at_2025_06_25_17_10 --program maximal_matching --graph-names graph_powerlaw_cluster_graph_n6
Starting for graph_powerlaw_cluster_graph_n6.
Total configs: 196,608.
Done ML CVF Analysis!
Complete for graph_powerlaw_cluster_graph_n6.

=== Runtime Report ===
get_model: 0.084085s
get_dataset: 0.000239s
__getitem__: 311.128014s
get_perturbed_states: 0.073048s
get_rank: 38.929672s
group_data: 0.000252s
aggregation_n_save: 0.072145s
ml_cvf_analysis: 386.593825s
get_fa_results: 0.006062s
=== End Report ===


+ python cvf_analysis.py --model lstm_trained_at_2025_06_25_17_10 --program maximal_matching --graph-names graph_random_regular_graph_n6_d3
Starting for graph_random_regular_graph_n6_d3.
Total configs: 262,144.
Done ML CVF Analysis!
Complete for graph_random_regular_graph_n6_d3.

=== Runtime Report ===
get_model: 0.072304s
get_dataset: 0.000223s
__getitem__: 444.428968s
get_perturbed_states: 0.101122s
get_rank: 53.706716s
group_data: 0.000238s
aggregation_n_save: 0.098459s
ml_cvf_analysis: 547.753058s
get_fa_results: 0.006511s
=== End Report ===


