+ cd gnn
+ python cvf_analysis.py --model lstm_trained_at_2025_06_27_13_36 --program maximal_matching --graph-names star_graph_n4
Using device: cuda.
Starting for star_graph_n4.
Total configs: 512.
Done ML CVF Analysis!
Complete for star_graph_n4.

=== Runtime Report ===
get_model: 0.092857s
get_dataset: 0.000165s
__getitem__: 0.349338s
get_perturbed_states: 0.000196s
get_rank: 0.160657s
group_data: 0.000175s
aggregation_n_save: 0.002841s
ml_cvf_analysis: 0.688303s
get_fa_results: 0.005184s
main: 0.693542s
=== End Report ===


+ python cvf_analysis.py --model lstm_trained_at_2025_06_27_13_36 --program maximal_matching --graph-names star_graph_n5
Using device: cuda.
Starting for star_graph_n5.
Total configs: 2,560.
Done ML CVF Analysis!
Complete for star_graph_n5.

=== Runtime Report ===
get_model: 0.097671s
get_dataset: 0.000174s
__getitem__: 1.898199s
get_perturbed_states: 0.000919s
get_rank: 0.564865s
group_data: 0.000173s
aggregation_n_save: 0.003265s
ml_cvf_analysis: 2.974200s
get_fa_results: 0.011603s
main: 2.985873s
=== End Report ===


+ python cvf_analysis.py --model lstm_trained_at_2025_06_27_13_36 --program maximal_matching --graph-names star_graph_n6
Using device: cuda.
Starting for star_graph_n6.
Total configs: 12,288.
Done ML CVF Analysis!
Complete for star_graph_n6.

=== Runtime Report ===
get_model: 0.089000s
get_dataset: 0.000193s
__getitem__: 11.287598s
get_perturbed_states: 0.004484s
get_rank: 2.528481s
group_data: 0.000152s
aggregation_n_save: 0.006326s
ml_cvf_analysis: 16.005726s
get_fa_results: 0.009931s
main: 16.015716s
=== End Report ===


+ python cvf_analysis.py --model lstm_trained_at_2025_06_27_13_36 --program maximal_matching --graph-names star_graph_n7
Using device: cuda.
Starting for star_graph_n7.
Total configs: 57,344.
Done ML CVF Analysis!
Complete for star_graph_n7.

=== Runtime Report ===
get_model: 0.097804s
get_dataset: 0.000190s
__getitem__: 63.155409s
get_perturbed_states: 0.021330s
get_rank: 11.939798s
group_data: 0.000209s
aggregation_n_save: 0.021734s
ml_cvf_analysis: 85.696249s
get_fa_results: 0.005601s
main: 85.701953s
=== End Report ===


