+ cd simulations
+ python simulate.py --program graph_coloring --sched 0 --no-sim 100000 --fault-interval 1 --graph-names random_graph_1 --fault-prob 0.25 --simulation-type controlled_at_node --controlled-at-node 0
Locating Graph: "random_graph_1".
Analysis graph: random_graph_1 | program: graph_coloring | Simulation Type: controlled_at_node, Args: [0] | No. of Simulations: 100000 | Scheduler: 0 | Mutual Exclusion: False | Fault Interval: 1
Total configs: 36.
Simulation environment: No. of Simulations: 100000 | Scheduler: CENTRAL | ME: False
Time taken: 1.3274s, Running simulation round: 50000
Time taken: 1.3189s, Running simulation round: 100000

Saving result at results/graph_coloring/random_graph_1__0__controlled_at_node_args_0__100000__False__1.csv
+ python simulate.py --program graph_coloring --sched 0 --no-sim 100000 --fault-interval 1 --graph-names random_graph_1 --fault-prob 0.25 --simulation-type controlled_at_node --controlled-at-node 1
Locating Graph: "random_graph_1".
Analysis graph: random_graph_1 | program: graph_coloring | Simulation Type: controlled_at_node, Args: [1] | No. of Simulations: 100000 | Scheduler: 0 | Mutual Exclusion: False | Fault Interval: 1
Total configs: 36.
Simulation environment: No. of Simulations: 100000 | Scheduler: CENTRAL | ME: False
Time taken: 1.2907s, Running simulation round: 50000
Time taken: 1.2961s, Running simulation round: 100000

Saving result at results/graph_coloring/random_graph_1__0__controlled_at_node_args_1__100000__False__1.csv
+ python simulate.py --program graph_coloring --sched 0 --no-sim 100000 --fault-interval 1 --graph-names random_graph_1 --fault-prob 0.25 --simulation-type controlled_at_node --controlled-at-node 2
Locating Graph: "random_graph_1".
Analysis graph: random_graph_1 | program: graph_coloring | Simulation Type: controlled_at_node, Args: [2] | No. of Simulations: 100000 | Scheduler: 0 | Mutual Exclusion: False | Fault Interval: 1
Total configs: 36.
Simulation environment: No. of Simulations: 100000 | Scheduler: CENTRAL | ME: False
Time taken: 1.3101s, Running simulation round: 50000
Time taken: 1.3113s, Running simulation round: 100000

Saving result at results/graph_coloring/random_graph_1__0__controlled_at_node_args_2__100000__False__1.csv
+ python simulate.py --program graph_coloring --sched 0 --no-sim 100000 --fault-interval 1 --graph-names random_graph_1 --fault-prob 0.25 --simulation-type controlled_at_node --controlled-at-node 3
Locating Graph: "random_graph_1".
Analysis graph: random_graph_1 | program: graph_coloring | Simulation Type: controlled_at_node, Args: [3] | No. of Simulations: 100000 | Scheduler: 0 | Mutual Exclusion: False | Fault Interval: 1
Total configs: 36.
Simulation environment: No. of Simulations: 100000 | Scheduler: CENTRAL | ME: False
Time taken: 1.3341s, Running simulation round: 50000
Time taken: 1.3341s, Running simulation round: 100000

Saving result at results/graph_coloring/random_graph_1__0__controlled_at_node_args_3__100000__False__1.csv
