+ cd simulations
+ PROGRAM=graph_coloring
+ GRAPH=graph_10
+ NO_SIMS=100000
+ LIMIT_STEPS=100
+ FAULT_INTERVALS=(2 3 4 5)
+ SIMULATION_TYPE=controlled_at_node_amit_v2
+ for FI in "${FAULT_INTERVALS[@]}"
+ python simulate.py --program graph_coloring --sched 0 --no-sim 100000 --fault-interval 2 --graph-names graph_10 --fault-prob 1.0 --simulation-type controlled_at_node_amit_v2 --controlled-at-node 0 --limit-steps 100
Locating Graph: "graph_10".
Analysis graph: graph_10 | program: graph_coloring | Simulation Type: controlled_at_node_amit_v2, Args: [0] | No. of Simulations: 100000 | Scheduler: 0 | Mutual Exclusion: False | Fault Interval: 2
Total configs: 32,000.
Simulation environment: No. of Simulations: 100000 | Scheduler: CENTRAL | ME: False
Time taken: 4.3468s, Running simulation round: 50000
Time taken: 4.301s, Running simulation round: 100000

Saving result at results/graph_coloring/graph_10__0__controlled_at_node_amit_v2_args_0__100000__False__2__limits_100.csv
+ python simulate.py --program graph_coloring --sched 0 --no-sim 100000 --fault-interval 2 --graph-names graph_10 --fault-prob 1.0 --simulation-type controlled_at_node_amit_v2 --controlled-at-node 4 --limit-steps 100
Locating Graph: "graph_10".
Analysis graph: graph_10 | program: graph_coloring | Simulation Type: controlled_at_node_amit_v2, Args: [4] | No. of Simulations: 100000 | Scheduler: 0 | Mutual Exclusion: False | Fault Interval: 2
Total configs: 32,000.
Simulation environment: No. of Simulations: 100000 | Scheduler: CENTRAL | ME: False
