+ cd simulations
+ python simulate.py --program graph_coloring --sched 0 --no-sim 500000 --fault-interval 1 --graph-names star_graph_n13 --fault-prob 1.0 --simulation-type random
Locating Graph: "star_graph_n13".
Analysis graph: star_graph_n13 | program: graph_coloring | Simulation Type: random, Args: [] | No. of Simulations: 500000 | Scheduler: 0 | Mutual Exclusion: False | Fault Interval: 1
Total configs: 53,248.
Simulation environment: No. of Simulations: 500000 | Scheduler: CENTRAL | ME: False
Time taken: 35.625s, Running simulation round: 50000
Time taken: 35.5997s, Running simulation round: 100000
Time taken: 35.695s, Running simulation round: 150000
Time taken: 34.4984s, Running simulation round: 200000
Time taken: 34.2325s, Running simulation round: 250000
Time taken: 34.0898s, Running simulation round: 300000
Time taken: 34.1582s, Running simulation round: 350000
Time taken: 33.9633s, Running simulation round: 400000
Time taken: 34.131s, Running simulation round: 450000
Time taken: 34.4381s, Running simulation round: 500000

Saving result at results/coloring/star_graph_n13__0__random_args___500000__False__1.csv
+ python simulate.py --program graph_coloring --sched 0 --no-sim 500000 --fault-interval 1 --graph-names star_graph_n13 --fault-prob 1.0 --simulation-type controlled_at_node_duong --controlled-at-node 0
Locating Graph: "star_graph_n13".
Analysis graph: star_graph_n13 | program: graph_coloring | Simulation Type: controlled_at_node_duong, Args: [0] | No. of Simulations: 500000 | Scheduler: 0 | Mutual Exclusion: False | Fault Interval: 1
Total configs: 53,248.
Simulation environment: No. of Simulations: 500000 | Scheduler: CENTRAL | ME: False
Time taken: 371.1324s, Running simulation round: 50000
Time taken: 372.406s, Running simulation round: 100000
Time taken: 375.6753s, Running simulation round: 150000
Time taken: 380.5804s, Running simulation round: 200000
Time taken: 379.9265s, Running simulation round: 250000
Time taken: 373.1994s, Running simulation round: 300000
