+ cd simulations
+ python simulate.py --program graph_coloring --sched 0 --no-sim 500000 --fault-interval 1 --graph-names graph_7 --fault-prob 1.0 --simulation-type random
Locating Graph: "graph_7".
Analysis graph: graph_7 | program: graph_coloring | Simulation Type: random, Args: [] | No. of Simulations: 500000 | Scheduler: 0 | Mutual Exclusion: False | Fault Interval: 1
Total configs: 11,520.
Simulation environment: No. of Simulations: 500000 | Scheduler: CENTRAL | ME: False
Time taken: 26.7692s, Running simulation round: 50000
Time taken: 27.0336s, Running simulation round: 100000
Time taken: 26.784s, Running simulation round: 150000
Time taken: 25.682s, Running simulation round: 200000
Time taken: 25.026s, Running simulation round: 250000
Time taken: 25.044s, Running simulation round: 300000
Time taken: 24.9431s, Running simulation round: 350000
Time taken: 24.9438s, Running simulation round: 400000
Time taken: 25.1971s, Running simulation round: 450000
Time taken: 26.1136s, Running simulation round: 500000

Saving result at results/coloring/graph_7__0__random_args___500000__False__1.csv
+ python simulate.py --program graph_coloring --sched 0 --no-sim 500000 --fault-interval 1 --graph-names graph_7 --fault-prob 1.0 --simulation-type controlled_at_node --controlled-at-node 0
Locating Graph: "graph_7".
Analysis graph: graph_7 | program: graph_coloring | Simulation Type: controlled_at_node, Args: [0] | No. of Simulations: 500000 | Scheduler: 0 | Mutual Exclusion: False | Fault Interval: 1
Total configs: 11,520.
Simulation environment: No. of Simulations: 500000 | Scheduler: CENTRAL | ME: False
./nohup_commands.sh: line 11: 94081 Killed                  python simulate.py --program graph_coloring --sched 0 --no-sim 500000 --fault-interval 1 --graph-names graph_7 --fault-prob 1.0 --simulation-type controlled_at_node --controlled-at-node 0
