+ cd simulations
+ python simulate.py --program graph_coloring --sched 0 --no-sim 500000 --fault-interval 1 --graph-names graph_7 --fault-prob 1.0 --simulation-type random
Locating Graph: "graph_7".
Analysis graph: graph_7 | program: graph_coloring | Simulation Type: random, Args: [] | No. of Simulations: 500000 | Scheduler: 0 | Mutual Exclusion: False | Fault Interval: 1
Total configs: 11,520.
Simulation environment: No. of Simulations: 500000 | Scheduler: CENTRAL | ME: False
Time taken: 2.9239s, Running simulation round: 50000
Time taken: 2.9205s, Running simulation round: 100000
Time taken: 2.9142s, Running simulation round: 150000
Time taken: 2.8971s, Running simulation round: 200000
Time taken: 2.8801s, Running simulation round: 250000
Time taken: 2.883s, Running simulation round: 300000
Time taken: 2.879s, Running simulation round: 350000
Time taken: 2.8859s, Running simulation round: 400000
Time taken: 2.8856s, Running simulation round: 450000
Time taken: 2.8418s, Running simulation round: 500000

Saving result at results/coloring/graph_7__0__random_args___500000__False__1.csv
+ python simulate.py --program graph_coloring --sched 0 --no-sim 500000 --fault-interval 1 --graph-names graph_7 --fault-prob 1.0 --simulation-type controlled_at_node --controlled-at-node 0
Locating Graph: "graph_7".
Analysis graph: graph_7 | program: graph_coloring | Simulation Type: controlled_at_node, Args: [0] | No. of Simulations: 500000 | Scheduler: 0 | Mutual Exclusion: False | Fault Interval: 1
Total configs: 11,520.
Simulation environment: No. of Simulations: 500000 | Scheduler: CENTRAL | ME: False
Time taken: 2.1253s, Running simulation round: 50000
Time taken: 2.1275s, Running simulation round: 100000
Time taken: 2.1244s, Running simulation round: 150000
Time taken: 2.0842s, Running simulation round: 200000
Time taken: 2.0567s, Running simulation round: 250000
Time taken: 2.0608s, Running simulation round: 300000
Time taken: 2.0606s, Running simulation round: 350000
Time taken: 2.0617s, Running simulation round: 400000
Time taken: 2.0764s, Running simulation round: 450000
Time taken: 2.0544s, Running simulation round: 500000

Saving result at results/coloring/graph_7__0__controlled_at_node_args_0__500000__False__1.csv
+ python simulate.py --program graph_coloring --sched 0 --no-sim 500000 --fault-interval 1 --graph-names graph_7 --fault-prob 1.0 --simulation-type controlled_at_node --controlled-at-node 4
Locating Graph: "graph_7".
Analysis graph: graph_7 | program: graph_coloring | Simulation Type: controlled_at_node, Args: [4] | No. of Simulations: 500000 | Scheduler: 0 | Mutual Exclusion: False | Fault Interval: 1
Total configs: 11,520.
Simulation environment: No. of Simulations: 500000 | Scheduler: CENTRAL | ME: False
Time taken: 2.2363s, Running simulation round: 50000
Time taken: 2.232s, Running simulation round: 100000
Time taken: 2.2303s, Running simulation round: 150000
Time taken: 2.2448s, Running simulation round: 200000
Time taken: 2.2405s, Running simulation round: 250000
Time taken: 2.2439s, Running simulation round: 300000
Time taken: 2.2419s, Running simulation round: 350000
Time taken: 2.2449s, Running simulation round: 400000
Time taken: 2.2555s, Running simulation round: 450000
Time taken: 2.2275s, Running simulation round: 500000

Saving result at results/coloring/graph_7__0__controlled_at_node_args_4__500000__False__1.csv
+ python simulate.py --program graph_coloring --sched 0 --no-sim 500000 --fault-interval 1 --graph-names graph_7 --fault-prob 1.0 --simulation-type controlled_at_node --controlled-at-node 5
Locating Graph: "graph_7".
Analysis graph: graph_7 | program: graph_coloring | Simulation Type: controlled_at_node, Args: [5] | No. of Simulations: 500000 | Scheduler: 0 | Mutual Exclusion: False | Fault Interval: 1
Total configs: 11,520.
Simulation environment: No. of Simulations: 500000 | Scheduler: CENTRAL | ME: False
Time taken: 2.129s, Running simulation round: 50000
Time taken: 2.1302s, Running simulation round: 100000
Time taken: 2.1278s, Running simulation round: 150000
Time taken: 2.0956s, Running simulation round: 200000
Time taken: 2.0752s, Running simulation round: 250000
Time taken: 2.0752s, Running simulation round: 300000
Time taken: 2.0782s, Running simulation round: 350000
Time taken: 2.0781s, Running simulation round: 400000
Time taken: 2.0995s, Running simulation round: 450000
Time taken: 2.0953s, Running simulation round: 500000

Saving result at results/coloring/graph_7__0__controlled_at_node_args_5__500000__False__1.csv
+ python simulate.py --program graph_coloring --sched 0 --no-sim 500000 --fault-interval 1 --graph-names graph_7 --fault-prob 1.0 --simulation-type controlled_at_node --controlled-at-node 9
Locating Graph: "graph_7".
Analysis graph: graph_7 | program: graph_coloring | Simulation Type: controlled_at_node, Args: [9] | No. of Simulations: 500000 | Scheduler: 0 | Mutual Exclusion: False | Fault Interval: 1
Total configs: 11,520.
Simulation environment: No. of Simulations: 500000 | Scheduler: CENTRAL | ME: False
Time taken: 2.2616s, Running simulation round: 50000
Time taken: 2.2668s, Running simulation round: 100000
Time taken: 2.2697s, Running simulation round: 150000
Time taken: 2.2511s, Running simulation round: 200000
Time taken: 2.2324s, Running simulation round: 250000
Time taken: 2.2337s, Running simulation round: 300000
Time taken: 2.2322s, Running simulation round: 350000
Time taken: 2.2286s, Running simulation round: 400000
Time taken: 2.243s, Running simulation round: 450000
Time taken: 2.2133s, Running simulation round: 500000

Saving result at results/coloring/graph_7__0__controlled_at_node_args_9__500000__False__1.csv
