+ cd gnn
+ python cvf_analysis.py --model lstm_trained_at_2025_06_27_12_11 --program maximal_matching --graph-names graph_powerlaw_cluster_graph_n5 graph_powerlaw_cluster_graph_n6
Starting for graph_powerlaw_cluster_graph_n5.
Total configs: 11,520.
Done ML CVF Analysis!
Complete for graph_powerlaw_cluster_graph_n5.

=== Runtime Report ===
get_model: 0.083657s
get_dataset: 0.000201s
__getitem__: 9.963764s
get_perturbed_states: 0.004109s
get_rank: 2.374351s
group_data: 0.000175s
aggregation_n_save: 0.006764s
ml_cvf_analysis: 14.353244s
get_fa_results: 0.006261s
main: 14.359636s
=== End Report ===


Starting for graph_powerlaw_cluster_graph_n6.
Total configs: 196,608.
Done ML CVF Analysis!
Complete for graph_powerlaw_cluster_graph_n6.

=== Runtime Report ===
get_model: 0.084249s
get_dataset: 0.000301s
__getitem__: 244.412395s
get_perturbed_states: 0.076748s
get_rank: 42.354111s
group_data: 0.000352s
aggregation_n_save: 0.079013s
ml_cvf_analysis: 325.457934s
get_fa_results: 0.012596s
main: 325.470710s
=== End Report ===


