+ mpirun --hostfile hosts.txt ./run_mpi.sh cvf_analysis_mpi.py --model lstm_trained_at_2025_06_26_20_32 --program maximal_matching --graph-names graph_random_regular_graph_n8_d4
Hostname: mteverest2 | Rank:  Shell: /usr/bin/zsh
Hostname: mteverest4 | Rank:  Shell: /usr/bin/zsh
Hostname: mteverest1 | Rank:  Shell: /usr/bin/zsh
Hostname: mteverest3 | Rank:  Shell: /usr/bin/zsh
MPI comm size: 4
Node: 2 | Using device: cuda
Starting for graph_random_regular_graph_n8_d4.
Total configs: 100,000,000.
MPI comm size: 4
MPI comm size: 4
Node: 3 | Using device: cuda
Node: 1 | Using device: cuda
Starting for graph_random_regular_graph_n8_d4.
Starting for graph_random_regular_graph_n8_d4.
Total configs: 100,000,000.
MPI comm size: 4
Node: 0 | Using device: cuda
Starting for graph_random_regular_graph_n8_d4.
Total configs: 100,000,000.
Total configs: 100,000,000.
Data indices range: 50,000,000 to 75,000,000.
Data indices range: 25,000,000 to 50,000,000.
Data indices range: 75,000,000 to 100,000,000.
Data indices range: 0 to 25,000,000.
