+ cd simulations
+ python simulate.py --program graph_coloring --sched 0 --no-sim 50000 --fault-interval 1 --graph-names star_graph_n13 --fault-prob 1.0 --simulation-type random
Locating Graph: "star_graph_n13".
Analysis graph: star_graph_n13 | program: graph_coloring | Simulation Type: random, Args: [] | No. of Simulations: 50000 | Scheduler: 0 | Mutual Exclusion: False | Fault Interval: 1
Total configs: 53,248.
Simulation environment: No. of Simulations: 50000 | Scheduler: CENTRAL | ME: False
Time taken: 34.9439s, Running simulation round: 50000

Saving result at results/coloring/star_graph_n13__0__random_args___50000__False__1.csv
+ python simulate.py --program graph_coloring --sched 0 --no-sim 50000 --fault-interval 1 --graph-names star_graph_n13 --fault-prob 1.0 --simulation-type controlled_at_node_duong --controlled-at-node 0
Locating Graph: "star_graph_n13".
Analysis graph: star_graph_n13 | program: graph_coloring | Simulation Type: controlled_at_node_duong, Args: [0] | No. of Simulations: 50000 | Scheduler: 0 | Mutual Exclusion: False | Fault Interval: 1
Total configs: 53,248.
Simulation environment: No. of Simulations: 50000 | Scheduler: CENTRAL | ME: False
Time taken: 361.7079s, Running simulation round: 50000

Saving result at results/coloring/star_graph_n13__0__controlled_at_node_duong_args_0__50000__False__1.csv
+ python simulate.py --program graph_coloring --sched 0 --no-sim 50000 --fault-interval 1 --graph-names star_graph_n13 --fault-prob 1.0 --simulation-type controlled_at_node_duong --controlled-at-node 5
Locating Graph: "star_graph_n13".
Analysis graph: star_graph_n13 | program: graph_coloring | Simulation Type: controlled_at_node_duong, Args: [5] | No. of Simulations: 50000 | Scheduler: 0 | Mutual Exclusion: False | Fault Interval: 1
Total configs: 53,248.
Simulation environment: No. of Simulations: 50000 | Scheduler: CENTRAL | ME: False
Time taken: 46.3777s, Running simulation round: 50000

Saving result at results/coloring/star_graph_n13__0__controlled_at_node_duong_args_5__50000__False__1.csv
+ python simulate.py --program graph_coloring --sched 0 --no-sim 50000 --fault-interval 1 --graph-names star_graph_n13 --fault-prob 1.0 --simulation-type controlled_at_node_duong --controlled-at-node 9
Locating Graph: "star_graph_n13".
Analysis graph: star_graph_n13 | program: graph_coloring | Simulation Type: controlled_at_node_duong, Args: [9] | No. of Simulations: 50000 | Scheduler: 0 | Mutual Exclusion: False | Fault Interval: 1
Total configs: 53,248.
Simulation environment: No. of Simulations: 50000 | Scheduler: CENTRAL | ME: False
Time taken: 46.143s, Running simulation round: 50000

Saving result at results/coloring/star_graph_n13__0__controlled_at_node_duong_args_9__50000__False__1.csv
