+ cd simulations
+ PROGRAM=dijkstra_token_ring
+ GRAPH=implicit_graph_n10
+ NO_SIMS=100000
+ LIMIT_STEPS=1000
+ python simulate.py --program dijkstra_token_ring --sched 0 --no-sim 100000 --fault-interval 1 --graph-names implicit_graph_n10 --fault-prob 1.0 --simulation-type random --limit-steps 1000
Note: NumExpr detected 24 cores but "NUMEXPR_MAX_THREADS" not set, so enforcing safe limit of 8.
NumExpr defaulting to 8 threads.
Locating Graph: "implicit_graph_n10".
Analysis graph: implicit_graph_n10 | program: dijkstra_token_ring | Simulation Type: random, Args: [] | No. of Simulations: 100000 | Scheduler: 0 | Mutual Exclusion: False | Fault Interval: 1
Total configs: 59,049.
Simulation environment: No. of Simulations: 100000 | Scheduler: CENTRAL | ME: False
Time taken: 1053.3828s, Running simulation round: 50000
Time taken: 1051.5474s, Running simulation round: 100000

Saving result at results/dijkstra_token_ring/implicit_graph_n10__0__random_args___100000__False__1.csv
+ python simulate.py --program dijkstra_token_ring --sched 0 --no-sim 100000 --fault-interval 1 --graph-names implicit_graph_n10 --fault-prob 1.0 --simulation-type controlled_at_node_duong --controlled-at-node 0 --limit-steps 1000
Note: NumExpr detected 24 cores but "NUMEXPR_MAX_THREADS" not set, so enforcing safe limit of 8.
NumExpr defaulting to 8 threads.
Locating Graph: "implicit_graph_n10".
Analysis graph: implicit_graph_n10 | program: dijkstra_token_ring | Simulation Type: controlled_at_node_duong, Args: [0] | No. of Simulations: 100000 | Scheduler: 0 | Mutual Exclusion: False | Fault Interval: 1
Total configs: 59,049.
Simulation environment: No. of Simulations: 100000 | Scheduler: CENTRAL | ME: False
Time taken: 1673.717s, Running simulation round: 50000
Time taken: 1664.0696s, Running simulation round: 100000

Saving result at results/dijkstra_token_ring/implicit_graph_n10__0__controlled_at_node_duong_args_0__100000__False__1.csv
+ python simulate.py --program dijkstra_token_ring --sched 0 --no-sim 100000 --fault-interval 1 --graph-names implicit_graph_n10 --fault-prob 1.0 --simulation-type controlled_at_node_duong --controlled-at-node 1 --limit-steps 1000
Note: NumExpr detected 24 cores but "NUMEXPR_MAX_THREADS" not set, so enforcing safe limit of 8.
NumExpr defaulting to 8 threads.
Locating Graph: "implicit_graph_n10".
Analysis graph: implicit_graph_n10 | program: dijkstra_token_ring | Simulation Type: controlled_at_node_duong, Args: [1] | No. of Simulations: 100000 | Scheduler: 0 | Mutual Exclusion: False | Fault Interval: 1
Total configs: 59,049.
Simulation environment: No. of Simulations: 100000 | Scheduler: CENTRAL | ME: False
Time taken: 1653.5769s, Running simulation round: 50000
Time taken: 1669.1049s, Running simulation round: 100000

Saving result at results/dijkstra_token_ring/implicit_graph_n10__0__controlled_at_node_duong_args_1__100000__False__1.csv
+ python simulate.py --program dijkstra_token_ring --sched 0 --no-sim 100000 --fault-interval 1 --graph-names implicit_graph_n10 --fault-prob 1.0 --simulation-type controlled_at_node_duong --controlled-at-node 2 --limit-steps 1000
Note: NumExpr detected 24 cores but "NUMEXPR_MAX_THREADS" not set, so enforcing safe limit of 8.
NumExpr defaulting to 8 threads.
Locating Graph: "implicit_graph_n10".
Analysis graph: implicit_graph_n10 | program: dijkstra_token_ring | Simulation Type: controlled_at_node_duong, Args: [2] | No. of Simulations: 100000 | Scheduler: 0 | Mutual Exclusion: False | Fault Interval: 1
Total configs: 59,049.
Simulation environment: No. of Simulations: 100000 | Scheduler: CENTRAL | ME: False
Time taken: 1680.6044s, Running simulation round: 50000
Time taken: 1683.2877s, Running simulation round: 100000

Saving result at results/dijkstra_token_ring/implicit_graph_n10__0__controlled_at_node_duong_args_2__100000__False__1.csv
+ python simulate.py --program dijkstra_token_ring --sched 0 --no-sim 100000 --fault-interval 1 --graph-names implicit_graph_n10 --fault-prob 1.0 --simulation-type controlled_at_node_duong --controlled-at-node 3 --limit-steps 1000
Note: NumExpr detected 24 cores but "NUMEXPR_MAX_THREADS" not set, so enforcing safe limit of 8.
NumExpr defaulting to 8 threads.
Locating Graph: "implicit_graph_n10".
Analysis graph: implicit_graph_n10 | program: dijkstra_token_ring | Simulation Type: controlled_at_node_duong, Args: [3] | No. of Simulations: 100000 | Scheduler: 0 | Mutual Exclusion: False | Fault Interval: 1
Total configs: 59,049.
Simulation environment: No. of Simulations: 100000 | Scheduler: CENTRAL | ME: False
Time taken: 1661.5574s, Running simulation round: 50000
Time taken: 1683.8983s, Running simulation round: 100000

Saving result at results/dijkstra_token_ring/implicit_graph_n10__0__controlled_at_node_duong_args_3__100000__False__1.csv
+ python simulate.py --program dijkstra_token_ring --sched 0 --no-sim 100000 --fault-interval 1 --graph-names implicit_graph_n10 --fault-prob 1.0 --simulation-type controlled_at_node_duong --controlled-at-node 4 --limit-steps 1000
Note: NumExpr detected 24 cores but "NUMEXPR_MAX_THREADS" not set, so enforcing safe limit of 8.
NumExpr defaulting to 8 threads.
Locating Graph: "implicit_graph_n10".
Analysis graph: implicit_graph_n10 | program: dijkstra_token_ring | Simulation Type: controlled_at_node_duong, Args: [4] | No. of Simulations: 100000 | Scheduler: 0 | Mutual Exclusion: False | Fault Interval: 1
Total configs: 59,049.
Simulation environment: No. of Simulations: 100000 | Scheduler: CENTRAL | ME: False
Killed
