+ cd gnn
+ python cvf_analysis.py --model lstm_trained_at_2025_06_27_13_36 --program maximal_matching --graph-names star_graph_n8
Using device: cpu.
Starting for star_graph_n8.
Total configs: 262,144.
Done ML CVF Analysis!
Complete for star_graph_n8.

=== Runtime Report ===
get_model: 0.084659s
get_dataset: 0.000146s
__getitem__: 387.811952s
get_perturbed_states: 0.125142s
get_rank: 1580.593712s
group_data: 0.000230s
aggregation_n_save: 0.110536s
ml_cvf_analysis: 2014.471374s
get_fa_results: 0.006067s
main: 2014.477508s
=== End Report ===


+ on cvf_analysis.py --model lstm_trained_at_2025_06_27_13_36 --program maximal_matching --graph-names star_graph_n8
./nohup_commands.sh: line 88: on: command not found
