Starting for implicit_graph_n6.
Total configs: 729.
Done ML CVF Analysis!
Complete for implicit_graph_n6.

=== Runtime Report ===
get_model: 0.162828s
get_perturbed_states: 0.000540s
get_rank: 0.436981s
group_data: 0.000177s
ml_cvf_analysis: 2.981124s
get_fa_results: 0.010370s
Starting for implicit_graph_n7.
Total configs: 2,187.
Done ML CVF Analysis!
Complete for implicit_graph_n7.

=== Runtime Report ===
get_model: 0.166488s
get_perturbed_states: 0.001497s
get_rank: 1.042855s
group_data: 0.000170s
ml_cvf_analysis: 9.029300s
get_fa_results: 0.011781s
