Timestamp: 1747260382.544334 | Program: maximal_matching | Training with Graphs: star_graph_n7 | Batch size: 64 | Epochs: 10 | Hidden size: 32 | Num layers: 1.


Train dataset size: 54,476 | Test dataset size: 2,868


Model SimpleLSTM(
  (lstm): GRU(7, 32, batch_first=True)
  (norm): LayerNorm((32,), eps=1e-05, elementwise_affine=True)
  (h2o): Linear(in_features=32, out_features=1, bias=True)
)
Total parameters: 4,033


Traceback (most recent call last):
  File "/home/agaru/research/cvf-python-gnn/gnn/lstm_scratch.py", line 246, in <module>
    main(
  File "/home/agaru/research/cvf-python-gnn/gnn/lstm_scratch.py", line 207, in main
    model.fit(epochs=epochs, dataloader=dataloader)
  File "/home/agaru/research/cvf-python-gnn/gnn/lstm_scratch.py", line 52, in fit
    out = self(x[0])
          ^^^^^^^^^^
  File "/home/agaru/anaconda3/envs/cvf/lib/python3.12/site-packages/torch/nn/modules/module.py", line 1736, in _wrapped_call_impl
    return self._call_impl(*args, **kwargs)
           ^^^^^^^^^^^^^^^^^^^^^^^^^^^^^^^^
  File "/home/agaru/anaconda3/envs/cvf/lib/python3.12/site-packages/torch/nn/modules/module.py", line 1747, in _call_impl
    return forward_call(*args, **kwargs)
           ^^^^^^^^^^^^^^^^^^^^^^^^^^^^^
  File "/home/agaru/research/cvf-python-gnn/gnn/lstm_scratch.py", line 33, in forward
    lstm_out, _ = self.lstm(x)
                  ^^^^^^^^^^^^
  File "/home/agaru/anaconda3/envs/cvf/lib/python3.12/site-packages/torch/nn/modules/module.py", line 1736, in _wrapped_call_impl
    return self._call_impl(*args, **kwargs)
           ^^^^^^^^^^^^^^^^^^^^^^^^^^^^^^^^
  File "/home/agaru/anaconda3/envs/cvf/lib/python3.12/site-packages/torch/nn/modules/module.py", line 1747, in _call_impl
    return forward_call(*args, **kwargs)
           ^^^^^^^^^^^^^^^^^^^^^^^^^^^^^
  File "/home/agaru/anaconda3/envs/cvf/lib/python3.12/site-packages/torch/nn/modules/rnn.py", line 1390, in forward
    self.check_forward_args(input, hx, batch_sizes)
  File "/home/agaru/anaconda3/envs/cvf/lib/python3.12/site-packages/torch/nn/modules/rnn.py", line 361, in check_forward_args
    self.check_input(input, batch_sizes)
  File "/home/agaru/anaconda3/envs/cvf/lib/python3.12/site-packages/torch/nn/modules/rnn.py", line 312, in check_input
    raise RuntimeError(
RuntimeError: input.size(-1) must be equal to input_size. Expected 7, got 3
