Timestamp: 1747287694.240474 | Program: maximal_matching | Training with Graphs: star_graph_n7, graph_powerlaw_cluster_graph_n7, graph_random_regular_graph_n7_d4 | Batch size: 256 | Epochs: 20 | Hidden size: 32 | Num layers: 1.


Train dataset size: 13,243,077, Subset size: 50,000 | Test dataset size: 270,267


Model SimpleLSTM(
  (lstm): GRU(3, 32, batch_first=True)
  (norm): LayerNorm((32,), eps=1e-05, elementwise_affine=True)
  (h2o): Linear(in_features=32, out_features=1, bias=True)
)
Total parameters: 3,649


Training set | Epoch 1 | MSE Loss: 34.187 | Time taken: 41.8469s
Training set | Epoch 2 | MSE Loss: 15.0038 | Time taken: 41.1424s
Training set | Epoch 3 | MSE Loss: 12.2216 | Time taken: 41.1223s
Training set | Epoch 4 | MSE Loss: 11.1462 | Time taken: 41.0912s
Training set | Epoch 5 | MSE Loss: 10.5045 | Time taken: 40.9483s
Training set | Epoch 6 | MSE Loss: 10.0668 | Time taken: 40.848s
Training set | Epoch 7 | MSE Loss: 9.5834 | Time taken: 40.7528s
Training set | Epoch 8 | MSE Loss: 9.2667 | Time taken: 40.4336s
Training set | Epoch 9 | MSE Loss: 9.0226 | Time taken: 38.9027s
Training set | Epoch 10 | MSE Loss: 8.8425 | Time taken: 38.6073s
Training set | Epoch 11 | MSE Loss: 8.5748 | Time taken: 38.7395s
Training set | Epoch 12 | MSE Loss: 8.3522 | Time taken: 38.486s
Training set | Epoch 13 | MSE Loss: 8.1292 | Time taken: 38.424s
Training set | Epoch 14 | MSE Loss: 8.0141 | Time taken: 37.9842s
Training set | Epoch 15 | MSE Loss: 7.8875 | Time taken: 38.0726s
Training set | Epoch 16 | MSE Loss: 7.6329 | Time taken: 38.0531s
Training set | Epoch 17 | MSE Loss: 7.3804 | Time taken: 37.9429s
Training set | Epoch 18 | MSE Loss: 7.2316 | Time taken: 38.2753s
Training set | Epoch 19 | MSE Loss: 7.1025 | Time taken: 38.1681s
Training set | Epoch 20 | MSE Loss: 6.9856 | Time taken: 37.9207s


End Training | Total training time taken 787.7677s


Saving model trained_models/lstm_trained_at_2025_05_14_23_55.pt


Testing model...
Test set | MSE loss: 12.4241 | Total matched: 32,668 out of 270,267 (Accuracy: 12.09%)
