Timestamp: 1747283324.555714 | Program: maximal_matching | Training with Graphs: star_graph_n7, graph_powerlaw_cluster_graph_n7 | Batch size: 1024 | Epochs: 10 | Hidden size: 32 | Num layers: 1.


Train dataset size: 20,000 | Test dataset size: 527,002


Model SimpleLSTM(
  (lstm): GRU(3, 32, batch_first=True)
  (norm): LayerNorm((32,), eps=1e-05, elementwise_affine=True)
  (h2o): Linear(in_features=32, out_features=1, bias=True)
)
Total parameters: 3,649


Training set | Epoch 1 | MSE Loss: 153.3196 | Time taken: 8.5784s
Training set | Epoch 2 | MSE Loss: 51.0674 | Time taken: 8.5045s
Training set | Epoch 3 | MSE Loss: 35.6581 | Time taken: 8.3363s
Training set | Epoch 4 | MSE Loss: 27.5004 | Time taken: 8.489s
Training set | Epoch 5 | MSE Loss: 22.4627 | Time taken: 8.3553s
Training set | Epoch 6 | MSE Loss: 18.4754 | Time taken: 8.4581s
Training set | Epoch 7 | MSE Loss: 15.8062 | Time taken: 8.4002s
Training set | Epoch 8 | MSE Loss: 13.9063 | Time taken: 8.4096s
Training set | Epoch 9 | MSE Loss: 12.3358 | Time taken: 8.4682s
Training set | Epoch 10 | MSE Loss: 11.0742 | Time taken: 8.3617s


End Training | Total training time taken 84.3621s


Saving model trained_models/lstm_trained_at_2025_05_14_22_30.pt


Testing model...
Test set | MSE loss: 14.7397 | Total matched: 52,051 out of 527,002 (Accuracy: 9.88%)
./nohup_commands.sh: line 90: raph-names: command not found
