Timestamp: 1747284487.043767 | Program: maximal_matching | Training with Graphs: star_graph_n7, graph_powerlaw_cluster_graph_n7, graph_random_regular_graph_n7_d4 | Batch size: 256 | Epochs: 25 | Hidden size: 32 | Num layers: 1.


Train dataset size: 3, Subset size: 20000 | Test dataset size: 270,267


Model SimpleLSTM(
  (lstm): GRU(3, 32, batch_first=True)
  (norm): LayerNorm((32,), eps=1e-05, elementwise_affine=True)
  (h2o): Linear(in_features=32, out_features=1, bias=True)
)
Total parameters: 3,649


Training set | Epoch 1 | MSE Loss: 47.3085 | Time taken: 11.5632s
Training set | Epoch 2 | MSE Loss: 17.4904 | Time taken: 11.3286s
Training set | Epoch 3 | MSE Loss: 13.7592 | Time taken: 11.4376s
Training set | Epoch 4 | MSE Loss: 12.934 | Time taken: 11.4781s
Training set | Epoch 5 | MSE Loss: 11.7278 | Time taken: 11.2917s
Training set | Epoch 6 | MSE Loss: 11.3629 | Time taken: 11.3949s
Training set | Epoch 7 | MSE Loss: 10.9946 | Time taken: 11.4229s
Training set | Epoch 8 | MSE Loss: 11.1737 | Time taken: 11.3128s
Training set | Epoch 9 | MSE Loss: 10.8154 | Time taken: 11.5049s
Training set | Epoch 10 | MSE Loss: 10.7312 | Time taken: 11.4487s
Training set | Epoch 11 | MSE Loss: 10.697 | Time taken: 11.3545s
Training set | Epoch 12 | MSE Loss: 10.4596 | Time taken: 11.3817s
Training set | Epoch 13 | MSE Loss: 10.3224 | Time taken: 11.3032s
Training set | Epoch 14 | MSE Loss: 10.479 | Time taken: 11.4777s
Training set | Epoch 15 | MSE Loss: 10.1122 | Time taken: 11.3796s
Training set | Epoch 16 | MSE Loss: 9.8794 | Time taken: 11.335s
Training set | Epoch 17 | MSE Loss: 9.9425 | Time taken: 11.44s
Training set | Epoch 18 | MSE Loss: 10.1085 | Time taken: 11.4489s
Training set | Epoch 19 | MSE Loss: 9.8248 | Time taken: 11.3735s
Training set | Epoch 20 | MSE Loss: 9.8254 | Time taken: 11.4434s
Training set | Epoch 21 | MSE Loss: 9.7805 | Time taken: 11.446s
Training set | Epoch 22 | MSE Loss: 10.1755 | Time taken: 11.3106s
Training set | Epoch 23 | MSE Loss: 9.781 | Time taken: 11.4055s
Training set | Epoch 24 | MSE Loss: 9.8218 | Time taken: 11.4704s
Training set | Epoch 25 | MSE Loss: 9.6724 | Time taken: 11.3634s


End Training | Total training time taken 285.1197s


Saving model trained_models/lstm_trained_at_2025_05_14_22_53.pt


Testing model...
Test set | MSE loss: 14.8851 | Total matched: 28,792 out of 270,267 (Accuracy: 10.65%)
